{"numTotalTestSuites":80,"numPassedTestSuites":80,"numFailedTestSuites":0,"numPendingTestSuites":0,"numTotalTests":302,"numPassedTests":302,"numFailedTests":0,"numPendingTests":0,"numTodoTests":0,"snapshot":{"added":0,"failure":false,"filesAdded":0,"filesRemoved":0,"filesRemovedList":[],"filesUnmatched":0,"filesUpdated":0,"matched":0,"total":0,"unchecked":0,"uncheckedKeysByFile":[],"unmatched":0,"updated":0,"didUpdate":false},"startTime":1777881590697,"success":true,"testResults":[{"assertionResults":[{"ancestorTitles":["onRequest — /assets/*"],"fullName":"onRequest — /assets/* devuelve el asset cuando existe","status":"passed","title":"devuelve el asset cuando existe","duration":5.463800000001356,"failureMessages":[],"meta":{},"tags":[]},{"ancestorTitles":["onRequest — /assets/*"],"fullName":"onRequest — /assets/* devuelve 404 text/plain con Cache-Control: no-store cuando el asset no existe","status":"passed","title":"devuelve 404 text/plain con Cache-Control: no-store cuando el asset no existe","duration":1.336299999999028,"failureMessages":[],"meta":{},"tags":[]},{"ancestorTitles":["onRequest — /assets/*"],"fullName":"onRequest — /assets/* devuelve 404 con no-store para cualquier respuesta non-ok (ej. 500)","status":"passed","title":"devuelve 404 con no-store para cualquier respuesta non-ok (ej. 500)","duration":0.8038000000015018,"failureMessages":[],"meta":{},"tags":[]},{"ancestorTitles":["onRequest — /assets/*"],"fullName":"onRequest — /assets/* nunca hace fallback a index.html para assets faltantes","status":"passed","title":"nunca hace fallback a index.html para assets faltantes","duration":0.5823999999993248,"failureMessages":[],"meta":{},"tags":[]},{"ancestorTitles":["onRequest — SPA routing (rutas no-asset)"],"fullName":"onRequest — SPA routing (rutas no-asset) devuelve el recurso estático cuando existe","status":"passed","title":"devuelve el recurso estático cuando existe","duration":0.9305000000003929,"failureMessages":[],"meta":{},"tags":[]},{"ancestorTitles":["onRequest — SPA routing (rutas no-asset)"],"fullName":"onRequest — SPA routing (rutas no-asset) hace fallback a index.html para rutas SPA desconocidas","status":"passed","title":"hace fallback a index.html para rutas SPA desconocidas","duration":1.4133999999994558,"failureMessages":[],"meta":{},"tags":[]},{"ancestorTitles":["onRequest — /api/*"],"fullName":"onRequest — /api/* delega al Hono worker sin tocar ASSETS","status":"passed","title":"delega al Hono worker sin tocar ASSETS","duration":2.5556999999989785,"failureMessages":[],"meta":{},"tags":[]}],"startTime":1777881602027,"endTime":1777881602040.5557,"status":"passed","message":"","name":"C:/Users/dell/Desktop/PPORGAMACION/proyectos de prueva/Gastro Manager/functions/route.test.ts"},{"assertionResults":[{"ancestorTitles":["checkRateLimit"],"fullName":"checkRateLimit returns true when count is below the limit","status":"passed","title":"returns true when count is below the limit","duration":8.148300000000745,"failureMessages":[],"meta":{},"tags":[]},{"ancestorTitles":["checkRateLimit"],"fullName":"checkRateLimit returns true when count equals the limit (boundary)","status":"passed","title":"returns true when count equals the limit (boundary)","duration":0.781699999999546,"failureMessages":[],"meta":{},"tags":[]},{"ancestorTitles":["checkRateLimit"],"fullName":"checkRateLimit returns false when count exceeds the limit by one","status":"passed","title":"returns false when count exceeds the limit by one","duration":0.568199999999706,"failureMessages":[],"meta":{},"tags":[]},{"ancestorTitles":["checkRateLimit"],"fullName":"checkRateLimit returns true on first attempt (count 1)","status":"passed","title":"returns true on first attempt (count 1)","duration":0.7889999999988504,"failureMessages":[],"meta":{},"tags":[]},{"ancestorTitles":["checkRateLimit"],"fullName":"checkRateLimit returns true when D1 returns null (allows request — fail open)","status":"passed","title":"returns true when D1 returns null (allows request — fail open)","duration":0.8874000000014348,"failureMessages":[],"meta":{},"tags":[]},{"ancestorTitles":["checkRateLimit"],"fullName":"checkRateLimit does not store the raw IP — passes a 64-char hex hash to D1","status":"passed","title":"does not store the raw IP — passes a 64-char hex hash to D1","duration":2.672600000001694,"failureMessages":[],"meta":{},"tags":[]},{"ancestorTitles":["checkRateLimit"],"fullName":"checkRateLimit same IP produces the same hash on repeated calls","status":"passed","title":"same IP produces the same hash on repeated calls","duration":0.849899999999252,"failureMessages":[],"meta":{},"tags":[]},{"ancestorTitles":["checkRateLimit"],"fullName":"checkRateLimit different IPs produce different hashes","status":"passed","title":"different IPs produce different hashes","duration":0.7216000000007625,"failureMessages":[],"meta":{},"tags":[]},{"ancestorTitles":["checkRateLimit"],"fullName":"checkRateLimit window_start is floored to the windowMinutes boundary (no partial minutes)","status":"passed","title":"window_start is floored to the windowMinutes boundary (no partial minutes)","duration":0.5547000000005937,"failureMessages":[],"meta":{},"tags":[]},{"ancestorTitles":["checkRateLimit"],"fullName":"checkRateLimit respects verify-email tighter limits (5 attempts / 60 min)","status":"passed","title":"respects verify-email tighter limits (5 attempts / 60 min)","duration":0.6594000000004598,"failureMessages":[],"meta":{},"tags":[]},{"ancestorTitles":["checkRateLimit"],"fullName":"checkRateLimit passes the endpoint name unchanged to D1","status":"passed","title":"passes the endpoint name unchanged to D1","duration":0.37039999999979045,"failureMessages":[],"meta":{},"tags":[]},{"ancestorTitles":["corsOriginValidator"],"fullName":"corsOriginValidator allows a request from the exact APP_URL","status":"passed","title":"allows a request from the exact APP_URL","duration":0.20160000000032596,"failureMessages":[],"meta":{},"tags":[]},{"ancestorTitles":["corsOriginValidator"],"fullName":"corsOriginValidator rejects a completely different origin","status":"passed","title":"rejects a completely different origin","duration":0.17799999999988358,"failureMessages":[],"meta":{},"tags":[]},{"ancestorTitles":["corsOriginValidator"],"fullName":"corsOriginValidator rejects a subdomain that is not an exact match","status":"passed","title":"rejects a subdomain that is not an exact match","duration":0.1499999999996362,"failureMessages":[],"meta":{},"tags":[]},{"ancestorTitles":["corsOriginValidator"],"fullName":"corsOriginValidator rejects all origins when APP_URL is undefined (no CORS in dev without APP_URL)","status":"passed","title":"rejects all origins when APP_URL is undefined (no CORS in dev without APP_URL)","duration":0.13439999999900465,"failureMessages":[],"meta":{},"tags":[]},{"ancestorTitles":["corsOriginValidator"],"fullName":"corsOriginValidator rejects an empty origin string","status":"passed","title":"rejects an empty origin string","duration":0.14500000000043656,"failureMessages":[],"meta":{},"tags":[]},{"ancestorTitles":["corsOriginValidator"],"fullName":"corsOriginValidator is case-sensitive — http differs from https","status":"passed","title":"is case-sensitive — http differs from https","duration":0.1657999999988533,"failureMessages":[],"meta":{},"tags":[]}],"startTime":1777881601907,"endTime":1777881601926.1658,"status":"passed","message":"","name":"C:/Users/dell/Desktop/PPORGAMACION/proyectos de prueva/Gastro Manager/src/worker/rateLimitAuth.test.ts"},{"assertionResults":[{"ancestorTitles":["createEmployeeSchema"],"fullName":"createEmployeeSchema accepts valid employee data","status":"passed","title":"accepts valid employee data","duration":8.23490000000129,"failureMessages":[],"meta":{},"tags":[]},{"ancestorTitles":["createEmployeeSchema"],"fullName":"createEmployeeSchema rejects invalid email","status":"passed","title":"rejects invalid email","duration":1.5118000000002212,"failureMessages":[],"meta":{},"tags":[]},{"ancestorTitles":["createEmployeeSchema"],"fullName":"createEmployeeSchema rejects hire_date outside the reasonable range","status":"passed","title":"rejects hire_date outside the reasonable range","duration":0.8050999999995838,"failureMessages":[],"meta":{},"tags":[]},{"ancestorTitles":["createEmployeeSchema"],"fullName":"createEmployeeSchema accepts exit info fields for an inactive employee","status":"passed","title":"accepts exit info fields for an inactive employee","duration":0.5877000000000407,"failureMessages":[],"meta":{},"tags":[]},{"ancestorTitles":["createEmployeeSchema"],"fullName":"createEmployeeSchema accepts exit info fields as null","status":"passed","title":"accepts exit info fields as null","duration":2.4544999999998254,"failureMessages":[],"meta":{},"tags":[]},{"ancestorTitles":["createEmployeeSchema"],"fullName":"createEmployeeSchema rejects negative sueldo_pendiente","status":"passed","title":"rejects negative sueldo_pendiente","duration":1.0750000000007276,"failureMessages":[],"meta":{},"tags":[]},{"ancestorTitles":["updateEmployeeSchema"],"fullName":"updateEmployeeSchema accepts a partial employee update","status":"passed","title":"accepts a partial employee update","duration":1.643000000000029,"failureMessages":[],"meta":{},"tags":[]},{"ancestorTitles":["updateEmployeeSchema"],"fullName":"updateEmployeeSchema rejects invalid hire_date on partial updates","status":"passed","title":"rejects invalid hire_date on partial updates","duration":0.6041000000004715,"failureMessages":[],"meta":{},"tags":[]},{"ancestorTitles":["updateEmployeeSchema"],"fullName":"updateEmployeeSchema accepts exit info fields in a partial update","status":"passed","title":"accepts exit info fields in a partial update","duration":0.7903000000005704,"failureMessages":[],"meta":{},"tags":[]},{"ancestorTitles":["updateEmployeeSchema"],"fullName":"updateEmployeeSchema accepts exit info fields as null in a partial update","status":"passed","title":"accepts exit info fields as null in a partial update","duration":0.589799999999741,"failureMessages":[],"meta":{},"tags":[]},{"ancestorTitles":["updateEmployeeSchema"],"fullName":"updateEmployeeSchema rejects negative sueldo_pendiente on partial updates","status":"passed","title":"rejects negative sueldo_pendiente on partial updates","duration":0.5723000000016327,"failureMessages":[],"meta":{},"tags":[]},{"ancestorTitles":["validateData"],"fullName":"validateData returns success with parsed data for valid payloads","status":"passed","title":"returns success with parsed data for valid payloads","duration":2.8922999999995227,"failureMessages":[],"meta":{},"tags":[]},{"ancestorTitles":["validateData"],"fullName":"validateData returns the first zod error message for invalid payloads","status":"passed","title":"returns the first zod error message for invalid payloads","duration":0.9424999999991996,"failureMessages":[],"meta":{},"tags":[]},{"ancestorTitles":["validateData"],"fullName":"validateData falls back to a generic zod message when there are no issues","status":"passed","title":"falls back to a generic zod message when there are no issues","duration":0.5072000000000116,"failureMessages":[],"meta":{},"tags":[]},{"ancestorTitles":["validateData"],"fullName":"validateData returns a generic error when parsing throws a non-zod error","status":"passed","title":"returns a generic error when parsing throws a non-zod error","duration":0.36019999999916763,"failureMessages":[],"meta":{},"tags":[]},{"ancestorTitles":["createJobRoleSchema"],"fullName":"createJobRoleSchema accepts a valid job role name","status":"passed","title":"accepts a valid job role name","duration":0.5396999999993568,"failureMessages":[],"meta":{},"tags":[]},{"ancestorTitles":["createJobRoleSchema"],"fullName":"createJobRoleSchema rejects an empty name","status":"passed","title":"rejects an empty name","duration":0.47190000000045984,"failureMessages":[],"meta":{},"tags":[]},{"ancestorTitles":["createNegocioSchema"],"fullName":"createNegocioSchema accepts a valid negocio name","status":"passed","title":"accepts a valid negocio name","duration":0.5802999999996246,"failureMessages":[],"meta":{},"tags":[]},{"ancestorTitles":["createNegocioSchema"],"fullName":"createNegocioSchema rejects an empty name","status":"passed","title":"rejects an empty name","duration":0.5027000000009139,"failureMessages":[],"meta":{},"tags":[]},{"ancestorTitles":["createTopicSchema"],"fullName":"createTopicSchema accepts a valid topic with due_time","status":"passed","title":"accepts a valid topic with due_time","duration":1.015400000000227,"failureMessages":[],"meta":{},"tags":[]},{"ancestorTitles":["createTopicSchema"],"fullName":"createTopicSchema rejects an empty title","status":"passed","title":"rejects an empty title","duration":0.5357999999996537,"failureMessages":[],"meta":{},"tags":[]},{"ancestorTitles":["createTopicSchema"],"fullName":"createTopicSchema rejects due_time with invalid format (missing leading zero)","status":"passed","title":"rejects due_time with invalid format (missing leading zero)","duration":0.5425999999988562,"failureMessages":[],"meta":{},"tags":[]},{"ancestorTitles":["createTopicSchema"],"fullName":"createTopicSchema rejects due_time with hour out of range","status":"passed","title":"rejects due_time with hour out of range","duration":0.36310000000048603,"failureMessages":[],"meta":{},"tags":[]},{"ancestorTitles":["createTopicSchema"],"fullName":"createTopicSchema rejects due_date outside the reasonable range","status":"passed","title":"rejects due_date outside the reasonable range","duration":0.4863000000004831,"failureMessages":[],"meta":{},"tags":[]},{"ancestorTitles":["updateTopicSchema"],"fullName":"updateTopicSchema accepts a partial update with only is_open","status":"passed","title":"accepts a partial update with only is_open","duration":0.9067999999988388,"failureMessages":[],"meta":{},"tags":[]},{"ancestorTitles":["updateTopicSchema"],"fullName":"updateTopicSchema rejects invalid due_time even in a partial update","status":"passed","title":"rejects invalid due_time even in a partial update","duration":0.48470000000088476,"failureMessages":[],"meta":{},"tags":[]},{"ancestorTitles":["updateTopicSchema"],"fullName":"updateTopicSchema rejects invalid due_date even in a partial update","status":"passed","title":"rejects invalid due_date even in a partial update","duration":0.4768000000003667,"failureMessages":[],"meta":{},"tags":[]},{"ancestorTitles":["createNoteSchema"],"fullName":"createNoteSchema accepts valid note content","status":"passed","title":"accepts valid note content","duration":0.5196999999989202,"failureMessages":[],"meta":{},"tags":[]},{"ancestorTitles":["createNoteSchema"],"fullName":"createNoteSchema rejects empty content","status":"passed","title":"rejects empty content","duration":0.4073000000007596,"failureMessages":[],"meta":{},"tags":[]},{"ancestorTitles":["createNoteSchema"],"fullName":"createNoteSchema rejects content exceeding 1000 characters","status":"passed","title":"rejects content exceeding 1000 characters","duration":0.3909000000003289,"failureMessages":[],"meta":{},"tags":[]},{"ancestorTitles":["updateNoteSchema"],"fullName":"updateNoteSchema accepts valid note content","status":"passed","title":"accepts valid note content","duration":0.5708000000013271,"failureMessages":[],"meta":{},"tags":[]},{"ancestorTitles":["updateNoteSchema"],"fullName":"updateNoteSchema rejects empty content","status":"passed","title":"rejects empty content","duration":0.4588999999996304,"failureMessages":[],"meta":{},"tags":[]},{"ancestorTitles":["createEventSchema"],"fullName":"createEventSchema accepts valid event data with optional times","status":"passed","title":"accepts valid event data with optional times","duration":0.48369999999886204,"failureMessages":[],"meta":{},"tags":[]},{"ancestorTitles":["createEventSchema"],"fullName":"createEventSchema rejects event_date outside the reasonable range","status":"passed","title":"rejects event_date outside the reasonable range","duration":0.5223999999998341,"failureMessages":[],"meta":{},"tags":[]},{"ancestorTitles":["createEventSchema"],"fullName":"createEventSchema rejects invalid start_time format","status":"passed","title":"rejects invalid start_time format","duration":0.5083999999988009,"failureMessages":[],"meta":{},"tags":[]},{"ancestorTitles":["createEventSchema"],"fullName":"createEventSchema rejects invalid end_time format","status":"passed","title":"rejects invalid end_time format","duration":0.537399999999252,"failureMessages":[],"meta":{},"tags":[]},{"ancestorTitles":["updateEventSchema"],"fullName":"updateEventSchema accepts an empty object","status":"passed","title":"accepts an empty object","duration":1.110000000000582,"failureMessages":[],"meta":{},"tags":[]},{"ancestorTitles":["updateEventSchema"],"fullName":"updateEventSchema rejects invalid event_date on partial updates","status":"passed","title":"rejects invalid event_date on partial updates","duration":0.5868000000009488,"failureMessages":[],"meta":{},"tags":[]},{"ancestorTitles":["updateEventSchema"],"fullName":"updateEventSchema rejects invalid start_time on partial updates","status":"passed","title":"rejects invalid start_time on partial updates","duration":0.5185999999994237,"failureMessages":[],"meta":{},"tags":[]},{"ancestorTitles":["updateEventSchema"],"fullName":"updateEventSchema rejects invalid end_time on partial updates","status":"passed","title":"rejects invalid end_time on partial updates","duration":0.5241000000005442,"failureMessages":[],"meta":{},"tags":[]},{"ancestorTitles":["createAdvanceSchema"],"fullName":"createAdvanceSchema accepts a valid advance with amount and date","status":"passed","title":"accepts a valid advance with amount and date","duration":0.9911000000010972,"failureMessages":[],"meta":{},"tags":[]},{"ancestorTitles":["createAdvanceSchema"],"fullName":"createAdvanceSchema rejects amount of 0","status":"passed","title":"rejects amount of 0","duration":0.5591999999996915,"failureMessages":[],"meta":{},"tags":[]},{"ancestorTitles":["createAdvanceSchema"],"fullName":"createAdvanceSchema rejects negative amount","status":"passed","title":"rejects negative amount","duration":0.4175999999988562,"failureMessages":[],"meta":{},"tags":[]},{"ancestorTitles":["createAdvanceSchema"],"fullName":"createAdvanceSchema rejects advance_date outside the reasonable range","status":"passed","title":"rejects advance_date outside the reasonable range","duration":0.45899999999892316,"failureMessages":[],"meta":{},"tags":[]},{"ancestorTitles":["createAdvanceSchema"],"fullName":"createAdvanceSchema rejects period_month outside 1 to 12","status":"passed","title":"rejects period_month outside 1 to 12","duration":0.5343000000011671,"failureMessages":[],"meta":{},"tags":[]},{"ancestorTitles":["createAdvanceSchema"],"fullName":"createAdvanceSchema rejects period_year outside the allowed range","status":"passed","title":"rejects period_year outside the allowed range","duration":0.48509999999987485,"failureMessages":[],"meta":{},"tags":[]},{"ancestorTitles":["markSalaryPaidSchema"],"fullName":"markSalaryPaidSchema accepts an empty object (all fields are optional)","status":"passed","title":"accepts an empty object (all fields are optional)","duration":0.6031000000002678,"failureMessages":[],"meta":{},"tags":[]},{"ancestorTitles":["markSalaryPaidSchema"],"fullName":"markSalaryPaidSchema accepts a valid paid_date","status":"passed","title":"accepts a valid paid_date","duration":0.3730999999988853,"failureMessages":[],"meta":{},"tags":[]},{"ancestorTitles":["markSalaryPaidSchema"],"fullName":"markSalaryPaidSchema rejects an invalid paid_date","status":"passed","title":"rejects an invalid paid_date","duration":0.4624000000003434,"failureMessages":[],"meta":{},"tags":[]},{"ancestorTitles":["createCompraSchema"],"fullName":"createCompraSchema accepts valid compra data","status":"passed","title":"accepts valid compra data","duration":1.2497000000003027,"failureMessages":[],"meta":{},"tags":[]},{"ancestorTitles":["createCompraSchema"],"fullName":"createCompraSchema rejects monto of 0","status":"passed","title":"rejects monto of 0","duration":0.5329000000001543,"failureMessages":[],"meta":{},"tags":[]},{"ancestorTitles":["createCompraSchema"],"fullName":"createCompraSchema rejects an invalid categoria","status":"passed","title":"rejects an invalid categoria","duration":0.6930000000011205,"failureMessages":[],"meta":{},"tags":[]},{"ancestorTitles":["createCompraSchema"],"fullName":"createCompraSchema rejects an invalid tipo","status":"passed","title":"rejects an invalid tipo","duration":0.5115999999998166,"failureMessages":[],"meta":{},"tags":[]},{"ancestorTitles":["createCompraSchema"],"fullName":"createCompraSchema rejects an invalid fecha","status":"passed","title":"rejects an invalid fecha","duration":0.47700000000077125,"failureMessages":[],"meta":{},"tags":[]},{"ancestorTitles":["createCompraSchema"],"fullName":"createCompraSchema rejects comprador_id when it is not positive","status":"passed","title":"rejects comprador_id when it is not positive","duration":0.7261999999991531,"failureMessages":[],"meta":{},"tags":[]},{"ancestorTitles":["updateCompraSchema"],"fullName":"updateCompraSchema accepts an empty object (all fields are optional)","status":"passed","title":"accepts an empty object (all fields are optional)","duration":2.020300000000134,"failureMessages":[],"meta":{},"tags":[]},{"ancestorTitles":["updateCompraSchema"],"fullName":"updateCompraSchema rejects monto of 0 when provided","status":"passed","title":"rejects monto of 0 when provided","duration":0.6578000000008615,"failureMessages":[],"meta":{},"tags":[]},{"ancestorTitles":["createFacturaSchema"],"fullName":"createFacturaSchema accepts valid factura data","status":"passed","title":"accepts valid factura data","duration":1.4501999999993131,"failureMessages":[],"meta":{},"tags":[]},{"ancestorTitles":["createFacturaSchema"],"fullName":"createFacturaSchema rejects monto_total of 0","status":"passed","title":"rejects monto_total of 0","duration":1.5234999999993306,"failureMessages":[],"meta":{},"tags":[]},{"ancestorTitles":["createFacturaSchema"],"fullName":"createFacturaSchema rejects fecha with invalid format (DD/MM/YYYY)","status":"passed","title":"rejects fecha with invalid format (DD/MM/YYYY)","duration":0.6887000000006083,"failureMessages":[],"meta":{},"tags":[]},{"ancestorTitles":["createFacturaSchema"],"fullName":"createFacturaSchema rejects an invalid metodo_pago","status":"passed","title":"rejects an invalid metodo_pago","duration":0.5796999999984109,"failureMessages":[],"meta":{},"tags":[]},{"ancestorTitles":["updateFacturaSchema"],"fullName":"updateFacturaSchema accepts an empty object (all fields are optional)","status":"passed","title":"accepts an empty object (all fields are optional)","duration":1.8945999999996275,"failureMessages":[],"meta":{},"tags":[]},{"ancestorTitles":["updateFacturaSchema"],"fullName":"updateFacturaSchema rejects monto_total of 0 when provided","status":"passed","title":"rejects monto_total of 0 when provided","duration":0.6202000000012049,"failureMessages":[],"meta":{},"tags":[]},{"ancestorTitles":["chatHistoryItemSchema"],"fullName":"chatHistoryItemSchema accepts valid user turn","status":"passed","title":"accepts valid user turn","duration":0.7860000000000582,"failureMessages":[],"meta":{},"tags":[]},{"ancestorTitles":["chatHistoryItemSchema"],"fullName":"chatHistoryItemSchema accepts valid model turn","status":"passed","title":"accepts valid model turn","duration":0.30010000000038417,"failureMessages":[],"meta":{},"tags":[]},{"ancestorTitles":["chatHistoryItemSchema"],"fullName":"chatHistoryItemSchema rejects unknown role","status":"passed","title":"rejects unknown role","duration":0.5151000000005297,"failureMessages":[],"meta":{},"tags":[]},{"ancestorTitles":["chatHistoryItemSchema"],"fullName":"chatHistoryItemSchema rejects empty content","status":"passed","title":"rejects empty content","duration":0.5371000000013737,"failureMessages":[],"meta":{},"tags":[]},{"ancestorTitles":["chatHistoryItemSchema"],"fullName":"chatHistoryItemSchema rejects content exceeding 2000 chars","status":"passed","title":"rejects content exceeding 2000 chars","duration":0.4316999999991822,"failureMessages":[],"meta":{},"tags":[]},{"ancestorTitles":["chatHistoryArraySchema"],"fullName":"chatHistoryArraySchema accepts an empty array","status":"passed","title":"accepts an empty array","duration":0.5614999999997963,"failureMessages":[],"meta":{},"tags":[]},{"ancestorTitles":["chatHistoryArraySchema"],"fullName":"chatHistoryArraySchema accepts valid history","status":"passed","title":"accepts valid history","duration":0.41820000000006985,"failureMessages":[],"meta":{},"tags":[]},{"ancestorTitles":["chatHistoryArraySchema"],"fullName":"chatHistoryArraySchema rejects array with invalid item","status":"passed","title":"rejects array with invalid item","duration":0.5909999999985303,"failureMessages":[],"meta":{},"tags":[]}],"startTime":1777881601583,"endTime":1777881601645.591,"status":"passed","message":"","name":"C:/Users/dell/Desktop/PPORGAMACION/proyectos de prueva/Gastro Manager/src/worker/validation.test.ts"},{"assertionResults":[{"ancestorTitles":["UsageLimitModalProvider"],"fullName":"UsageLimitModalProvider opens the modal when USAGE_LIMIT_EVENT is dispatched and renders the dynamic content","status":"passed","title":"opens the modal when USAGE_LIMIT_EVENT is dispatched and renders the dynamic content","duration":186.84050000000025,"failureMessages":[],"meta":{},"tags":[]},{"ancestorTitles":["UsageLimitModalProvider"],"fullName":"UsageLimitModalProvider closes the modal when Escape is pressed and restores body overflow","status":"passed","title":"closes the modal when Escape is pressed and restores body overflow","duration":94.72320000000036,"failureMessages":[],"meta":{},"tags":[]},{"ancestorTitles":["UsageLimitModalProvider"],"fullName":"UsageLimitModalProvider closes the modal when the backdrop is clicked","status":"passed","title":"closes the modal when the backdrop is clicked","duration":109.60770000000048,"failureMessages":[],"meta":{},"tags":[]}],"startTime":1777881599503,"endTime":1777881599894.6077,"status":"passed","message":"","name":"C:/Users/dell/Desktop/PPORGAMACION/proyectos de prueva/Gastro Manager/src/react-app/context/UsageLimitModalContext.test.tsx"},{"assertionResults":[{"ancestorTitles":["ErrorBoundary"],"fullName":"ErrorBoundary renders children when there is no error","status":"passed","title":"renders children when there is no error","duration":52.181900000001406,"failureMessages":[],"meta":{},"tags":[]},{"ancestorTitles":["ErrorBoundary"],"fullName":"ErrorBoundary shows default error UI when a child throws","status":"passed","title":"shows default error UI when a child throws","duration":54.828599999998914,"failureMessages":[],"meta":{},"tags":[]},{"ancestorTitles":["ErrorBoundary"],"fullName":"ErrorBoundary uses the fallback prop instead of the default UI","status":"passed","title":"uses the fallback prop instead of the default UI","duration":5.131100000000515,"failureMessages":[],"meta":{},"tags":[]},{"ancestorTitles":["ErrorBoundary"],"fullName":"ErrorBoundary restores children after clicking Intentar de nuevo","status":"passed","title":"restores children after clicking Intentar de nuevo","duration":110.35660000000098,"failureMessages":[],"meta":{},"tags":[]},{"ancestorTitles":["PageErrorBoundary"],"fullName":"PageErrorBoundary shows its own fallback when a child throws","status":"passed","title":"shows its own fallback when a child throws","duration":9.661299999999756,"failureMessages":[],"meta":{},"tags":[]}],"startTime":1777881599734,"endTime":1777881599967.6614,"status":"passed","message":"","name":"C:/Users/dell/Desktop/PPORGAMACION/proyectos de prueva/Gastro Manager/src/react-app/components/ErrorBoundary.test.tsx"},{"assertionResults":[{"ancestorTitles":["UsageBanner"],"fullName":"UsageBanner does not render when usage is undefined","status":"passed","title":"does not render when usage is undefined","duration":21.76090000000113,"failureMessages":[],"meta":{},"tags":[]},{"ancestorTitles":["UsageBanner"],"fullName":"UsageBanner does not render when usage is below 80 percent","status":"passed","title":"does not render when usage is below 80 percent","duration":2.335000000000946,"failureMessages":[],"meta":{},"tags":[]},{"ancestorTitles":["UsageBanner"],"fullName":"UsageBanner renders warning state near the monthly limit","status":"passed","title":"renders warning state near the monthly limit","duration":27.480499999999665,"failureMessages":[],"meta":{},"tags":[]},{"ancestorTitles":["UsageBanner"],"fullName":"UsageBanner renders reached state when the monthly limit is exceeded","status":"passed","title":"renders reached state when the monthly limit is exceeded","duration":7.70010000000002,"failureMessages":[],"meta":{},"tags":[]}],"startTime":1777881601748,"endTime":1777881601807.7002,"status":"passed","message":"","name":"C:/Users/dell/Desktop/PPORGAMACION/proyectos de prueva/Gastro Manager/src/react-app/components/UsageBanner.test.tsx"},{"assertionResults":[{"ancestorTitles":["useChat"],"fullName":"useChat starts with empty state","status":"passed","title":"starts with empty state","duration":43.95969999999943,"failureMessages":[],"meta":{},"tags":[]},{"ancestorTitles":["useChat"],"fullName":"useChat ignores whitespace-only messages","status":"passed","title":"ignores whitespace-only messages","duration":7.53269999999975,"failureMessages":[],"meta":{},"tags":[]},{"ancestorTitles":["useChat"],"fullName":"useChat sends history:[] on the first message","status":"passed","title":"sends history:[] on the first message","duration":11.474500000000262,"failureMessages":[],"meta":{},"tags":[]},{"ancestorTitles":["useChat"],"fullName":"useChat adds user message and assistant reply to messages state","status":"passed","title":"adds user message and assistant reply to messages state","duration":16.09770000000026,"failureMessages":[],"meta":{},"tags":[]},{"ancestorTitles":["useChat"],"fullName":"useChat sends previous exchange as history on the second message","status":"passed","title":"sends previous exchange as history on the second message","duration":6.868399999999383,"failureMessages":[],"meta":{},"tags":[]},{"ancestorTitles":["useChat"],"fullName":"useChat maps 'assistant' role to 'model' in history sent to the API","status":"passed","title":"maps 'assistant' role to 'model' in history sent to the API","duration":4.955800000001545,"failureMessages":[],"meta":{},"tags":[]},{"ancestorTitles":["useChat"],"fullName":"useChat caps history at 20 messages when the conversation is long","status":"passed","title":"caps history at 20 messages when the conversation is long","duration":8.45260000000053,"failureMessages":[],"meta":{},"tags":[]},{"ancestorTitles":["useChat"],"fullName":"useChat sets error when the API returns a failure response","status":"passed","title":"sets error when the API returns a failure response","duration":11.172200000000885,"failureMessages":[],"meta":{},"tags":[]},{"ancestorTitles":["useChat"],"fullName":"useChat sets error on network failure","status":"passed","title":"sets error on network failure","duration":4.110399999999572,"failureMessages":[],"meta":{},"tags":[]},{"ancestorTitles":["useChat"],"fullName":"useChat resets isLoading to false after a successful call","status":"passed","title":"resets isLoading to false after a successful call","duration":2.7079000000012456,"failureMessages":[],"meta":{},"tags":[]},{"ancestorTitles":["useChat"],"fullName":"useChat resets isLoading to false after a failed call","status":"passed","title":"resets isLoading to false after a failed call","duration":2.3212000000003172,"failureMessages":[],"meta":{},"tags":[]},{"ancestorTitles":["useChat"],"fullName":"useChat clears messages and error on clearMessages","status":"passed","title":"clears messages and error on clearMessages","duration":2.673500000000786,"failureMessages":[],"meta":{},"tags":[]},{"ancestorTitles":["useChat"],"fullName":"useChat passes the negocio id from context to apiFetch","status":"passed","title":"passes the negocio id from context to apiFetch","duration":3.779999999998836,"failureMessages":[],"meta":{},"tags":[]}],"startTime":1777881599192,"endTime":1777881599318.78,"status":"passed","message":"","name":"C:/Users/dell/Desktop/PPORGAMACION/proyectos de prueva/Gastro Manager/src/react-app/hooks/useChat.test.ts"},{"assertionResults":[{"ancestorTitles":["useModulePrefs"],"fullName":"useModulePrefs keeps default prefs and skips fetches when there is no user","status":"passed","title":"keeps default prefs and skips fetches when there is no user","duration":40.09890000000087,"failureMessages":[],"meta":{},"tags":[]},{"ancestorTitles":["useModulePrefs"],"fullName":"useModulePrefs loads prefs and negocio restrictions for authenticated users","status":"passed","title":"loads prefs and negocio restrictions for authenticated users","duration":67.58280000000013,"failureMessages":[],"meta":{},"tags":[]},{"ancestorTitles":["useModulePrefs"],"fullName":"useModulePrefs keeps default prefs and logs when the prefs response shape is invalid","status":"passed","title":"keeps default prefs and logs when the prefs response shape is invalid","duration":90.60209999999825,"failureMessages":[],"meta":{},"tags":[]},{"ancestorTitles":["useModulePrefs"],"fullName":"useModulePrefs applies optimistic updates and keeps them on successful toggle","status":"passed","title":"applies optimistic updates and keeps them on successful toggle","duration":12.082500000000437,"failureMessages":[],"meta":{},"tags":[]},{"ancestorTitles":["useModulePrefs"],"fullName":"useModulePrefs reverts optimistic updates when the toggle request fails","status":"passed","title":"reverts optimistic updates when the toggle request fails","duration":4.355600000000777,"failureMessages":[],"meta":{},"tags":[]}],"startTime":1777881598523,"endTime":1777881598738.3557,"status":"passed","message":"","name":"C:/Users/dell/Desktop/PPORGAMACION/proyectos de prueva/Gastro Manager/src/react-app/hooks/useModulePrefs.test.ts"},{"assertionResults":[{"ancestorTitles":["useSellers — estado inicial"],"fullName":"useSellers — estado inicial isLoading empieza en true y vendedor en null","status":"passed","title":"isLoading empieza en true y vendedor en null","duration":40.22400000000016,"failureMessages":[],"meta":{},"tags":[]},{"ancestorTitles":["useSellers — fetchMe"],"fullName":"useSellers — fetchMe setea vendedor, referidos y stats cuando el fetch tiene éxito","status":"passed","title":"setea vendedor, referidos y stats cuando el fetch tiene éxito","duration":90.71520000000055,"failureMessages":[],"meta":{},"tags":[]},{"ancestorTitles":["useSellers — fetchMe"],"fullName":"useSellers — fetchMe setea vendedor null cuando success es false","status":"passed","title":"setea vendedor null cuando success es false","duration":78.54359999999997,"failureMessages":[],"meta":{},"tags":[]},{"ancestorTitles":["useSellers — fetchMe"],"fullName":"useSellers — fetchMe setea referidos a [] cuando data.referidos es undefined","status":"passed","title":"setea referidos a [] cuando data.referidos es undefined","duration":81.95610000000033,"failureMessages":[],"meta":{},"tags":[]},{"ancestorTitles":["useSellers — fetchMe"],"fullName":"useSellers — fetchMe setea error cuando el fetch lanza excepción","status":"passed","title":"setea error cuando el fetch lanza excepción","duration":74.08920000000035,"failureMessages":[],"meta":{},"tags":[]},{"ancestorTitles":["useSellers — fetchMe"],"fullName":"useSellers — fetchMe isLoading pasa a false después de la carga","status":"passed","title":"isLoading pasa a false después de la carga","duration":69.4355999999998,"failureMessages":[],"meta":{},"tags":[]},{"ancestorTitles":["useSellers — activate"],"fullName":"useSellers — activate retorna true y re-llama fetchMe al activar con éxito","status":"passed","title":"retorna true y re-llama fetchMe al activar con éxito","duration":78.76430000000073,"failureMessages":[],"meta":{},"tags":[]},{"ancestorTitles":["useSellers — activate"],"fullName":"useSellers — activate retorna false y setea error cuando el servidor responde con error","status":"passed","title":"retorna false y setea error cuando el servidor responde con error","duration":78.33209999999963,"failureMessages":[],"meta":{},"tags":[]},{"ancestorTitles":["useSellers — activate"],"fullName":"useSellers — activate retorna false cuando hay error de red al activar","status":"passed","title":"retorna false cuando hay error de red al activar","duration":81.9998000000005,"failureMessages":[],"meta":{},"tags":[]},{"ancestorTitles":["useSellers — refresh"],"fullName":"useSellers — refresh refresh llama fetchMe por segunda vez","status":"passed","title":"refresh llama fetchMe por segunda vez","duration":73.00460000000021,"failureMessages":[],"meta":{},"tags":[]}],"startTime":1777881594551,"endTime":1777881595305.0046,"status":"passed","message":"","name":"C:/Users/dell/Desktop/PPORGAMACION/proyectos de prueva/Gastro Manager/src/react-app/hooks/useSellers.test.tsx"},{"assertionResults":[{"ancestorTitles":["useSidebar"],"fullName":"useSidebar initial state is isOpen=false and isCollapsed=false","status":"passed","title":"initial state is isOpen=false and isCollapsed=false","duration":36.94520000000011,"failureMessages":[],"meta":{},"tags":[]},{"ancestorTitles":["useSidebar"],"fullName":"useSidebar toggleOpen flips isOpen back and forth","status":"passed","title":"toggleOpen flips isOpen back and forth","duration":15.556800000000294,"failureMessages":[],"meta":{},"tags":[]},{"ancestorTitles":["useSidebar"],"fullName":"useSidebar toggleCollapsed flips isCollapsed","status":"passed","title":"toggleCollapsed flips isCollapsed","duration":6.212499999999636,"failureMessages":[],"meta":{},"tags":[]},{"ancestorTitles":["useSidebar"],"fullName":"useSidebar closes the mobile menu when window resizes to desktop width","status":"passed","title":"closes the mobile menu when window resizes to desktop width","duration":3.990399999998772,"failureMessages":[],"meta":{},"tags":[]},{"ancestorTitles":["useSidebar"],"fullName":"useSidebar throws when used outside SidebarProvider","status":"passed","title":"throws when used outside SidebarProvider","duration":17.222399999998743,"failureMessages":[],"meta":{},"tags":[]}],"startTime":1777881601148,"endTime":1777881601228.2224,"status":"passed","message":"","name":"C:/Users/dell/Desktop/PPORGAMACION/proyectos de prueva/Gastro Manager/src/react-app/hooks/useSidebar.test.tsx"},{"assertionResults":[{"ancestorTitles":["useSuscripcion — estado inicial y carga en mount"],"fullName":"useSuscripcion — estado inicial y carga en mount empieza con isLoading true, suscripcion null, pagos vacíos y sin error","status":"passed","title":"empieza con isLoading true, suscripcion null, pagos vacíos y sin error","duration":47.567299999999705,"failureMessages":[],"meta":{},"tags":[]},{"ancestorTitles":["useSuscripcion — estado inicial y carga en mount"],"fullName":"useSuscripcion — estado inicial y carga en mount llama /api/suscripciones/estado al montar y setea suscripcion","status":"passed","title":"llama /api/suscripciones/estado al montar y setea suscripcion","duration":81.91910000000007,"failureMessages":[],"meta":{},"tags":[]},{"ancestorTitles":["useSuscripcion — estado inicial y carga en mount"],"fullName":"useSuscripcion — estado inicial y carga en mount setea suscripcion como null cuando la API devuelve data: null","status":"passed","title":"setea suscripcion como null cuando la API devuelve data: null","duration":80.83419999999933,"failureMessages":[],"meta":{},"tags":[]},{"ancestorTitles":["useSuscripcion — estado inicial y carga en mount"],"fullName":"useSuscripcion — estado inicial y carga en mount setea error cuando fetchEstado falla por red","status":"passed","title":"setea error cuando fetchEstado falla por red","duration":78.91849999999977,"failureMessages":[],"meta":{},"tags":[]},{"ancestorTitles":["useSuscripcion — crear()"],"fullName":"useSuscripcion — crear() en éxito retorna init_point y llama fetchEstado","status":"passed","title":"en éxito retorna init_point y llama fetchEstado","duration":78.35689999999977,"failureMessages":[],"meta":{},"tags":[]},{"ancestorTitles":["useSuscripcion — crear()"],"fullName":"useSuscripcion — crear() en éxito resetea isLoading a false","status":"passed","title":"en éxito resetea isLoading a false","duration":73.33619999999974,"failureMessages":[],"meta":{},"tags":[]},{"ancestorTitles":["useSuscripcion — crear()"],"fullName":"useSuscripcion — crear() 400 ALREADY_SUBSCRIBED → setea error con message del error","status":"passed","title":"400 ALREADY_SUBSCRIBED → setea error con message del error","duration":84.64660000000003,"failureMessages":[],"meta":{},"tags":[]},{"ancestorTitles":["useSuscripcion — crear()"],"fullName":"useSuscripcion — crear() 502 MP_NETWORK_ERROR → mensaje de conexión con código","status":"passed","title":"502 MP_NETWORK_ERROR → mensaje de conexión con código","duration":71.45330000000013,"failureMessages":[],"meta":{},"tags":[]},{"ancestorTitles":["useSuscripcion — crear()"],"fullName":"useSuscripcion — crear() 502 MP_AUTH_ERROR → mensaje de credenciales con código","status":"passed","title":"502 MP_AUTH_ERROR → mensaje de credenciales con código","duration":78.00560000000041,"failureMessages":[],"meta":{},"tags":[]},{"ancestorTitles":["useSuscripcion — crear()"],"fullName":"useSuscripcion — crear() 502 MP_VALIDATION_ERROR con mp_detail → incluye detalle de MP","status":"passed","title":"502 MP_VALIDATION_ERROR con mp_detail → incluye detalle de MP","duration":77.53639999999996,"failureMessages":[],"meta":{},"tags":[]},{"ancestorTitles":["useSuscripcion — crear()"],"fullName":"useSuscripcion — crear() 502 MP_VALIDATION_ERROR sin mp_detail → mensaje de fallback","status":"passed","title":"502 MP_VALIDATION_ERROR sin mp_detail → mensaje de fallback","duration":84.73970000000008,"failureMessages":[],"meta":{},"tags":[]},{"ancestorTitles":["useSuscripcion — crear()"],"fullName":"useSuscripcion — crear() 502 MP_SERVER_ERROR → mensaje de problemas en MP con código","status":"passed","title":"502 MP_SERVER_ERROR → mensaje de problemas en MP con código","duration":70.61889999999948,"failureMessages":[],"meta":{},"tags":[]},{"ancestorTitles":["useSuscripcion — crear()"],"fullName":"useSuscripcion — crear() 502 MP_NO_INIT_POINT → mensaje de enlace no generado","status":"passed","title":"502 MP_NO_INIT_POINT → mensaje de enlace no generado","duration":79.08609999999953,"failureMessages":[],"meta":{},"tags":[]},{"ancestorTitles":["useSuscripcion — crear()"],"fullName":"useSuscripcion — crear() 502 código desconocido con mp_detail → mensaje genérico con detalle","status":"passed","title":"502 código desconocido con mp_detail → mensaje genérico con detalle","duration":79.41559999999936,"failureMessages":[],"meta":{},"tags":[]},{"ancestorTitles":["useSuscripcion — crear()"],"fullName":"useSuscripcion — crear() 502 código desconocido sin mp_detail → fallback genérico","status":"passed","title":"502 código desconocido sin mp_detail → fallback genérico","duration":76.24279999999999,"failureMessages":[],"meta":{},"tags":[]},{"ancestorTitles":["useSuscripcion — crear()"],"fullName":"useSuscripcion — crear() error sin código usa ERROR como fallback","status":"passed","title":"error sin código usa ERROR como fallback","duration":78.29269999999997,"failureMessages":[],"meta":{},"tags":[]},{"ancestorTitles":["useSuscripcion — crear()"],"fullName":"useSuscripcion — crear() fetch throws → setea 'Error de red al crear suscripción' y retorna null","status":"passed","title":"fetch throws → setea 'Error de red al crear suscripción' y retorna null","duration":79.9992000000002,"failureMessages":[],"meta":{},"tags":[]},{"ancestorTitles":["useSuscripcion — cancelar()"],"fullName":"useSuscripcion — cancelar() en éxito retorna true y llama fetchEstado","status":"passed","title":"en éxito retorna true y llama fetchEstado","duration":76.10390000000007,"failureMessages":[],"meta":{},"tags":[]},{"ancestorTitles":["useSuscripcion — cancelar()"],"fullName":"useSuscripcion — cancelar() en error retorna false y setea el mensaje de error","status":"passed","title":"en error retorna false y setea el mensaje de error","duration":93.79399999999987,"failureMessages":[],"meta":{},"tags":[]},{"ancestorTitles":["useSuscripcion — cancelar()"],"fullName":"useSuscripcion — cancelar() fetch throws → retorna false y setea error de red","status":"passed","title":"fetch throws → retorna false y setea error de red","duration":81.53389999999945,"failureMessages":[],"meta":{},"tags":[]},{"ancestorTitles":["useSuscripcion — fetchPagos()"],"fullName":"useSuscripcion — fetchPagos() setea pagos con la lista recibida","status":"passed","title":"setea pagos con la lista recibida","duration":78.45020000000022,"failureMessages":[],"meta":{},"tags":[]},{"ancestorTitles":["useSuscripcion — fetchPagos()"],"fullName":"useSuscripcion — fetchPagos() no modifica estado de error si la respuesta no es ok","status":"passed","title":"no modifica estado de error si la respuesta no es ok","duration":78.90999999999985,"failureMessages":[],"meta":{},"tags":[]},{"ancestorTitles":["useSuscripcion — fetchPagos()"],"fullName":"useSuscripcion — fetchPagos() no modifica estado de error si fetch lanza excepción","status":"passed","title":"no modifica estado de error si fetch lanza excepción","duration":79.09500000000025,"failureMessages":[],"meta":{},"tags":[]}],"startTime":1777881594410,"endTime":1777881596201.095,"status":"passed","message":"","name":"C:/Users/dell/Desktop/PPORGAMACION/proyectos de prueva/Gastro Manager/src/react-app/hooks/useSuscripcion.test.ts"},{"assertionResults":[{"ancestorTitles":["apiFetch"],"fullName":"apiFetch injects the negocio header when negocioId exists","status":"passed","title":"injects the negocio header when negocioId exists","duration":7.924399999999878,"failureMessages":[],"meta":{},"tags":[]},{"ancestorTitles":["apiFetch"],"fullName":"apiFetch does not inject the negocio header when negocioId is missing","status":"passed","title":"does not inject the negocio header when negocioId is missing","duration":1.158900000000358,"failureMessages":[],"meta":{},"tags":[]},{"ancestorTitles":["apiFetch"],"fullName":"apiFetch dispatches a usage-limit event when the API returns USAGE_LIMIT_EXCEEDED","status":"passed","title":"dispatches a usage-limit event when the API returns USAGE_LIMIT_EXCEEDED","duration":4.0987999999997555,"failureMessages":[],"meta":{},"tags":[]},{"ancestorTitles":["apiFetch"],"fullName":"apiFetch does not dispatch usage-limit event for TOO_MANY_REQUESTS (rate limit, not quota)","status":"passed","title":"does not dispatch usage-limit event for TOO_MANY_REQUESTS (rate limit, not quota)","duration":0.9894999999996799,"failureMessages":[],"meta":{},"tags":[]}],"startTime":1777881602557,"endTime":1777881602571.9895,"status":"passed","message":"","name":"C:/Users/dell/Desktop/PPORGAMACION/proyectos de prueva/Gastro Manager/src/react-app/lib/api.test.ts"},{"assertionResults":[{"ancestorTitles":["Paginación de uso por usuario"],"fullName":"Paginación de uso por usuario no muestra controles de paginación con 50 filas o menos","status":"passed","title":"no muestra controles de paginación con 50 filas o menos","duration":757.0523000000003,"failureMessages":[],"meta":{},"tags":[]},{"ancestorTitles":["Paginación de uso por usuario"],"fullName":"Paginación de uso por usuario muestra controles de paginación con más de 50 filas","status":"passed","title":"muestra controles de paginación con más de 50 filas","duration":605.9432999999999,"failureMessages":[],"meta":{},"tags":[]},{"ancestorTitles":["Paginación de uso por usuario"],"fullName":"Paginación de uso por usuario el botón Anterior está deshabilitado en la primera página","status":"passed","title":"el botón Anterior está deshabilitado en la primera página","duration":647.4090000000006,"failureMessages":[],"meta":{},"tags":[]},{"ancestorTitles":["Paginación de uso por usuario"],"fullName":"Paginación de uso por usuario el botón Siguiente está deshabilitado en la última página","status":"passed","title":"el botón Siguiente está deshabilitado en la última página","duration":630.1659,"failureMessages":[],"meta":{},"tags":[]},{"ancestorTitles":["Paginación de uso por usuario"],"fullName":"Paginación de uso por usuario muestra solo las primeras 50 filas en la página 1","status":"passed","title":"muestra solo las primeras 50 filas en la página 1","duration":569.1780999999992,"failureMessages":[],"meta":{},"tags":[]},{"ancestorTitles":["Paginación de uso por usuario"],"fullName":"Paginación de uso por usuario muestra las filas de la segunda página al hacer clic en Siguiente","status":"passed","title":"muestra las filas de la segunda página al hacer clic en Siguiente","duration":705.5191999999988,"failureMessages":[],"meta":{},"tags":[]},{"ancestorTitles":["Paginación de uso por usuario"],"fullName":"Paginación de uso por usuario vuelve a la primera página al hacer clic en Anterior","status":"passed","title":"vuelve a la primera página al hacer clic en Anterior","duration":1064.8186999999998,"failureMessages":[],"meta":{},"tags":[]},{"ancestorTitles":["Paginación de uso por usuario"],"fullName":"Paginación de uso por usuario muestra la página correcta en el indicador","status":"passed","title":"muestra la página correcta en el indicador","duration":739.1306999999997,"failureMessages":[],"meta":{},"tags":[]},{"ancestorTitles":["Paginación de uso por usuario"],"fullName":"Paginación de uso por usuario resetea a la página 1 al filtrar por email","status":"passed","title":"resetea a la página 1 al filtrar por email","duration":549.1381000000001,"failureMessages":[],"meta":{},"tags":[]},{"ancestorTitles":["Paginación de uso por usuario"],"fullName":"Paginación de uso por usuario resetea a la página 1 al limpiar filtros","status":"passed","title":"resetea a la página 1 al limpiar filtros","duration":549.4174999999996,"failureMessages":[],"meta":{},"tags":[]},{"ancestorTitles":["Uso del Sistema"],"fullName":"Uso del Sistema muestra spinner mientras fetchUsage está pendiente","status":"passed","title":"muestra spinner mientras fetchUsage está pendiente","duration":26.03859999999986,"failureMessages":[],"meta":{},"tags":[]},{"ancestorTitles":["Uso del Sistema"],"fullName":"Uso del Sistema muestra mensaje de error cuando fetchUsage falla","status":"passed","title":"muestra mensaje de error cuando fetchUsage falla","duration":55.673399999999674,"failureMessages":[],"meta":{},"tags":[]},{"ancestorTitles":["Uso del Sistema"],"fullName":"Uso del Sistema muestra el botón Reintentar en estado de error","status":"passed","title":"muestra el botón Reintentar en estado de error","duration":47.19930000000022,"failureMessages":[],"meta":{},"tags":[]},{"ancestorTitles":["Uso del Sistema"],"fullName":"Uso del Sistema el botón Reintentar vuelve a llamar a fetchUsage y fetchLimits","status":"passed","title":"el botón Reintentar vuelve a llamar a fetchUsage y fetchLimits","duration":62.6966999999986,"failureMessages":[],"meta":{},"tags":[]},{"ancestorTitles":["Uso del Sistema"],"fullName":"Uso del Sistema muestra mensaje cuando usageData es null tras la carga","status":"passed","title":"muestra mensaje cuando usageData es null tras la carga","duration":46.863499999999476,"failureMessages":[],"meta":{},"tags":[]},{"ancestorTitles":["Uso del Sistema"],"fullName":"Uso del Sistema muestra el período en la descripción de la tarjeta","status":"passed","title":"muestra el período en la descripción de la tarjeta","duration":56.501000000000204,"failureMessages":[],"meta":{},"tags":[]},{"ancestorTitles":["Uso del Sistema"],"fullName":"Uso del Sistema muestra el número de usuarios básicos en la descripción","status":"passed","title":"muestra el número de usuarios básicos en la descripción","duration":56.03819999999905,"failureMessages":[],"meta":{},"tags":[]},{"ancestorTitles":["Uso del Sistema"],"fullName":"Uso del Sistema calcula usado y límite total correctamente para un usuario básico","status":"passed","title":"calcula usado y límite total correctamente para un usuario básico","duration":101.04749999999876,"failureMessages":[],"meta":{},"tags":[]},{"ancestorTitles":["Uso del Sistema"],"fullName":"Uso del Sistema el límite total se multiplica por el número de usuarios básicos","status":"passed","title":"el límite total se multiplica por el número de usuarios básicos","duration":106.48779999999897,"failureMessages":[],"meta":{},"tags":[]},{"ancestorTitles":["Uso del Sistema"],"fullName":"Uso del Sistema muestra el límite por usuario en el subtexto de cada herramienta","status":"passed","title":"muestra el límite por usuario en el subtexto de cada herramienta","duration":89.4439999999995,"failureMessages":[],"meta":{},"tags":[]},{"ancestorTitles":["Uso del Sistema"],"fullName":"Uso del Sistema muestra 0% cuando no hay límite configurado para una herramienta","status":"passed","title":"muestra 0% cuando no hay límite configurado para una herramienta","duration":125.10170000000107,"failureMessages":[],"meta":{},"tags":[]},{"ancestorTitles":["Uso del Sistema"],"fullName":"Uso del Sistema no cuenta usuarios inteligentes en el denominador del límite","status":"passed","title":"no cuenta usuarios inteligentes en el denominador del límite","duration":96.8700000000008,"failureMessages":[],"meta":{},"tags":[]},{"ancestorTitles":["Tarjeta de Usuarios Registrados"],"fullName":"Tarjeta de Usuarios Registrados muestra 0 cuando stats es null","status":"passed","title":"muestra 0 cuando stats es null","duration":34.4963000000007,"failureMessages":[],"meta":{},"tags":[]},{"ancestorTitles":["Tarjeta de Usuarios Registrados"],"fullName":"Tarjeta de Usuarios Registrados muestra el totalUsers que devuelve stats","status":"passed","title":"muestra el totalUsers que devuelve stats","duration":22.41939999999886,"failureMessages":[],"meta":{},"tags":[]},{"ancestorTitles":["Tarjeta de Usuarios Registrados"],"fullName":"Tarjeta de Usuarios Registrados no muestra las tarjetas antiguas eliminadas","status":"passed","title":"no muestra las tarjetas antiguas eliminadas","duration":23.622199999999793,"failureMessages":[],"meta":{},"tags":[]},{"ancestorTitles":["Admin — Programa de Referidos"],"fullName":"Admin — Programa de Referidos muestra el título 'Programa de Referidos'","status":"passed","title":"muestra el título 'Programa de Referidos'","duration":22.13969999999972,"failureMessages":[],"meta":{},"tags":[]},{"ancestorTitles":["Admin — Programa de Referidos"],"fullName":"Admin — Programa de Referidos muestra los tabs 'Referidos' y 'Vendedores'","status":"passed","title":"muestra los tabs 'Referidos' y 'Vendedores'","duration":21.707899999999427,"failureMessages":[],"meta":{},"tags":[]},{"ancestorTitles":["Admin — Programa de Referidos"],"fullName":"Admin — Programa de Referidos muestra mensaje vacío cuando no hay referidos en el tab por defecto","status":"passed","title":"muestra mensaje vacío cuando no hay referidos en el tab por defecto","duration":21.402399999999034,"failureMessages":[],"meta":{},"tags":[]},{"ancestorTitles":["Admin — Programa de Referidos"],"fullName":"Admin — Programa de Referidos muestra el email del vendedor y del referido en las tarjetas","status":"passed","title":"muestra el email del vendedor y del referido en las tarjetas","duration":41.170899999999165,"failureMessages":[],"meta":{},"tags":[]},{"ancestorTitles":["Admin — Programa de Referidos"],"fullName":"Admin — Programa de Referidos muestra badge 'pendiente' para referido pendiente","status":"passed","title":"muestra badge 'pendiente' para referido pendiente","duration":24.289699999999357,"failureMessages":[],"meta":{},"tags":[]},{"ancestorTitles":["Admin — Programa de Referidos"],"fullName":"Admin — Programa de Referidos no muestra botones de comisión/reembolso para referido pendiente","status":"passed","title":"no muestra botones de comisión/reembolso para referido pendiente","duration":30.662499999998545,"failureMessages":[],"meta":{},"tags":[]},{"ancestorTitles":["Admin — Programa de Referidos"],"fullName":"Admin — Programa de Referidos muestra 'Marcar pagada' y 'Marcar procesado' para referido confirmado sin pagar","status":"passed","title":"muestra 'Marcar pagada' y 'Marcar procesado' para referido confirmado sin pagar","duration":36.919299999999566,"failureMessages":[],"meta":{},"tags":[]},{"ancestorTitles":["Admin — Programa de Referidos"],"fullName":"Admin — Programa de Referidos clic en 'Marcar pagada' llama markComisionPagada con el id correcto","status":"passed","title":"clic en 'Marcar pagada' llama markComisionPagada con el id correcto","duration":42.554299999999785,"failureMessages":[],"meta":{},"tags":[]},{"ancestorTitles":["Admin — Programa de Referidos"],"fullName":"Admin — Programa de Referidos clic en 'Marcar procesado' llama markReembolsoPagado con el id correcto","status":"passed","title":"clic en 'Marcar procesado' llama markReembolsoPagado con el id correcto","duration":48.280799999998635,"failureMessages":[],"meta":{},"tags":[]},{"ancestorTitles":["Admin — Programa de Referidos"],"fullName":"Admin — Programa de Referidos muestra badge 'Pagada' y oculta botón cuando comision_pagada=1","status":"passed","title":"muestra badge 'Pagada' y oculta botón cuando comision_pagada=1","duration":41.94770000000062,"failureMessages":[],"meta":{},"tags":[]},{"ancestorTitles":["Admin — Programa de Referidos"],"fullName":"Admin — Programa de Referidos muestra badge 'Procesado' y oculta botón cuando reembolso_pagado=1","status":"passed","title":"muestra badge 'Procesado' y oculta botón cuando reembolso_pagado=1","duration":74.00390000000152,"failureMessages":[],"meta":{},"tags":[]},{"ancestorTitles":["Admin — Programa de Referidos"],"fullName":"Admin — Programa de Referidos cambiar al tab 'Vendedores' muestra mensaje vacío si no hay sellers","status":"passed","title":"cambiar al tab 'Vendedores' muestra mensaje vacío si no hay sellers","duration":49.86669999999867,"failureMessages":[],"meta":{},"tags":[]},{"ancestorTitles":["Admin — Programa de Referidos"],"fullName":"Admin — Programa de Referidos cambiar al tab 'Vendedores' muestra nombre, código y stats del seller","status":"passed","title":"cambiar al tab 'Vendedores' muestra nombre, código y stats del seller","duration":34.69800000000032,"failureMessages":[],"meta":{},"tags":[]},{"ancestorTitles":["Admin — Programa de Referidos"],"fullName":"Admin — Programa de Referidos llama fetchSellers y fetchReferidos cuando isAdmin es true","status":"passed","title":"llama fetchSellers y fetchReferidos cuando isAdmin es true","duration":11.808600000000297,"failureMessages":[],"meta":{},"tags":[]}],"startTime":1777881595581,"endTime":1777881603852.8086,"status":"passed","message":"","name":"C:/Users/dell/Desktop/PPORGAMACION/proyectos de prueva/Gastro Manager/src/react-app/pages/Admin.test.tsx"},{"assertionResults":[{"ancestorTitles":["WaveBackground"],"fullName":"WaveBackground renderiza un elemento SVG en el DOM","status":"passed","title":"renderiza un elemento SVG en el DOM","duration":195.73370000000068,"failureMessages":[],"meta":{},"tags":[]},{"ancestorTitles":["WaveBackground"],"fullName":"WaveBackground renderiza exactamente 6 paths de onda en el SVG de fondo","status":"passed","title":"renderiza exactamente 6 paths de onda en el SVG de fondo","duration":69.47749999999996,"failureMessages":[],"meta":{},"tags":[]},{"ancestorTitles":["WaveBackground"],"fullName":"WaveBackground los paths de onda tienen fill='none' (líneas, no formas)","status":"passed","title":"los paths de onda tienen fill='none' (líneas, no formas)","duration":57.5059999999994,"failureMessages":[],"meta":{},"tags":[]},{"ancestorTitles":["WaveBackground"],"fullName":"WaveBackground el SVG de olas tiene preserveAspectRatio='xMidYMid slice'","status":"passed","title":"el SVG de olas tiene preserveAspectRatio='xMidYMid slice'","duration":73.17239999999947,"failureMessages":[],"meta":{},"tags":[]},{"ancestorTitles":["LandingPage — renderizado"],"fullName":"LandingPage — renderizado muestra el nombre de marca 'La Hoja'","status":"passed","title":"muestra el nombre de marca 'La Hoja'","duration":121.36480000000029,"failureMessages":[],"meta":{},"tags":[]},{"ancestorTitles":["LandingPage — renderizado"],"fullName":"LandingPage — renderizado renderiza los links de navegación con sus anclas correctas","status":"passed","title":"renderiza los links de navegación con sus anclas correctas","duration":114.58560000000034,"failureMessages":[],"meta":{},"tags":[]},{"ancestorTitles":["LandingPage — renderizado"],"fullName":"LandingPage — renderizado renderiza el h1 del hero con el texto correcto","status":"passed","title":"renderiza el h1 del hero con el texto correcto","duration":136.39170000000013,"failureMessages":[],"meta":{},"tags":[]},{"ancestorTitles":["LandingPage — renderizado"],"fullName":"LandingPage — renderizado renderiza el botón de login en la navbar","status":"passed","title":"renderiza el botón de login en la navbar","duration":80.79610000000048,"failureMessages":[],"meta":{},"tags":[]},{"ancestorTitles":["LandingPage — renderizado"],"fullName":"LandingPage — renderizado renderiza los botones 'Empezá gratis' (hero + CTA final)","status":"passed","title":"renderiza los botones 'Empezá gratis' (hero + CTA final)","duration":76.07319999999982,"failureMessages":[],"meta":{},"tags":[]},{"ancestorTitles":["LandingPage — renderizado"],"fullName":"LandingPage — renderizado renderiza la sección de pain points con su heading","status":"passed","title":"renderiza la sección de pain points con su heading","duration":175.4443000000001,"failureMessages":[],"meta":{},"tags":[]},{"ancestorTitles":["LandingPage — renderizado"],"fullName":"LandingPage — renderizado renderiza las 6 tarjetas de problemas","status":"passed","title":"renderiza las 6 tarjetas de problemas","duration":124.6277,"failureMessages":[],"meta":{},"tags":[]},{"ancestorTitles":["LandingPage — renderizado"],"fullName":"LandingPage — renderizado renderiza la sección de módulos con su heading","status":"passed","title":"renderiza la sección de módulos con su heading","duration":117.1289999999999,"failureMessages":[],"meta":{},"tags":[]},{"ancestorTitles":["LandingPage — renderizado"],"fullName":"LandingPage — renderizado renderiza los 6 títulos de módulo","status":"passed","title":"renderiza los 6 títulos de módulo","duration":147.76500000000033,"failureMessages":[],"meta":{},"tags":[]},{"ancestorTitles":["LandingPage — renderizado"],"fullName":"LandingPage — renderizado cada módulo muestra su beneficio en verde","status":"passed","title":"cada módulo muestra su beneficio en verde","duration":150.80299999999988,"failureMessages":[],"meta":{},"tags":[]},{"ancestorTitles":["LandingPage — renderizado"],"fullName":"LandingPage — renderizado renderiza la sección '¿Cómo funciona?' con los 3 pasos","status":"passed","title":"renderiza la sección '¿Cómo funciona?' con los 3 pasos","duration":294.84670000000006,"failureMessages":[],"meta":{},"tags":[]},{"ancestorTitles":["LandingPage — renderizado"],"fullName":"LandingPage — renderizado renderiza las 4 estadísticas de confianza","status":"passed","title":"renderiza las 4 estadísticas de confianza","duration":144.48759999999947,"failureMessages":[],"meta":{},"tags":[]},{"ancestorTitles":["LandingPage — renderizado"],"fullName":"LandingPage — renderizado renderiza el footer con copyright","status":"passed","title":"renderiza el footer con copyright","duration":133.72260000000006,"failureMessages":[],"meta":{},"tags":[]},{"ancestorTitles":["LandingPage — autenticación"],"fullName":"LandingPage — autenticación redirige a /dashboard cuando el usuario está autenticado","status":"passed","title":"redirige a /dashboard cuando el usuario está autenticado","duration":19.351599999999962,"failureMessages":[],"meta":{},"tags":[]},{"ancestorTitles":["LandingPage — autenticación"],"fullName":"LandingPage — autenticación no redirige mientras isPending es true (aunque user sea null)","status":"passed","title":"no redirige mientras isPending es true (aunque user sea null)","duration":133.98160000000007,"failureMessages":[],"meta":{},"tags":[]},{"ancestorTitles":["LandingPage — autenticación"],"fullName":"LandingPage — autenticación muestra el banner de email verificado con ?verified=true","status":"passed","title":"muestra el banner de email verificado con ?verified=true","duration":132.3892999999989,"failureMessages":[],"meta":{},"tags":[]},{"ancestorTitles":["LandingPage — autenticación"],"fullName":"LandingPage — autenticación no muestra el banner de verificación sin el query param","status":"passed","title":"no muestra el banner de verificación sin el query param","duration":121.11639999999898,"failureMessages":[],"meta":{},"tags":[]},{"ancestorTitles":["LandingPage — login"],"fullName":"LandingPage — login al hacer clic en login llama a /api/oauth/google/redirect_url y redirige","status":"passed","title":"al hacer clic en login llama a /api/oauth/google/redirect_url y redirige","duration":223.95559999999932,"failureMessages":[],"meta":{},"tags":[]},{"ancestorTitles":["LandingPage — login"],"fullName":"LandingPage — login muestra 'Conectando...' y spinner mientras espera el redirect","status":"passed","title":"muestra 'Conectando...' y spinner mientras espera el redirect","duration":178.83450000000084,"failureMessages":[],"meta":{},"tags":[]},{"ancestorTitles":["LandingPage — login"],"fullName":"LandingPage — login el botón queda deshabilitado durante la carga","status":"passed","title":"el botón queda deshabilitado durante la carga","duration":153.40539999999964,"failureMessages":[],"meta":{},"tags":[]},{"ancestorTitles":["LandingPage — login"],"fullName":"LandingPage — login vuelve a habilitar el botón si fetch falla","status":"passed","title":"vuelve a habilitar el botón si fetch falla","duration":231.6774000000005,"failureMessages":[],"meta":{},"tags":[]}],"startTime":1777881594854,"endTime":1777881598264.6775,"status":"passed","message":"","name":"C:/Users/dell/Desktop/PPORGAMACION/proyectos de prueva/Gastro Manager/src/react-app/pages/LandingPage.test.tsx"},{"assertionResults":[{"ancestorTitles":["Sellers — estado no activado"],"fullName":"Sellers — estado no activado muestra spinner cuando isLoading es true","status":"passed","title":"muestra spinner cuando isLoading es true","duration":75.6237000000001,"failureMessages":[],"meta":{},"tags":[]},{"ancestorTitles":["Sellers — estado no activado"],"fullName":"Sellers — estado no activado muestra 'Convertite en vendedor' cuando no hay vendedor","status":"passed","title":"muestra 'Convertite en vendedor' cuando no hay vendedor","duration":52.30669999999918,"failureMessages":[],"meta":{},"tags":[]},{"ancestorTitles":["Sellers — estado no activado"],"fullName":"Sellers — estado no activado muestra comisión ARS 7.500","status":"passed","title":"muestra comisión ARS 7.500","duration":35.599600000001374,"failureMessages":[],"meta":{},"tags":[]},{"ancestorTitles":["Sellers — estado no activado"],"fullName":"Sellers — estado no activado muestra reembolso ARS 6.000","status":"passed","title":"muestra reembolso ARS 6.000","duration":23.634400000000824,"failureMessages":[],"meta":{},"tags":[]},{"ancestorTitles":["Sellers — estado no activado"],"fullName":"Sellers — estado no activado clic en 'Activarme como vendedor' llama activate()","status":"passed","title":"clic en 'Activarme como vendedor' llama activate()","duration":48.6247000000003,"failureMessages":[],"meta":{},"tags":[]},{"ancestorTitles":["Sellers — estado no activado"],"fullName":"Sellers — estado no activado muestra el mensaje de error cuando error tiene valor","status":"passed","title":"muestra el mensaje de error cuando error tiene valor","duration":28.53650000000016,"failureMessages":[],"meta":{},"tags":[]},{"ancestorTitles":["Sellers — estado no activado"],"fullName":"Sellers — estado no activado no muestra el link de referido cuando no hay vendedor","status":"passed","title":"no muestra el link de referido cuando no hay vendedor","duration":23.811099999998987,"failureMessages":[],"meta":{},"tags":[]},{"ancestorTitles":["Sellers — estado activado"],"fullName":"Sellers — estado activado muestra el link de referido con el código","status":"passed","title":"muestra el link de referido con el código","duration":36.29559999999947,"failureMessages":[],"meta":{},"tags":[]},{"ancestorTitles":["Sellers — estado activado"],"fullName":"Sellers — estado activado muestra el código del vendedor","status":"passed","title":"muestra el código del vendedor","duration":27.459899999999834,"failureMessages":[],"meta":{},"tags":[]},{"ancestorTitles":["Sellers — estado activado"],"fullName":"Sellers — estado activado no muestra 'Convertite en vendedor' cuando hay vendedor","status":"passed","title":"no muestra 'Convertite en vendedor' cuando hay vendedor","duration":11.24579999999878,"failureMessages":[],"meta":{},"tags":[]},{"ancestorTitles":["Sellers — estado activado"],"fullName":"Sellers — estado activado muestra las 4 tarjetas de stats cuando stats tiene valor","status":"passed","title":"muestra las 4 tarjetas de stats cuando stats tiene valor","duration":34.44260000000031,"failureMessages":[],"meta":{},"tags":[]},{"ancestorTitles":["Sellers — estado activado"],"fullName":"Sellers — estado activado muestra la comisión total en stats","status":"passed","title":"muestra la comisión total en stats","duration":50.736800000000585,"failureMessages":[],"meta":{},"tags":[]},{"ancestorTitles":["Sellers — estado activado"],"fullName":"Sellers — estado activado muestra la comisión pendiente en stats","status":"passed","title":"muestra la comisión pendiente en stats","duration":32.69679999999971,"failureMessages":[],"meta":{},"tags":[]},{"ancestorTitles":["Sellers — estado activado"],"fullName":"Sellers — estado activado muestra mensaje vacío cuando no hay referidos","status":"passed","title":"muestra mensaje vacío cuando no hay referidos","duration":42.229199999999764,"failureMessages":[],"meta":{},"tags":[]},{"ancestorTitles":["Sellers — estado activado"],"fullName":"Sellers — estado activado muestra nombre y email del referido en la tabla","status":"passed","title":"muestra nombre y email del referido en la tabla","duration":21.030500000000757,"failureMessages":[],"meta":{},"tags":[]},{"ancestorTitles":["Sellers — estado activado"],"fullName":"Sellers — estado activado muestra badge 'pendiente' para referido pendiente","status":"passed","title":"muestra badge 'pendiente' para referido pendiente","duration":32.61750000000029,"failureMessages":[],"meta":{},"tags":[]},{"ancestorTitles":["Sellers — estado activado"],"fullName":"Sellers — estado activado muestra badge 'confirmado' para referido confirmado","status":"passed","title":"muestra badge 'confirmado' para referido confirmado","duration":45.89519999999902,"failureMessages":[],"meta":{},"tags":[]},{"ancestorTitles":["Sellers — estado activado"],"fullName":"Sellers — estado activado muestra badge de suscripción 'autorizada' para referido con suscripción activa","status":"passed","title":"muestra badge de suscripción 'autorizada' para referido con suscripción activa","duration":16.73610000000008,"failureMessages":[],"meta":{},"tags":[]},{"ancestorTitles":["Sellers — estado activado"],"fullName":"Sellers — estado activado muestra comisión sin tachado cuando no está pagada","status":"passed","title":"muestra comisión sin tachado cuando no está pagada","duration":22.194500000001426,"failureMessages":[],"meta":{},"tags":[]},{"ancestorTitles":["Sellers — estado activado"],"fullName":"Sellers — estado activado muestra comisión con tachado cuando comision_pagada=1","status":"passed","title":"muestra comisión con tachado cuando comision_pagada=1","duration":29.319799999999304,"failureMessages":[],"meta":{},"tags":[]},{"ancestorTitles":["Sellers — estado activado"],"fullName":"Sellers — estado activado muestra '—' cuando el referido no tiene comisión asignada","status":"passed","title":"muestra '—' cuando el referido no tiene comisión asignada","duration":17.45100000000093,"failureMessages":[],"meta":{},"tags":[]},{"ancestorTitles":["Sellers — copiar link"],"fullName":"Sellers — copiar link clic en Copiar llama clipboard.writeText con el link correcto","status":"passed","title":"clic en Copiar llama clipboard.writeText con el link correcto","duration":19.033900000000358,"failureMessages":[],"meta":{},"tags":[]},{"ancestorTitles":["Sellers — copiar link"],"fullName":"Sellers — copiar link botón muestra 'Copiado' inmediatamente tras hacer clic","status":"passed","title":"botón muestra 'Copiado' inmediatamente tras hacer clic","duration":24.419400000000678,"failureMessages":[],"meta":{},"tags":[]}],"startTime":1777881598584,"endTime":1777881599337.4194,"status":"passed","message":"","name":"C:/Users/dell/Desktop/PPORGAMACION/proyectos de prueva/Gastro Manager/src/react-app/pages/Sellers.test.tsx"},{"assertionResults":[{"ancestorTitles":["ProtectedRoute"],"fullName":"ProtectedRoute renders a loading state while auth is pending","status":"passed","title":"renders a loading state while auth is pending","duration":62.11899999999878,"failureMessages":[],"meta":{},"tags":[]},{"ancestorTitles":["ProtectedRoute"],"fullName":"ProtectedRoute redirects anonymous users to the home page","status":"passed","title":"redirects anonymous users to the home page","duration":18.432800000000498,"failureMessages":[],"meta":{},"tags":[]},{"ancestorTitles":["ProtectedRoute"],"fullName":"ProtectedRoute redirects unverified users to verify-email","status":"passed","title":"redirects unverified users to verify-email","duration":7.279099999999744,"failureMessages":[],"meta":{},"tags":[]},{"ancestorTitles":["ProtectedRoute"],"fullName":"ProtectedRoute redirects authenticated users without negocio to setup","status":"passed","title":"redirects authenticated users without negocio to setup","duration":6.048799999998664,"failureMessages":[],"meta":{},"tags":[]},{"ancestorTitles":["ProtectedRoute"],"fullName":"ProtectedRoute allows the setup route without an active negocio","status":"passed","title":"allows the setup route without an active negocio","duration":4.343999999999141,"failureMessages":[],"meta":{},"tags":[]},{"ancestorTitles":["ProtectedRoute"],"fullName":"ProtectedRoute renders protected content when auth and negocio are available","status":"passed","title":"renders protected content when auth and negocio are available","duration":3.574399999999514,"failureMessages":[],"meta":{},"tags":[]},{"ancestorTitles":["RestrictedModuleRoute"],"fullName":"RestrictedModuleRoute redirects gerente users to /dashboard when the module is restricted","status":"passed","title":"redirects gerente users to /dashboard when the module is restricted","duration":5.1194999999988795,"failureMessages":[],"meta":{},"tags":[]},{"ancestorTitles":["RestrictedModuleRoute"],"fullName":"RestrictedModuleRoute renders children when the module is available","status":"passed","title":"renders children when the module is available","duration":3.216500000000451,"failureMessages":[],"meta":{},"tags":[]}],"startTime":1777881600984,"endTime":1777881601095.2166,"status":"passed","message":"","name":"C:/Users/dell/Desktop/PPORGAMACION/proyectos de prueva/Gastro Manager/src/react-app/components/auth/ProtectedRoute.test.tsx"},{"assertionResults":[{"ancestorTitles":["EmployeeModal — segmented status control"],"fullName":"EmployeeModal — segmented status control renders both status buttons","status":"passed","title":"renders both status buttons","duration":194.82630000000063,"failureMessages":[],"meta":{},"tags":[]},{"ancestorTitles":["EmployeeModal — segmented status control"],"fullName":"EmployeeModal — segmented status control Empleado activo button is selected by default for new employee","status":"passed","title":"Empleado activo button is selected by default for new employee","duration":62.97140000000036,"failureMessages":[],"meta":{},"tags":[]},{"ancestorTitles":["EmployeeModal — segmented status control"],"fullName":"EmployeeModal — segmented status control Empleado inactivo button is selected when editing an inactive employee","status":"passed","title":"Empleado inactivo button is selected when editing an inactive employee","duration":96.8168999999998,"failureMessages":[],"meta":{},"tags":[]},{"ancestorTitles":["EmployeeModal — exit info fields"],"fullName":"EmployeeModal — exit info fields does not show exit fields when employee is active (default)","status":"passed","title":"does not show exit fields when employee is active (default)","duration":33.58479999999963,"failureMessages":[],"meta":{},"tags":[]},{"ancestorTitles":["EmployeeModal — exit info fields"],"fullName":"EmployeeModal — exit info fields shows exit fields when Empleado inactivo is selected","status":"passed","title":"shows exit fields when Empleado inactivo is selected","duration":83.05849999999919,"failureMessages":[],"meta":{},"tags":[]},{"ancestorTitles":["EmployeeModal — exit info fields"],"fullName":"EmployeeModal — exit info fields hides cuando_informo when informo is unchecked","status":"passed","title":"hides cuando_informo when informo is unchecked","duration":76.38619999999992,"failureMessages":[],"meta":{},"tags":[]},{"ancestorTitles":["EmployeeModal — exit info fields"],"fullName":"EmployeeModal — exit info fields shows cuando_informo when informo is checked","status":"passed","title":"shows cuando_informo when informo is checked","duration":70.71620000000075,"failureMessages":[],"meta":{},"tags":[]},{"ancestorTitles":["EmployeeModal — exit info fields"],"fullName":"EmployeeModal — exit info fields hides exit fields again when Empleado activo is re-selected","status":"passed","title":"hides exit fields again when Empleado activo is re-selected","duration":128.77000000000044,"failureMessages":[],"meta":{},"tags":[]},{"ancestorTitles":["EmployeeModal — exit info fields"],"fullName":"EmployeeModal — exit info fields pre-fills exit fields when editing an inactive employee","status":"passed","title":"pre-fills exit fields when editing an inactive employee","duration":32.39229999999952,"failureMessages":[],"meta":{},"tags":[]},{"ancestorTitles":["EmployeeModal — exit info fields"],"fullName":"EmployeeModal — exit info fields clears cuando_informo when informo is unchecked after being checked","status":"passed","title":"clears cuando_informo when informo is unchecked after being checked","duration":41.70400000000063,"failureMessages":[],"meta":{},"tags":[]}],"startTime":1777881595348,"endTime":1777881596170.704,"status":"passed","message":"","name":"C:/Users/dell/Desktop/PPORGAMACION/proyectos de prueva/Gastro Manager/src/react-app/components/employees/EmployeeModal.test.tsx"},{"assertionResults":[{"ancestorTitles":["EmployeeViewModal — visibilidad"],"fullName":"EmployeeViewModal — visibilidad no renderiza cuando isOpen es false","status":"passed","title":"no renderiza cuando isOpen es false","duration":36.743499999999585,"failureMessages":[],"meta":{},"tags":[]},{"ancestorTitles":["EmployeeViewModal — visibilidad"],"fullName":"EmployeeViewModal — visibilidad no renderiza cuando employee es null","status":"passed","title":"no renderiza cuando employee es null","duration":3.4206999999996697,"failureMessages":[],"meta":{},"tags":[]},{"ancestorTitles":["EmployeeViewModal — visibilidad"],"fullName":"EmployeeViewModal — visibilidad renderiza cuando isOpen es true y hay empleado","status":"passed","title":"renderiza cuando isOpen es true y hay empleado","duration":91.76909999999953,"failureMessages":[],"meta":{},"tags":[]},{"ancestorTitles":["EmployeeViewModal — datos del empleado activo"],"fullName":"EmployeeViewModal — datos del empleado activo muestra nombre y puesto","status":"passed","title":"muestra nombre y puesto","duration":23.722000000000662,"failureMessages":[],"meta":{},"tags":[]},{"ancestorTitles":["EmployeeViewModal — datos del empleado activo"],"fullName":"EmployeeViewModal — datos del empleado activo muestra las iniciales en el avatar","status":"passed","title":"muestra las iniciales en el avatar","duration":22.2467000000006,"failureMessages":[],"meta":{},"tags":[]},{"ancestorTitles":["EmployeeViewModal — datos del empleado activo"],"fullName":"EmployeeViewModal — datos del empleado activo muestra teléfono y email","status":"passed","title":"muestra teléfono y email","duration":23.503099999999904,"failureMessages":[],"meta":{},"tags":[]},{"ancestorTitles":["EmployeeViewModal — datos del empleado activo"],"fullName":"EmployeeViewModal — datos del empleado activo muestra el sueldo mensual formateado","status":"passed","title":"muestra el sueldo mensual formateado","duration":20.659200000000055,"failureMessages":[],"meta":{},"tags":[]},{"ancestorTitles":["EmployeeViewModal — datos del empleado activo"],"fullName":"EmployeeViewModal — datos del empleado activo muestra badge Activo para empleado activo","status":"passed","title":"muestra badge Activo para empleado activo","duration":25.452000000000226,"failureMessages":[],"meta":{},"tags":[]},{"ancestorTitles":["EmployeeViewModal — datos del empleado activo"],"fullName":"EmployeeViewModal — datos del empleado activo no muestra la sección de baja para empleado activo","status":"passed","title":"no muestra la sección de baja para empleado activo","duration":22.286599999999453,"failureMessages":[],"meta":{},"tags":[]},{"ancestorTitles":["EmployeeViewModal — datos del empleado inactivo"],"fullName":"EmployeeViewModal — datos del empleado inactivo muestra badge Inactivo","status":"passed","title":"muestra badge Inactivo","duration":27.952100000000428,"failureMessages":[],"meta":{},"tags":[]},{"ancestorTitles":["EmployeeViewModal — datos del empleado inactivo"],"fullName":"EmployeeViewModal — datos del empleado inactivo muestra la sección de información de baja","status":"passed","title":"muestra la sección de información de baja","duration":29.559400000000096,"failureMessages":[],"meta":{},"tags":[]},{"ancestorTitles":["EmployeeViewModal — datos del empleado inactivo"],"fullName":"EmployeeViewModal — datos del empleado inactivo muestra ausencia_desde","status":"passed","title":"muestra ausencia_desde","duration":34.76019999999971,"failureMessages":[],"meta":{},"tags":[]},{"ancestorTitles":["EmployeeViewModal — datos del empleado inactivo"],"fullName":"EmployeeViewModal — datos del empleado inactivo muestra sueldo_pendiente formateado","status":"passed","title":"muestra sueldo_pendiente formateado","duration":45.768299999999726,"failureMessages":[],"meta":{},"tags":[]},{"ancestorTitles":["EmployeeViewModal — datos del empleado inactivo"],"fullName":"EmployeeViewModal — datos del empleado inactivo muestra si informó su salida","status":"passed","title":"muestra si informó su salida","duration":25.05699999999979,"failureMessages":[],"meta":{},"tags":[]},{"ancestorTitles":["EmployeeViewModal — datos del empleado inactivo"],"fullName":"EmployeeViewModal — datos del empleado inactivo no muestra sección de baja cuando todos los campos están vacíos","status":"passed","title":"no muestra sección de baja cuando todos los campos están vacíos","duration":22.854999999999563,"failureMessages":[],"meta":{},"tags":[]},{"ancestorTitles":["EmployeeViewModal — acciones"],"fullName":"EmployeeViewModal — acciones llama onEdit con el empleado al hacer clic en Editar","status":"passed","title":"llama onEdit con el empleado al hacer clic en Editar","duration":69.31540000000041,"failureMessages":[],"meta":{},"tags":[]},{"ancestorTitles":["EmployeeViewModal — acciones"],"fullName":"EmployeeViewModal — acciones llama onClose al hacer clic en Cerrar","status":"passed","title":"llama onClose al hacer clic en Cerrar","duration":33.84950000000026,"failureMessages":[],"meta":{},"tags":[]},{"ancestorTitles":["EmployeeViewModal — acciones"],"fullName":"EmployeeViewModal — acciones llama onClose al hacer clic en el backdrop","status":"passed","title":"llama onClose al hacer clic en el backdrop","duration":13.701500000000124,"failureMessages":[],"meta":{},"tags":[]},{"ancestorTitles":["EmployeeViewModal — acciones"],"fullName":"EmployeeViewModal — acciones no llama onEdit al hacer clic en Cerrar","status":"passed","title":"no llama onEdit al hacer clic en Cerrar","duration":30.85989999999947,"failureMessages":[],"meta":{},"tags":[]}],"startTime":1777881595394,"endTime":1777881595998.8599,"status":"passed","message":"","name":"C:/Users/dell/Desktop/PPORGAMACION/proyectos de prueva/Gastro Manager/src/react-app/components/employees/EmployeeViewModal.test.tsx"},{"assertionResults":[{"ancestorTitles":["Employees — clic en tarjeta abre vista"],"fullName":"Employees — clic en tarjeta abre vista el modal de vista no está visible al inicio","status":"passed","title":"el modal de vista no está visible al inicio","duration":171.4454999999998,"failureMessages":[],"meta":{},"tags":[]},{"ancestorTitles":["Employees — clic en tarjeta abre vista"],"fullName":"Employees — clic en tarjeta abre vista hacer clic en la tarjeta abre el modal de vista con ese empleado","status":"passed","title":"hacer clic en la tarjeta abre el modal de vista con ese empleado","duration":68.57330000000002,"failureMessages":[],"meta":{},"tags":[]},{"ancestorTitles":["Employees — clic en tarjeta abre vista"],"fullName":"Employees — clic en tarjeta abre vista el modal de vista muestra al empleado correcto al hacer clic en distintas tarjetas","status":"passed","title":"el modal de vista muestra al empleado correcto al hacer clic en distintas tarjetas","duration":47.65220000000045,"failureMessages":[],"meta":{},"tags":[]},{"ancestorTitles":["Employees — clic en tarjeta abre vista"],"fullName":"Employees — clic en tarjeta abre vista cerrar el modal de vista lo oculta","status":"passed","title":"cerrar el modal de vista lo oculta","duration":143.35449999999946,"failureMessages":[],"meta":{},"tags":[]},{"ancestorTitles":["Employees — control segmentado de estado en tarjetas"],"fullName":"Employees — control segmentado de estado en tarjetas cada tarjeta tiene los botones Empleado activo y Empleado inactivo","status":"passed","title":"cada tarjeta tiene los botones Empleado activo y Empleado inactivo","duration":86.26459999999952,"failureMessages":[],"meta":{},"tags":[]},{"ancestorTitles":["Employees — control segmentado de estado en tarjetas"],"fullName":"Employees — control segmentado de estado en tarjetas clic en 'Empleado inactivo' en tarjeta activa llama updateEmployee con is_active: false","status":"passed","title":"clic en 'Empleado inactivo' en tarjeta activa llama updateEmployee con is_active: false","duration":95.92339999999967,"failureMessages":[],"meta":{},"tags":[]},{"ancestorTitles":["Employees — control segmentado de estado en tarjetas"],"fullName":"Employees — control segmentado de estado en tarjetas clic en 'Empleado activo' en tarjeta inactiva llama updateEmployee con is_active: true","status":"passed","title":"clic en 'Empleado activo' en tarjeta inactiva llama updateEmployee con is_active: true","duration":76.90679999999975,"failureMessages":[],"meta":{},"tags":[]},{"ancestorTitles":["Employees — control segmentado de estado en tarjetas"],"fullName":"Employees — control segmentado de estado en tarjetas clic en botón de estado NO abre el modal de vista","status":"passed","title":"clic en botón de estado NO abre el modal de vista","duration":94.28040000000055,"failureMessages":[],"meta":{},"tags":[]},{"ancestorTitles":["Employees — control segmentado de estado en tarjetas"],"fullName":"Employees — control segmentado de estado en tarjetas muestra toast de éxito al cambiar estado a inactivo","status":"passed","title":"muestra toast de éxito al cambiar estado a inactivo","duration":133.58939999999984,"failureMessages":[],"meta":{},"tags":[]},{"ancestorTitles":["Employees — control segmentado de estado en tarjetas"],"fullName":"Employees — control segmentado de estado en tarjetas muestra toast de éxito al cambiar estado a activo","status":"passed","title":"muestra toast de éxito al cambiar estado a activo","duration":166.48199999999997,"failureMessages":[],"meta":{},"tags":[]},{"ancestorTitles":["Employees — control segmentado de estado en tarjetas"],"fullName":"Employees — control segmentado de estado en tarjetas muestra toast de error cuando updateEmployee falla","status":"passed","title":"muestra toast de error cuando updateEmployee falla","duration":156.83469999999943,"failureMessages":[],"meta":{},"tags":[]}],"startTime":1777881595371,"endTime":1777881596613.8347,"status":"passed","message":"","name":"C:/Users/dell/Desktop/PPORGAMACION/proyectos de prueva/Gastro Manager/src/react-app/pages/modulos/Employees.test.tsx"}]}
