<?xml version="1.0" encoding="UTF-8"?>
<coverage generated="1778952199811" clover="3.2.0">
  <project timestamp="1778952199811" name="All files">
    <metrics statements="2826" coveredstatements="1151" conditionals="1765" coveredconditionals="751" methods="475" coveredmethods="255" elements="5066" coveredelements="2157" complexity="0" loc="2826" ncloc="2826" packages="12" files="40" classes="40"/>
    <package name="functions">
      <metrics statements="13" coveredstatements="13" conditionals="8" coveredconditionals="8" methods="1" coveredmethods="1"/>
      <file name="[[route]].ts" path="C:\Users\dell\Desktop\PPORGAMACION\proyectos de prueva\Gastro Manager\functions\[[route]].ts">
        <metrics statements="13" coveredstatements="13" conditionals="8" coveredconditionals="8" methods="1" coveredmethods="1"/>
        <line num="3" count="1" type="stmt"/>
        <line num="4" count="7" type="stmt"/>
        <line num="6" count="7" type="cond" truecount="2" falsecount="0"/>
        <line num="7" count="1" type="stmt"/>
        <line num="11" count="6" type="cond" truecount="2" falsecount="0"/>
        <line num="12" count="4" type="stmt"/>
        <line num="13" count="4" type="cond" truecount="2" falsecount="0"/>
        <line num="14" count="3" type="stmt"/>
        <line num="16" count="1" type="stmt"/>
        <line num="20" count="2" type="stmt"/>
        <line num="21" count="2" type="cond" truecount="2" falsecount="0"/>
        <line num="22" count="1" type="stmt"/>
        <line num="24" count="1" type="stmt"/>
      </file>
    </package>
    <package name="src.cron">
      <metrics statements="4" coveredstatements="4" conditionals="0" coveredconditionals="0" methods="1" coveredmethods="1"/>
      <file name="index.ts" path="C:\Users\dell\Desktop\PPORGAMACION\proyectos de prueva\Gastro Manager\src\cron\index.ts">
        <metrics statements="4" coveredstatements="4" conditionals="0" coveredconditionals="0" methods="1" coveredmethods="1"/>
        <line num="8" count="2" type="stmt"/>
        <line num="13" count="2" type="stmt"/>
        <line num="14" count="2" type="stmt"/>
        <line num="15" count="2" type="stmt"/>
      </file>
    </package>
    <package name="src.react-app.components">
      <metrics statements="42" coveredstatements="32" conditionals="43" coveredconditionals="37" methods="16" coveredmethods="11"/>
      <file name="ChatWidget.tsx" path="C:\Users\dell\Desktop\PPORGAMACION\proyectos de prueva\Gastro Manager\src\react-app\components\ChatWidget.tsx">
        <metrics statements="22" coveredstatements="15" conditionals="26" coveredconditionals="22" methods="7" coveredmethods="4"/>
        <line num="11" count="19" type="stmt"/>
        <line num="12" count="19" type="stmt"/>
        <line num="13" count="19" type="stmt"/>
        <line num="14" count="19" type="stmt"/>
        <line num="15" count="19" type="stmt"/>
        <line num="16" count="19" type="stmt"/>
        <line num="19" count="19" type="stmt"/>
        <line num="20" count="10" type="stmt"/>
        <line num="23" count="19" type="stmt"/>
        <line num="24" count="0" type="stmt"/>
        <line num="25" count="0" type="cond" truecount="0" falsecount="4"/>
        <line num="27" count="0" type="stmt"/>
        <line num="28" count="0" type="stmt"/>
        <line num="29" count="0" type="stmt"/>
        <line num="32" count="19" type="stmt"/>
        <line num="33" count="0" type="stmt"/>
        <line num="36" count="19" type="stmt"/>
        <line num="42" count="9" type="stmt"/>
        <line num="43" count="9" type="stmt"/>
        <line num="44" count="9" type="cond" truecount="2" falsecount="0"/>
        <line num="91" count="3" type="stmt"/>
        <line num="139" count="0" type="stmt"/>
      </file>
      <file name="ErrorBoundary.tsx" path="C:\Users\dell\Desktop\PPORGAMACION\proyectos de prueva\Gastro Manager\src\react-app\components\ErrorBoundary.tsx">
        <metrics statements="15" coveredstatements="12" conditionals="7" coveredconditionals="5" methods="8" coveredmethods="6"/>
        <line num="17" count="10" type="stmt"/>
        <line num="18" count="10" type="stmt"/>
        <line num="22" count="8" type="stmt"/>
        <line num="26" count="4" type="stmt"/>
        <line num="29" count="1" type="stmt"/>
        <line num="30" count="1" type="stmt"/>
        <line num="33" count="0" type="stmt"/>
        <line num="34" count="0" type="stmt"/>
        <line num="38" count="18" type="cond" truecount="2" falsecount="0"/>
        <line num="39" count="8" type="cond" truecount="2" falsecount="0"/>
        <line num="40" count="4" type="stmt"/>
        <line num="43" count="4" type="stmt"/>
        <line num="81" count="10" type="stmt"/>
        <line num="87" count="3" type="stmt"/>
        <line num="100" count="0" type="stmt"/>
      </file>
      <file name="UsageBanner.tsx" path="C:\Users\dell\Desktop\PPORGAMACION\proyectos de prueva\Gastro Manager\src\react-app\components\UsageBanner.tsx">
        <metrics statements="5" coveredstatements="5" conditionals="10" coveredconditionals="10" methods="1" coveredmethods="1"/>
        <line num="10" count="12" type="cond" truecount="4" falsecount="0"/>
        <line num="11" count="3" type="stmt"/>
        <line num="12" count="3" type="cond" truecount="2" falsecount="0"/>
        <line num="14" count="2" type="stmt"/>
        <line num="15" count="2" type="stmt"/>
      </file>
    </package>
    <package name="src.react-app.components.auth">
      <metrics statements="17" coveredstatements="17" conditionals="15" coveredconditionals="15" methods="2" coveredmethods="2"/>
      <file name="ProtectedRoute.tsx" path="C:\Users\dell\Desktop\PPORGAMACION\proyectos de prueva\Gastro Manager\src\react-app\components\auth\ProtectedRoute.tsx">
        <metrics statements="17" coveredstatements="17" conditionals="15" coveredconditionals="15" methods="2" coveredmethods="2"/>
        <line num="13" count="6" type="stmt"/>
        <line num="14" count="6" type="stmt"/>
        <line num="16" count="6" type="cond" truecount="2" falsecount="0"/>
        <line num="17" count="1" type="stmt"/>
        <line num="28" count="5" type="cond" truecount="2" falsecount="0"/>
        <line num="29" count="1" type="stmt"/>
        <line num="32" count="4" type="cond" truecount="2" falsecount="0"/>
        <line num="33" count="1" type="stmt"/>
        <line num="38" count="3" type="stmt"/>
        <line num="39" count="3" type="stmt"/>
        <line num="41" count="3" type="cond" truecount="5" falsecount="0"/>
        <line num="42" count="1" type="stmt"/>
        <line num="45" count="2" type="stmt"/>
        <line num="54" count="2" type="stmt"/>
        <line num="56" count="2" type="cond" truecount="4" falsecount="0"/>
        <line num="57" count="1" type="stmt"/>
        <line num="60" count="1" type="stmt"/>
      </file>
    </package>
    <package name="src.react-app.components.employees">
      <metrics statements="77" coveredstatements="29" conditionals="115" coveredconditionals="64" methods="22" coveredmethods="11"/>
      <file name="EmployeeModal.tsx" path="C:\Users\dell\Desktop\PPORGAMACION\proyectos de prueva\Gastro Manager\src\react-app\components\employees\EmployeeModal.tsx">
        <metrics statements="66" coveredstatements="18" conditionals="75" coveredconditionals="30" methods="17" coveredmethods="6"/>
        <line num="17" count="1" type="stmt"/>
        <line num="36" count="27" type="stmt"/>
        <line num="37" count="27" type="stmt"/>
        <line num="50" count="27" type="stmt"/>
        <line num="51" count="27" type="stmt"/>
        <line num="54" count="27" type="stmt"/>
        <line num="56" count="27" type="stmt"/>
        <line num="57" count="10" type="cond" truecount="2" falsecount="0"/>
        <line num="58" count="3" type="stmt"/>
        <line num="72" count="7" type="stmt"/>
        <line num="86" count="10" type="stmt"/>
        <line num="89" count="27" type="stmt"/>
        <line num="90" count="0" type="stmt"/>
        <line num="92" count="0" type="cond" truecount="0" falsecount="4"/>
        <line num="93" count="0" type="stmt"/>
        <line num="94" count="0" type="stmt"/>
        <line num="97" count="0" type="cond" truecount="0" falsecount="2"/>
        <line num="98" count="0" type="stmt"/>
        <line num="99" count="0" type="stmt"/>
        <line num="102" count="0" type="cond" truecount="0" falsecount="2"/>
        <line num="103" count="0" type="stmt"/>
        <line num="104" count="0" type="stmt"/>
        <line num="107" count="0" type="cond" truecount="0" falsecount="4"/>
        <line num="108" count="0" type="stmt"/>
        <line num="109" count="0" type="cond" truecount="0" falsecount="2"/>
        <line num="110" count="0" type="stmt"/>
        <line num="111" count="0" type="stmt"/>
        <line num="113" count="0" type="cond" truecount="0" falsecount="2"/>
        <line num="114" count="0" type="stmt"/>
        <line num="115" count="0" type="stmt"/>
        <line num="119" count="0" type="cond" truecount="0" falsecount="4"/>
        <line num="120" count="0" type="stmt"/>
        <line num="121" count="0" type="stmt"/>
        <line num="124" count="0" type="cond" truecount="0" falsecount="5"/>
        <line num="125" count="0" type="stmt"/>
        <line num="126" count="0" type="stmt"/>
        <line num="129" count="0" type="cond" truecount="0" falsecount="2"/>
        <line num="130" count="0" type="stmt"/>
        <line num="131" count="0" type="stmt"/>
        <line num="132" count="0" type="stmt"/>
        <line num="133" count="0" type="stmt"/>
        <line num="135" count="0" type="cond" truecount="0" falsecount="4"/>
        <line num="136" count="0" type="stmt"/>
        <line num="137" count="0" type="stmt"/>
        <line num="141" count="0" type="stmt"/>
        <line num="142" count="0" type="stmt"/>
        <line num="144" count="0" type="stmt"/>
        <line num="145" count="0" type="stmt"/>
        <line num="146" count="0" type="stmt"/>
        <line num="148" count="0" type="cond" truecount="0" falsecount="2"/>
        <line num="150" count="0" type="stmt"/>
        <line num="154" count="27" type="cond" truecount="1" falsecount="1"/>
        <line num="156" count="27" type="stmt"/>
        <line num="194" count="0" type="stmt"/>
        <line num="218" count="0" type="stmt"/>
        <line num="224" count="243" type="stmt"/>
        <line num="238" count="0" type="stmt"/>
        <line num="251" count="0" type="stmt"/>
        <line num="264" count="0" type="stmt"/>
        <line num="278" count="0" type="cond" truecount="0" falsecount="2"/>
        <line num="289" count="1" type="stmt"/>
        <line num="300" count="4" type="stmt"/>
        <line num="323" count="0" type="stmt"/>
        <line num="334" count="2" type="cond" truecount="2" falsecount="0"/>
        <line num="351" count="0" type="stmt"/>
        <line num="366" count="0" type="cond" truecount="0" falsecount="2"/>
      </file>
      <file name="EmployeeViewModal.tsx" path="C:\Users\dell\Desktop\PPORGAMACION\proyectos de prueva\Gastro Manager\src\react-app\components\employees\EmployeeViewModal.tsx">
        <metrics statements="11" coveredstatements="11" conditionals="40" coveredconditionals="34" methods="5" coveredmethods="5"/>
        <line num="13" count="1" type="stmt"/>
        <line num="14" count="27" type="cond" truecount="1" falsecount="1"/>
        <line num="15" count="27" type="stmt"/>
        <line num="22" count="1" type="stmt"/>
        <line num="23" count="22" type="stmt"/>
        <line num="35" count="19" type="cond" truecount="4" falsecount="0"/>
        <line num="37" count="17" type="stmt"/>
        <line num="39" count="34" type="stmt"/>
        <line num="44" count="17" type="stmt"/>
        <line num="45" count="1" type="stmt"/>
        <line num="48" count="17" type="stmt"/>
      </file>
    </package>
    <package name="src.react-app.components.ui">
      <metrics statements="19" coveredstatements="19" conditionals="10" coveredconditionals="8" methods="15" coveredmethods="15"/>
      <file name="badge.tsx" path="C:\Users\dell\Desktop\PPORGAMACION\proyectos de prueva\Gastro Manager\src\react-app\components\ui\badge.tsx">
        <metrics statements="3" coveredstatements="3" conditionals="4" coveredconditionals="3" methods="1" coveredmethods="1"/>
        <line num="7" count="4" type="stmt"/>
        <line num="33" count="1296" type="cond" truecount="1" falsecount="1"/>
        <line num="35" count="1296" type="stmt"/>
      </file>
      <file name="button.tsx" path="C:\Users\dell\Desktop\PPORGAMACION\proyectos de prueva\Gastro Manager\src\react-app\components\ui\button.tsx">
        <metrics statements="3" coveredstatements="3" conditionals="5" coveredconditionals="4" methods="1" coveredmethods="1"/>
        <line num="7" count="10" type="stmt"/>
        <line num="47" count="506" type="cond" truecount="1" falsecount="1"/>
        <line num="49" count="506" type="stmt"/>
      </file>
      <file name="card.tsx" path="C:\Users\dell\Desktop\PPORGAMACION\proyectos de prueva\Gastro Manager\src\react-app\components\ui\card.tsx">
        <metrics statements="5" coveredstatements="5" conditionals="1" coveredconditionals="1" methods="5" coveredmethods="5"/>
        <line num="10" count="877" type="stmt"/>
        <line num="21" count="835" type="stmt"/>
        <line num="34" count="835" type="stmt"/>
        <line num="44" count="668" type="stmt"/>
        <line num="54" count="877" type="stmt"/>
      </file>
      <file name="input.tsx" path="C:\Users\dell\Desktop\PPORGAMACION\proyectos de prueva\Gastro Manager\src\react-app\components\ui\input.tsx">
        <metrics statements="1" coveredstatements="1" conditionals="0" coveredconditionals="0" methods="1" coveredmethods="1"/>
        <line num="6" count="1476" type="stmt"/>
      </file>
      <file name="label.tsx" path="C:\Users\dell\Desktop\PPORGAMACION\proyectos de prueva\Gastro Manager\src\react-app\components\ui\label.tsx">
        <metrics statements="1" coveredstatements="1" conditionals="0" coveredconditionals="0" methods="1" coveredmethods="1"/>
        <line num="10" count="220" type="stmt"/>
      </file>
      <file name="table.tsx" path="C:\Users\dell\Desktop\PPORGAMACION\proyectos de prueva\Gastro Manager\src\react-app\components\ui\table.tsx">
        <metrics statements="6" coveredstatements="6" conditionals="0" coveredconditionals="0" methods="6" coveredmethods="6"/>
        <line num="6" count="53" type="stmt"/>
        <line num="18" count="53" type="stmt"/>
        <line num="28" count="53" type="stmt"/>
        <line num="38" count="1263" type="stmt"/>
        <line num="48" count="554" type="stmt"/>
        <line num="58" count="14438" type="stmt"/>
      </file>
    </package>
    <package name="src.react-app.context">
      <metrics statements="84" coveredstatements="34" conditionals="30" coveredconditionals="8" methods="27" coveredmethods="13"/>
      <file name="AuthContext.tsx" path="C:\Users\dell\Desktop\PPORGAMACION\proyectos de prueva\Gastro Manager\src\react-app\context\AuthContext.tsx">
        <metrics statements="49" coveredstatements="1" conditionals="20" coveredconditionals="0" methods="13" coveredmethods="0"/>
        <line num="24" count="2" type="stmt"/>
        <line num="27" count="0" type="stmt"/>
        <line num="28" count="0" type="stmt"/>
        <line num="29" count="0" type="cond" truecount="0" falsecount="2"/>
        <line num="31" count="0" type="stmt"/>
        <line num="36" count="0" type="stmt"/>
        <line num="37" count="0" type="stmt"/>
        <line num="38" count="0" type="stmt"/>
        <line num="39" count="0" type="stmt"/>
        <line num="41" count="0" type="stmt"/>
        <line num="42" count="0" type="stmt"/>
        <line num="43" count="0" type="cond" truecount="0" falsecount="2"/>
        <line num="44" count="0" type="stmt"/>
        <line num="46" count="0" type="stmt"/>
        <line num="50" count="0" type="stmt"/>
        <line num="51" count="0" type="stmt"/>
        <line num="52" count="0" type="stmt"/>
        <line num="53" count="0" type="stmt"/>
        <line num="54" count="0" type="cond" truecount="0" falsecount="2"/>
        <line num="55" count="0" type="stmt"/>
        <line num="56" count="0" type="stmt"/>
        <line num="57" count="0" type="cond" truecount="0" falsecount="2"/>
        <line num="58" count="0" type="stmt"/>
        <line num="59" count="0" type="cond" truecount="0" falsecount="2"/>
        <line num="61" count="0" type="stmt"/>
        <line num="62" count="0" type="stmt"/>
        <line num="64" count="0" type="stmt"/>
        <line num="73" count="0" type="stmt"/>
        <line num="74" count="0" type="stmt"/>
        <line num="75" count="0" type="cond" truecount="0" falsecount="2"/>
        <line num="77" count="0" type="cond" truecount="0" falsecount="2"/>
        <line num="78" count="0" type="stmt"/>
        <line num="79" count="0" type="stmt"/>
        <line num="84" count="0" type="stmt"/>
        <line num="85" count="0" type="stmt"/>
        <line num="88" count="0" type="stmt"/>
        <line num="89" count="0" type="cond" truecount="0" falsecount="2"/>
        <line num="90" count="0" type="stmt"/>
        <line num="92" count="0" type="stmt"/>
        <line num="96" count="0" type="stmt"/>
        <line num="97" count="0" type="stmt"/>
        <line num="98" count="0" type="stmt"/>
        <line num="99" count="0" type="stmt"/>
        <line num="100" count="0" type="stmt"/>
        <line num="101" count="0" type="stmt"/>
        <line num="104" count="0" type="stmt"/>
        <line num="114" count="0" type="stmt"/>
        <line num="115" count="0" type="cond" truecount="0" falsecount="2"/>
        <line num="116" count="0" type="stmt"/>
      </file>
      <file name="ChatContext.tsx" path="C:\Users\dell\Desktop\PPORGAMACION\proyectos de prueva\Gastro Manager\src\react-app\context\ChatContext.tsx">
        <metrics statements="6" coveredstatements="6" conditionals="2" coveredconditionals="2" methods="2" coveredmethods="2"/>
        <line num="7" count="2" type="stmt"/>
        <line num="10" count="1" type="stmt"/>
        <line num="11" count="1" type="stmt"/>
        <line num="15" count="4" type="stmt"/>
        <line num="16" count="4" type="cond" truecount="2" falsecount="0"/>
        <line num="17" count="1" type="stmt"/>
      </file>
      <file name="UsageLimitModalContext.tsx" path="C:\Users\dell\Desktop\PPORGAMACION\proyectos de prueva\Gastro Manager\src\react-app\context\UsageLimitModalContext.tsx">
        <metrics statements="29" coveredstatements="27" conditionals="8" coveredconditionals="6" methods="12" coveredmethods="11"/>
        <line num="21" count="1" type="stmt"/>
        <line num="30" count="3" type="stmt"/>
        <line num="31" count="3" type="stmt"/>
        <line num="32" count="3" type="stmt"/>
        <line num="34" count="3" type="stmt"/>
        <line num="35" count="1" type="cond" truecount="1" falsecount="1"/>
        <line num="38" count="3" type="stmt"/>
        <line num="39" count="3" type="stmt"/>
        <line num="40" count="3" type="stmt"/>
        <line num="41" count="3" type="stmt"/>
        <line num="45" count="3" type="stmt"/>
        <line num="129" count="0" type="stmt"/>
        <line num="130" count="0" type="stmt"/>
        <line num="146" count="8" type="stmt"/>
        <line num="148" count="8" type="stmt"/>
        <line num="149" count="2" type="stmt"/>
        <line num="152" count="8" type="stmt"/>
        <line num="153" count="3" type="stmt"/>
        <line num="156" count="8" type="stmt"/>
        <line num="157" count="3" type="stmt"/>
        <line num="158" count="3" type="stmt"/>
        <line num="159" count="3" type="cond" truecount="1" falsecount="1"/>
        <line num="160" count="3" type="stmt"/>
        <line num="163" count="3" type="stmt"/>
        <line num="164" count="3" type="stmt"/>
        <line num="165" count="3" type="stmt"/>
        <line num="169" count="8" type="stmt"/>
        <line num="170" count="3" type="stmt"/>
        <line num="177" count="8" type="stmt"/>
      </file>
    </package>
    <package name="src.react-app.hooks">
      <metrics statements="396" coveredstatements="265" conditionals="173" coveredconditionals="117" methods="67" coveredmethods="47"/>
      <file name="useAdmin.ts" path="C:\Users\dell\Desktop\PPORGAMACION\proyectos de prueva\Gastro Manager\src\react-app\hooks\useAdmin.ts">
        <metrics statements="128" coveredstatements="0" conditionals="36" coveredconditionals="0" methods="19" coveredmethods="0"/>
        <line num="112" count="0" type="stmt"/>
        <line num="113" count="0" type="stmt"/>
        <line num="114" count="0" type="stmt"/>
        <line num="115" count="0" type="stmt"/>
        <line num="116" count="0" type="stmt"/>
        <line num="117" count="0" type="stmt"/>
        <line num="118" count="0" type="stmt"/>
        <line num="119" count="0" type="stmt"/>
        <line num="120" count="0" type="stmt"/>
        <line num="121" count="0" type="stmt"/>
        <line num="123" count="0" type="stmt"/>
        <line num="124" count="0" type="stmt"/>
        <line num="127" count="0" type="stmt"/>
        <line num="128" count="0" type="stmt"/>
        <line num="129" count="0" type="stmt"/>
        <line num="130" count="0" type="stmt"/>
        <line num="131" count="0" type="cond" truecount="0" falsecount="2"/>
        <line num="132" count="0" type="stmt"/>
        <line num="135" count="0" type="stmt"/>
        <line num="137" count="0" type="stmt"/>
        <line num="141" count="0" type="stmt"/>
        <line num="142" count="0" type="stmt"/>
        <line num="143" count="0" type="stmt"/>
        <line num="144" count="0" type="stmt"/>
        <line num="145" count="0" type="cond" truecount="0" falsecount="2"/>
        <line num="146" count="0" type="stmt"/>
        <line num="149" count="0" type="stmt"/>
        <line num="153" count="0" type="stmt"/>
        <line num="154" count="0" type="stmt"/>
        <line num="155" count="0" type="stmt"/>
        <line num="156" count="0" type="stmt"/>
        <line num="157" count="0" type="cond" truecount="0" falsecount="2"/>
        <line num="158" count="0" type="stmt"/>
        <line num="161" count="0" type="stmt"/>
        <line num="165" count="0" type="stmt"/>
        <line num="166" count="0" type="stmt"/>
        <line num="167" count="0" type="stmt"/>
        <line num="172" count="0" type="stmt"/>
        <line num="173" count="0" type="cond" truecount="0" falsecount="2"/>
        <line num="174" count="0" type="stmt"/>
        <line num="175" count="0" type="stmt"/>
        <line num="177" count="0" type="stmt"/>
        <line num="179" count="0" type="stmt"/>
        <line num="180" count="0" type="stmt"/>
        <line num="184" count="0" type="stmt"/>
        <line num="185" count="0" type="stmt"/>
        <line num="186" count="0" type="stmt"/>
        <line num="187" count="0" type="stmt"/>
        <line num="188" count="0" type="cond" truecount="0" falsecount="2"/>
        <line num="192" count="0" type="stmt"/>
        <line num="193" count="0" type="stmt"/>
        <line num="194" count="0" type="stmt"/>
        <line num="195" count="0" type="stmt"/>
        <line num="196" count="0" type="cond" truecount="0" falsecount="2"/>
        <line num="200" count="0" type="stmt"/>
        <line num="201" count="0" type="stmt"/>
        <line num="202" count="0" type="stmt"/>
        <line num="207" count="0" type="stmt"/>
        <line num="208" count="0" type="cond" truecount="0" falsecount="2"/>
        <line num="209" count="0" type="stmt"/>
        <line num="211" count="0" type="stmt"/>
        <line num="215" count="0" type="stmt"/>
        <line num="216" count="0" type="stmt"/>
        <line num="217" count="0" type="stmt"/>
        <line num="218" count="0" type="stmt"/>
        <line num="219" count="0" type="cond" truecount="0" falsecount="2"/>
        <line num="223" count="0" type="stmt"/>
        <line num="224" count="0" type="stmt"/>
        <line num="225" count="0" type="stmt"/>
        <line num="226" count="0" type="stmt"/>
        <line num="227" count="0" type="cond" truecount="0" falsecount="2"/>
        <line num="228" count="0" type="stmt"/>
        <line num="230" count="0" type="stmt"/>
        <line num="234" count="0" type="stmt"/>
        <line num="235" count="0" type="stmt"/>
        <line num="236" count="0" type="stmt"/>
        <line num="237" count="0" type="stmt"/>
        <line num="238" count="0" type="cond" truecount="0" falsecount="2"/>
        <line num="239" count="0" type="stmt"/>
        <line num="241" count="0" type="stmt"/>
        <line num="245" count="0" type="stmt"/>
        <line num="246" count="0" type="stmt"/>
        <line num="247" count="0" type="stmt"/>
        <line num="250" count="0" type="stmt"/>
        <line num="251" count="0" type="cond" truecount="0" falsecount="2"/>
        <line num="252" count="0" type="stmt"/>
        <line num="253" count="0" type="stmt"/>
        <line num="255" count="0" type="stmt"/>
        <line num="257" count="0" type="stmt"/>
        <line num="258" count="0" type="stmt"/>
        <line num="262" count="0" type="stmt"/>
        <line num="263" count="0" type="stmt"/>
        <line num="264" count="0" type="cond" truecount="0" falsecount="2"/>
        <line num="265" count="0" type="stmt"/>
        <line num="266" count="0" type="stmt"/>
        <line num="267" count="0" type="cond" truecount="0" falsecount="2"/>
        <line num="269" count="0" type="stmt"/>
        <line num="273" count="0" type="stmt"/>
        <line num="274" count="0" type="stmt"/>
        <line num="275" count="0" type="stmt"/>
        <line num="276" count="0" type="stmt"/>
        <line num="277" count="0" type="cond" truecount="0" falsecount="2"/>
        <line num="279" count="0" type="stmt"/>
        <line num="283" count="0" type="stmt"/>
        <line num="284" count="0" type="stmt"/>
        <line num="285" count="0" type="stmt"/>
        <line num="286" count="0" type="stmt"/>
        <line num="287" count="0" type="cond" truecount="0" falsecount="2"/>
        <line num="291" count="0" type="stmt"/>
        <line num="292" count="0" type="stmt"/>
        <line num="293" count="0" type="stmt"/>
        <line num="294" count="0" type="stmt"/>
        <line num="295" count="0" type="cond" truecount="0" falsecount="2"/>
        <line num="299" count="0" type="stmt"/>
        <line num="300" count="0" type="stmt"/>
        <line num="301" count="0" type="stmt"/>
        <line num="302" count="0" type="stmt"/>
        <line num="303" count="0" type="cond" truecount="0" falsecount="2"/>
        <line num="304" count="0" type="stmt"/>
        <line num="305" count="0" type="stmt"/>
        <line num="308" count="0" type="stmt"/>
        <line num="309" count="0" type="stmt"/>
        <line num="310" count="0" type="stmt"/>
        <line num="311" count="0" type="stmt"/>
        <line num="312" count="0" type="cond" truecount="0" falsecount="2"/>
        <line num="313" count="0" type="stmt"/>
        <line num="314" count="0" type="stmt"/>
        <line num="317" count="0" type="stmt"/>
      </file>
      <file name="useChat.ts" path="C:\Users\dell\Desktop\PPORGAMACION\proyectos de prueva\Gastro Manager\src\react-app\hooks\useChat.ts">
        <metrics statements="43" coveredstatements="43" conditionals="25" coveredconditionals="21" methods="8" coveredmethods="8"/>
        <line num="5" count="2" type="stmt"/>
        <line num="8" count="5" type="stmt"/>
        <line num="18" count="42" type="stmt"/>
        <line num="19" count="42" type="stmt"/>
        <line num="20" count="42" type="stmt"/>
        <line num="21" count="42" type="stmt"/>
        <line num="23" count="42" type="stmt"/>
        <line num="24" count="23" type="cond" truecount="2" falsecount="0"/>
        <line num="26" count="22" type="stmt"/>
        <line num="31" count="22" type="stmt"/>
        <line num="32" count="22" type="stmt"/>
        <line num="33" count="22" type="stmt"/>
        <line num="35" count="22" type="stmt"/>
        <line num="36" count="22" type="stmt"/>
        <line num="41" count="22" type="stmt"/>
        <line num="47" count="20" type="stmt"/>
        <line num="49" count="20" type="cond" truecount="4" falsecount="0"/>
        <line num="50" count="1" type="cond" truecount="1" falsecount="1"/>
        <line num="53" count="19" type="stmt"/>
        <line num="58" count="19" type="stmt"/>
        <line num="60" count="3" type="cond" truecount="1" falsecount="1"/>
        <line num="61" count="3" type="stmt"/>
        <line num="63" count="22" type="stmt"/>
        <line num="67" count="42" type="stmt"/>
        <line num="68" count="1" type="stmt"/>
        <line num="69" count="1" type="stmt"/>
        <line num="72" count="42" type="stmt"/>
        <line num="73" count="6" type="cond" truecount="4" falsecount="0"/>
        <line num="75" count="5" type="stmt"/>
        <line num="76" count="6" type="cond" truecount="1" falsecount="1"/>
        <line num="77" count="6" type="cond" truecount="1" falsecount="1"/>
        <line num="79" count="6" type="stmt"/>
        <line num="80" count="6" type="stmt"/>
        <line num="81" count="6" type="stmt"/>
        <line num="82" count="6" type="stmt"/>
        <line num="84" count="6" type="stmt"/>
        <line num="86" count="6" type="stmt"/>
        <line num="87" count="6" type="cond" truecount="2" falsecount="0"/>
        <line num="88" count="6" type="stmt"/>
        <line num="90" count="6" type="cond" truecount="5" falsecount="0"/>
        <line num="91" count="4" type="stmt"/>
        <line num="92" count="4" type="stmt"/>
        <line num="98" count="42" type="stmt"/>
      </file>
      <file name="useModulePrefs.ts" path="C:\Users\dell\Desktop\PPORGAMACION\proyectos de prueva\Gastro Manager\src\react-app\hooks\useModulePrefs.ts">
        <metrics statements="46" coveredstatements="43" conditionals="28" coveredconditionals="24" methods="16" coveredmethods="15"/>
        <line num="6" count="1" type="stmt"/>
        <line num="16" count="1" type="stmt"/>
        <line num="34" count="5" type="cond" truecount="2" falsecount="0"/>
        <line num="38" count="2" type="cond" truecount="4" falsecount="0"/>
        <line num="39" count="1" type="stmt"/>
        <line num="42" count="1" type="stmt"/>
        <line num="43" count="1" type="cond" truecount="1" falsecount="1"/>
        <line num="44" count="0" type="stmt"/>
        <line num="47" count="5" type="stmt"/>
        <line num="51" count="2" type="cond" truecount="2" falsecount="0"/>
        <line num="54" count="1" type="stmt"/>
        <line num="63" count="8" type="stmt"/>
        <line num="64" count="8" type="stmt"/>
        <line num="65" count="8" type="stmt"/>
        <line num="66" count="8" type="stmt"/>
        <line num="68" count="8" type="stmt"/>
        <line num="69" count="5" type="cond" truecount="2" falsecount="0"/>
        <line num="71" count="2" type="stmt"/>
        <line num="72" count="2" type="stmt"/>
        <line num="74" count="2" type="cond" truecount="2" falsecount="0"/>
        <line num="75" count="1" type="stmt"/>
        <line num="78" count="1" type="cond" truecount="1" falsecount="1"/>
        <line num="79" count="1" type="stmt"/>
        <line num="82" count="1" type="stmt"/>
        <line num="85" count="8" type="stmt"/>
        <line num="87" count="8" type="stmt"/>
        <line num="88" count="5" type="cond" truecount="4" falsecount="0"/>
        <line num="89" count="4" type="stmt"/>
        <line num="90" count="4" type="stmt"/>
        <line num="93" count="1" type="stmt"/>
        <line num="94" count="1" type="stmt"/>
        <line num="96" count="1" type="cond" truecount="3" falsecount="1"/>
        <line num="97" count="1" type="stmt"/>
        <line num="100" count="0" type="stmt"/>
        <line num="103" count="8" type="stmt"/>
        <line num="104" count="2" type="stmt"/>
        <line num="107" count="2" type="stmt"/>
        <line num="109" count="2" type="stmt"/>
        <line num="110" count="2" type="stmt"/>
        <line num="115" count="2" type="stmt"/>
        <line num="116" count="2" type="cond" truecount="1" falsecount="1"/>
        <line num="117" count="0" type="stmt"/>
        <line num="120" count="2" type="cond" truecount="2" falsecount="0"/>
        <line num="123" count="1" type="stmt"/>
        <line num="124" count="1" type="stmt"/>
        <line num="128" count="8" type="stmt"/>
      </file>
      <file name="useSalaries.ts" path="C:\Users\dell\Desktop\PPORGAMACION\proyectos de prueva\Gastro Manager\src\react-app\hooks\useSalaries.ts">
        <metrics statements="69" coveredstatements="69" conditionals="34" coveredconditionals="28" methods="7" coveredmethods="7"/>
        <line num="52" count="18" type="stmt"/>
        <line num="53" count="18" type="stmt"/>
        <line num="54" count="18" type="stmt"/>
        <line num="56" count="18" type="stmt"/>
        <line num="57" count="3" type="stmt"/>
        <line num="58" count="3" type="stmt"/>
        <line num="59" count="3" type="stmt"/>
        <line num="61" count="3" type="stmt"/>
        <line num="62" count="3" type="cond" truecount="2" falsecount="0"/>
        <line num="63" count="3" type="cond" truecount="2" falsecount="0"/>
        <line num="65" count="3" type="stmt"/>
        <line num="66" count="2" type="stmt"/>
        <line num="68" count="2" type="cond" truecount="2" falsecount="0"/>
        <line num="69" count="1" type="stmt"/>
        <line num="71" count="1" type="cond" truecount="1" falsecount="1"/>
        <line num="72" count="1" type="stmt"/>
        <line num="75" count="1" type="stmt"/>
        <line num="76" count="1" type="stmt"/>
        <line num="77" count="1" type="stmt"/>
        <line num="79" count="3" type="stmt"/>
        <line num="83" count="18" type="stmt"/>
        <line num="84" count="3" type="stmt"/>
        <line num="85" count="3" type="stmt"/>
        <line num="86" count="3" type="cond" truecount="2" falsecount="0"/>
        <line num="87" count="3" type="cond" truecount="2" falsecount="0"/>
        <line num="89" count="3" type="stmt"/>
        <line num="94" count="3" type="stmt"/>
        <line num="96" count="3" type="cond" truecount="2" falsecount="0"/>
        <line num="97" count="2" type="cond" truecount="2" falsecount="0"/>
        <line num="99" count="1" type="cond" truecount="1" falsecount="1"/>
        <line num="102" count="1" type="stmt"/>
        <line num="103" count="1" type="stmt"/>
        <line num="107" count="18" type="stmt"/>
        <line num="108" count="2" type="stmt"/>
        <line num="109" count="2" type="stmt"/>
        <line num="114" count="2" type="stmt"/>
        <line num="116" count="2" type="cond" truecount="2" falsecount="0"/>
        <line num="117" count="1" type="stmt"/>
        <line num="119" count="1" type="cond" truecount="1" falsecount="1"/>
        <line num="122" count="1" type="stmt"/>
        <line num="123" count="1" type="stmt"/>
        <line num="127" count="18" type="stmt"/>
        <line num="128" count="2" type="stmt"/>
        <line num="129" count="2" type="stmt"/>
        <line num="134" count="2" type="stmt"/>
        <line num="136" count="2" type="cond" truecount="2" falsecount="0"/>
        <line num="137" count="1" type="stmt"/>
        <line num="139" count="1" type="cond" truecount="1" falsecount="1"/>
        <line num="142" count="1" type="stmt"/>
        <line num="143" count="1" type="stmt"/>
        <line num="147" count="18" type="stmt"/>
        <line num="148" count="2" type="stmt"/>
        <line num="149" count="2" type="stmt"/>
        <line num="157" count="2" type="stmt"/>
        <line num="159" count="2" type="cond" truecount="2" falsecount="0"/>
        <line num="160" count="1" type="stmt"/>
        <line num="162" count="1" type="cond" truecount="1" falsecount="1"/>
        <line num="165" count="1" type="stmt"/>
        <line num="166" count="1" type="stmt"/>
        <line num="170" count="18" type="stmt"/>
        <line num="171" count="2" type="stmt"/>
        <line num="172" count="2" type="stmt"/>
        <line num="180" count="2" type="stmt"/>
        <line num="182" count="2" type="cond" truecount="2" falsecount="0"/>
        <line num="183" count="1" type="stmt"/>
        <line num="185" count="1" type="cond" truecount="1" falsecount="1"/>
        <line num="188" count="1" type="stmt"/>
        <line num="189" count="1" type="stmt"/>
        <line num="193" count="18" type="stmt"/>
      </file>
      <file name="useSellers.ts" path="C:\Users\dell\Desktop\PPORGAMACION\proyectos de prueva\Gastro Manager\src\react-app\hooks\useSellers.ts">
        <metrics statements="33" coveredstatements="33" conditionals="12" coveredconditionals="11" methods="4" coveredmethods="4"/>
        <line num="35" count="23" type="stmt"/>
        <line num="36" count="23" type="stmt"/>
        <line num="37" count="23" type="stmt"/>
        <line num="38" count="23" type="stmt"/>
        <line num="39" count="23" type="stmt"/>
        <line num="41" count="23" type="stmt"/>
        <line num="42" count="12" type="stmt"/>
        <line num="43" count="12" type="stmt"/>
        <line num="44" count="12" type="stmt"/>
        <line num="45" count="12" type="stmt"/>
        <line num="46" count="10" type="stmt"/>
        <line num="47" count="10" type="cond" truecount="4" falsecount="0"/>
        <line num="48" count="9" type="stmt"/>
        <line num="49" count="9" type="cond" truecount="2" falsecount="0"/>
        <line num="50" count="9" type="cond" truecount="2" falsecount="0"/>
        <line num="52" count="1" type="stmt"/>
        <line num="53" count="1" type="stmt"/>
        <line num="54" count="1" type="stmt"/>
        <line num="57" count="1" type="stmt"/>
        <line num="59" count="11" type="stmt"/>
        <line num="63" count="23" type="stmt"/>
        <line num="65" count="23" type="stmt"/>
        <line num="66" count="3" type="stmt"/>
        <line num="67" count="3" type="stmt"/>
        <line num="68" count="2" type="stmt"/>
        <line num="69" count="2" type="cond" truecount="2" falsecount="0"/>
        <line num="70" count="1" type="stmt"/>
        <line num="71" count="1" type="stmt"/>
        <line num="73" count="1" type="cond" truecount="1" falsecount="1"/>
        <line num="74" count="3" type="stmt"/>
        <line num="76" count="1" type="stmt"/>
        <line num="77" count="1" type="stmt"/>
        <line num="81" count="23" type="stmt"/>
      </file>
      <file name="useSidebar.tsx" path="C:\Users\dell\Desktop\PPORGAMACION\proyectos de prueva\Gastro Manager\src\react-app\hooks\useSidebar.tsx">
        <metrics statements="16" coveredstatements="16" conditionals="4" coveredconditionals="3" methods="7" coveredmethods="7"/>
        <line num="12" count="1" type="stmt"/>
        <line num="15" count="9" type="stmt"/>
        <line num="16" count="9" type="stmt"/>
        <line num="19" count="9" type="stmt"/>
        <line num="20" count="4" type="stmt"/>
        <line num="21" count="1" type="cond" truecount="1" falsecount="1"/>
        <line num="22" count="1" type="stmt"/>
        <line num="26" count="4" type="stmt"/>
        <line num="27" count="4" type="stmt"/>
        <line num="30" count="9" type="stmt"/>
        <line num="31" count="9" type="stmt"/>
        <line num="33" count="9" type="stmt"/>
        <line num="50" count="11" type="stmt"/>
        <line num="51" count="11" type="cond" truecount="2" falsecount="0"/>
        <line num="52" count="2" type="stmt"/>
        <line num="54" count="9" type="stmt"/>
      </file>
      <file name="useSuscripcion.ts" path="C:\Users\dell\Desktop\PPORGAMACION\proyectos de prueva\Gastro Manager\src\react-app\hooks\useSuscripcion.ts">
        <metrics statements="61" coveredstatements="61" conditionals="34" coveredconditionals="30" methods="6" coveredmethods="6"/>
        <line num="33" count="62" type="stmt"/>
        <line num="34" count="62" type="stmt"/>
        <line num="35" count="62" type="stmt"/>
        <line num="36" count="62" type="stmt"/>
        <line num="38" count="62" type="stmt"/>
        <line num="39" count="26" type="stmt"/>
        <line num="40" count="26" type="stmt"/>
        <line num="41" count="24" type="stmt"/>
        <line num="42" count="24" type="cond" truecount="2" falsecount="0"/>
        <line num="44" count="1" type="stmt"/>
        <line num="46" count="25" type="stmt"/>
        <line num="50" count="62" type="stmt"/>
        <line num="52" count="62" type="stmt"/>
        <line num="53" count="13" type="stmt"/>
        <line num="54" count="13" type="stmt"/>
        <line num="55" count="13" type="stmt"/>
        <line num="60" count="12" type="stmt"/>
        <line num="61" count="12" type="cond" truecount="2" falsecount="0"/>
        <line num="62" count="10" type="stmt"/>
        <line num="63" count="10" type="cond" truecount="2" falsecount="0"/>
        <line num="64" count="10" type="cond" truecount="2" falsecount="0"/>
        <line num="66" count="8" type="cond" truecount="6" falsecount="0"/>
        <line num="68" count="1" type="stmt"/>
        <line num="69" count="1" type="stmt"/>
        <line num="71" count="1" type="stmt"/>
        <line num="72" count="1" type="stmt"/>
        <line num="74" count="2" type="cond" truecount="2" falsecount="0"/>
        <line num="77" count="2" type="stmt"/>
        <line num="79" count="1" type="stmt"/>
        <line num="80" count="1" type="stmt"/>
        <line num="82" count="1" type="stmt"/>
        <line num="83" count="1" type="stmt"/>
        <line num="85" count="2" type="cond" truecount="2" falsecount="0"/>
        <line num="89" count="8" type="cond" truecount="2" falsecount="0"/>
        <line num="91" count="2" type="cond" truecount="2" falsecount="0"/>
        <line num="93" count="10" type="stmt"/>
        <line num="95" count="2" type="stmt"/>
        <line num="96" count="2" type="cond" truecount="1" falsecount="1"/>
        <line num="98" count="1" type="stmt"/>
        <line num="99" count="1" type="stmt"/>
        <line num="101" count="13" type="stmt"/>
        <line num="105" count="62" type="stmt"/>
        <line num="106" count="3" type="stmt"/>
        <line num="107" count="3" type="stmt"/>
        <line num="108" count="3" type="stmt"/>
        <line num="109" count="2" type="cond" truecount="2" falsecount="0"/>
        <line num="110" count="1" type="stmt"/>
        <line num="111" count="1" type="cond" truecount="1" falsecount="1"/>
        <line num="112" count="1" type="stmt"/>
        <line num="114" count="1" type="stmt"/>
        <line num="115" count="1" type="stmt"/>
        <line num="117" count="1" type="stmt"/>
        <line num="118" count="1" type="stmt"/>
        <line num="120" count="3" type="stmt"/>
        <line num="124" count="62" type="stmt"/>
        <line num="125" count="3" type="stmt"/>
        <line num="126" count="3" type="stmt"/>
        <line num="127" count="2" type="cond" truecount="2" falsecount="0"/>
        <line num="128" count="1" type="stmt"/>
        <line num="129" count="1" type="cond" truecount="1" falsecount="1"/>
        <line num="136" count="62" type="stmt"/>
      </file>
    </package>
    <package name="src.react-app.lib">
      <metrics statements="36" coveredstatements="24" conditionals="47" coveredconditionals="14" methods="7" coveredmethods="7"/>
      <file name="api.ts" path="C:\Users\dell\Desktop\PPORGAMACION\proyectos de prueva\Gastro Manager\src\react-app\lib\api.ts">
        <metrics statements="6" coveredstatements="6" conditionals="3" coveredconditionals="3" methods="2" coveredmethods="2"/>
        <line num="13" count="4" type="stmt"/>
        <line num="18" count="4" type="cond" truecount="2" falsecount="0"/>
        <line num="19" count="2" type="stmt"/>
        <line num="22" count="4" type="stmt"/>
        <line num="23" count="4" type="stmt"/>
        <line num="24" count="4" type="stmt"/>
      </file>
      <file name="usageLimitModal.ts" path="C:\Users\dell\Desktop\PPORGAMACION\proyectos de prueva\Gastro Manager\src\react-app\lib\usageLimitModal.ts">
        <metrics statements="29" coveredstatements="17" conditionals="44" coveredconditionals="11" methods="4" coveredmethods="4"/>
        <line num="1" count="4" type="stmt"/>
        <line num="19" count="1" type="stmt"/>
        <line num="20" count="1" type="stmt"/>
        <line num="22" count="0" type="cond" truecount="0" falsecount="2"/>
        <line num="27" count="1" type="cond" truecount="1" falsecount="1"/>
        <line num="28" count="0" type="cond" truecount="0" falsecount="2"/>
        <line num="29" count="0" type="cond" truecount="0" falsecount="4"/>
        <line num="30" count="0" type="cond" truecount="0" falsecount="4"/>
        <line num="31" count="0" type="cond" truecount="0" falsecount="2"/>
        <line num="32" count="0" type="cond" truecount="0" falsecount="4"/>
        <line num="33" count="0" type="cond" truecount="0" falsecount="4"/>
        <line num="34" count="0" type="stmt"/>
        <line num="36" count="0" type="cond" truecount="0" falsecount="2"/>
        <line num="37" count="0" type="cond" truecount="0" falsecount="2"/>
        <line num="38" count="0" type="cond" truecount="0" falsecount="2"/>
        <line num="39" count="0" type="stmt"/>
        <line num="43" count="1" type="cond" truecount="1" falsecount="1"/>
        <line num="44" count="1" type="stmt"/>
        <line num="45" count="1" type="cond" truecount="1" falsecount="1"/>
        <line num="46" count="1" type="stmt"/>
        <line num="47" count="1" type="cond" truecount="1" falsecount="1"/>
        <line num="51" count="4" type="cond" truecount="4" falsecount="0"/>
        <line num="53" count="2" type="stmt"/>
        <line num="54" count="2" type="stmt"/>
        <line num="55" count="2" type="cond" truecount="2" falsecount="0"/>
        <line num="57" count="1" type="stmt"/>
        <line num="58" count="1" type="cond" truecount="1" falsecount="1"/>
        <line num="60" count="4" type="stmt"/>
        <line num="68" count="4" type="stmt"/>
      </file>
      <file name="utils.ts" path="C:\Users\dell\Desktop\PPORGAMACION\proyectos de prueva\Gastro Manager\src\react-app\lib\utils.ts">
        <metrics statements="1" coveredstatements="1" conditionals="0" coveredconditionals="0" methods="1" coveredmethods="1"/>
        <line num="5" count="24004" type="stmt"/>
      </file>
    </package>
    <package name="src.react-app.pages">
      <metrics statements="254" coveredstatements="198" conditionals="271" coveredconditionals="176" methods="93" coveredmethods="65"/>
      <file name="Admin.tsx" path="C:\Users\dell\Desktop\PPORGAMACION\proyectos de prueva\Gastro Manager\src\react-app\pages\Admin.tsx">
        <metrics statements="150" coveredstatements="95" conditionals="189" coveredconditionals="100" methods="61" coveredmethods="36"/>
        <line num="12" count="1" type="stmt"/>
        <line num="31" count="107" type="stmt"/>
        <line num="32" count="107" type="stmt"/>
        <line num="33" count="107" type="stmt"/>
        <line num="34" count="107" type="stmt"/>
        <line num="35" count="107" type="stmt"/>
        <line num="36" count="107" type="stmt"/>
        <line num="37" count="107" type="stmt"/>
        <line num="38" count="107" type="stmt"/>
        <line num="39" count="107" type="stmt"/>
        <line num="40" count="107" type="stmt"/>
        <line num="41" count="107" type="stmt"/>
        <line num="42" count="107" type="stmt"/>
        <line num="43" count="107" type="stmt"/>
        <line num="44" count="107" type="stmt"/>
        <line num="45" count="107" type="stmt"/>
        <line num="46" count="107" type="stmt"/>
        <line num="47" count="107" type="stmt"/>
        <line num="48" count="107" type="stmt"/>
        <line num="49" count="107" type="stmt"/>
        <line num="50" count="107" type="stmt"/>
        <line num="52" count="107" type="stmt"/>
        <line num="53" count="40" type="stmt"/>
        <line num="54" count="40" type="stmt"/>
        <line num="55" count="40" type="stmt"/>
        <line num="56" count="40" type="stmt"/>
        <line num="58" count="4" type="stmt"/>
        <line num="60" count="39" type="stmt"/>
        <line num="64" count="107" type="stmt"/>
        <line num="65" count="39" type="cond" truecount="1" falsecount="1"/>
        <line num="66" count="39" type="stmt"/>
        <line num="67" count="39" type="stmt"/>
        <line num="68" count="39" type="stmt"/>
        <line num="69" count="39" type="stmt"/>
        <line num="70" count="39" type="stmt"/>
        <line num="71" count="39" type="stmt"/>
        <line num="72" count="39" type="stmt"/>
        <line num="77" count="107" type="stmt"/>
        <line num="78" count="39" type="cond" truecount="2" falsecount="0"/>
        <line num="81" count="107" type="stmt"/>
        <line num="82" count="0" type="stmt"/>
        <line num="83" count="0" type="cond" truecount="0" falsecount="2"/>
        <line num="85" count="0" type="stmt"/>
        <line num="86" count="0" type="stmt"/>
        <line num="87" count="0" type="stmt"/>
        <line num="89" count="0" type="cond" truecount="0" falsecount="2"/>
        <line num="90" count="0" type="stmt"/>
        <line num="91" count="0" type="stmt"/>
        <line num="93" count="0" type="cond" truecount="0" falsecount="2"/>
        <line num="97" count="107" type="stmt"/>
        <line num="98" count="0" type="cond" truecount="0" falsecount="2"/>
        <line num="100" count="0" type="stmt"/>
        <line num="101" count="0" type="cond" truecount="0" falsecount="2"/>
        <line num="102" count="0" type="stmt"/>
        <line num="104" count="0" type="cond" truecount="0" falsecount="2"/>
        <line num="108" count="107" type="cond" truecount="1" falsecount="1"/>
        <line num="109" count="0" type="stmt"/>
        <line num="116" count="107" type="cond" truecount="1" falsecount="1"/>
        <line num="117" count="0" type="stmt"/>
        <line num="134" count="107" type="cond" truecount="2" falsecount="0"/>
        <line num="136" count="107" type="stmt"/>
        <line num="137" count="107" type="cond" truecount="2" falsecount="0"/>
        <line num="138" count="51" type="stmt"/>
        <line num="139" count="1658" type="stmt"/>
        <line num="140" count="18" type="cond" truecount="3" falsecount="1"/>
        <line num="145" count="107" type="stmt"/>
        <line num="209" count="240" type="cond" truecount="2" falsecount="0"/>
        <line num="210" count="240" type="cond" truecount="2" falsecount="0"/>
        <line num="211" count="240" type="stmt"/>
        <line num="212" count="240" type="cond" truecount="2" falsecount="0"/>
        <line num="213" count="240" type="cond" truecount="3" falsecount="1"/>
        <line num="214" count="240" type="stmt"/>
        <line num="237" count="1658" type="stmt"/>
        <line num="238" count="42" type="stmt"/>
        <line num="239" count="1658" type="cond" truecount="2" falsecount="2"/>
        <line num="240" count="1658" type="cond" truecount="2" falsecount="2"/>
        <line num="241" count="1658" type="cond" truecount="2" falsecount="4"/>
        <line num="242" count="1658" type="cond" truecount="4" falsecount="0"/>
        <line num="243" count="1604" type="stmt"/>
        <line num="245" count="42" type="stmt"/>
        <line num="246" count="42" type="stmt"/>
        <line num="247" count="42" type="stmt"/>
        <line num="248" count="42" type="cond" truecount="4" falsecount="0"/>
        <line num="249" count="42" type="stmt"/>
        <line num="266" count="2" type="stmt"/>
        <line num="272" count="0" type="stmt"/>
        <line num="281" count="0" type="stmt"/>
        <line num="285" count="45" type="stmt"/>
        <line num="289" count="0" type="stmt"/>
        <line num="293" count="420" type="stmt"/>
        <line num="297" count="1" type="stmt"/>
        <line num="326" count="420" type="stmt"/>
        <line num="338" count="1199" type="stmt"/>
        <line num="339" count="1199" type="stmt"/>
        <line num="361" count="11990" type="stmt"/>
        <line num="379" count="1" type="stmt"/>
        <line num="382" count="6" type="stmt"/>
        <line num="407" count="1070" type="stmt"/>
        <line num="413" count="0" type="cond" truecount="0" falsecount="2"/>
        <line num="423" count="0" type="stmt"/>
        <line num="424" count="0" type="stmt"/>
        <line num="425" count="0" type="stmt"/>
        <line num="426" count="0" type="cond" truecount="0" falsecount="2"/>
        <line num="427" count="0" type="cond" truecount="0" falsecount="2"/>
        <line num="454" count="0" type="stmt"/>
        <line num="457" count="107" type="stmt"/>
        <line num="458" count="107" type="cond" truecount="1" falsecount="1"/>
        <line num="459" count="0" type="stmt"/>
        <line num="460" count="0" type="cond" truecount="0" falsecount="2"/>
        <line num="461" count="0" type="stmt"/>
        <line num="463" count="0" type="stmt"/>
        <line num="466" count="0" type="stmt"/>
        <line num="479" count="0" type="stmt"/>
        <line num="480" count="0" type="cond" truecount="0" falsecount="2"/>
        <line num="481" count="0" type="cond" truecount="0" falsecount="2"/>
        <line num="492" count="0" type="stmt"/>
        <line num="493" count="0" type="cond" truecount="0" falsecount="2"/>
        <line num="494" count="0" type="cond" truecount="0" falsecount="2"/>
        <line num="510" count="21" type="cond" truecount="2" falsecount="0"/>
        <line num="522" count="6" type="stmt"/>
        <line num="523" count="3" type="stmt"/>
        <line num="531" count="0" type="stmt"/>
        <line num="532" count="0" type="cond" truecount="0" falsecount="2"/>
        <line num="533" count="0" type="cond" truecount="0" falsecount="2"/>
        <line num="559" count="642" type="stmt"/>
        <line num="561" count="0" type="cond" truecount="0" falsecount="2"/>
        <line num="579" count="0" type="stmt"/>
        <line num="586" count="0" type="stmt"/>
        <line num="587" count="0" type="stmt"/>
        <line num="588" count="0" type="cond" truecount="0" falsecount="2"/>
        <line num="589" count="0" type="stmt"/>
        <line num="591" count="0" type="stmt"/>
        <line num="592" count="0" type="stmt"/>
        <line num="593" count="0" type="stmt"/>
        <line num="594" count="0" type="stmt"/>
        <line num="597" count="0" type="stmt"/>
        <line num="637" count="0" type="stmt"/>
        <line num="681" count="214" type="stmt"/>
        <line num="683" count="2" type="stmt"/>
        <line num="713" count="1" type="stmt"/>
        <line num="734" count="20" type="stmt"/>
        <line num="766" count="1" type="stmt"/>
        <line num="767" count="1" type="stmt"/>
        <line num="768" count="1" type="stmt"/>
        <line num="786" count="1" type="stmt"/>
        <line num="787" count="1" type="stmt"/>
        <line num="788" count="1" type="stmt"/>
        <line num="822" count="0" type="stmt"/>
        <line num="834" count="0" type="stmt"/>
        <line num="851" count="0" type="stmt"/>
      </file>
      <file name="AuthCallback.tsx" path="C:\Users\dell\Desktop\PPORGAMACION\proyectos de prueva\Gastro Manager\src\react-app\pages\AuthCallback.tsx">
        <metrics statements="24" coveredstatements="24" conditionals="16" coveredconditionals="15" methods="5" coveredmethods="5"/>
        <line num="6" count="14" type="stmt"/>
        <line num="7" count="14" type="stmt"/>
        <line num="8" count="14" type="stmt"/>
        <line num="10" count="14" type="stmt"/>
        <line num="11" count="8" type="stmt"/>
        <line num="12" count="8" type="stmt"/>
        <line num="13" count="8" type="stmt"/>
        <line num="14" count="8" type="cond" truecount="2" falsecount="0"/>
        <line num="16" count="7" type="stmt"/>
        <line num="22" count="4" type="stmt"/>
        <line num="24" count="4" type="cond" truecount="2" falsecount="0"/>
        <line num="25" count="1" type="stmt"/>
        <line num="26" count="1" type="stmt"/>
        <line num="29" count="3" type="cond" truecount="4" falsecount="0"/>
        <line num="30" count="1" type="cond" truecount="1" falsecount="1"/>
        <line num="33" count="2" type="stmt"/>
        <line num="34" count="2" type="stmt"/>
        <line num="35" count="2" type="stmt"/>
        <line num="38" count="4" type="stmt"/>
        <line num="39" count="4" type="stmt"/>
        <line num="40" count="4" type="stmt"/>
        <line num="44" count="8" type="stmt"/>
        <line num="47" count="14" type="stmt"/>
        <line num="71" count="1" type="stmt"/>
      </file>
      <file name="Dashboard.tsx" path="C:\Users\dell\Desktop\PPORGAMACION\proyectos de prueva\Gastro Manager\src\react-app\pages\Dashboard.tsx">
        <metrics statements="17" coveredstatements="17" conditionals="18" coveredconditionals="18" methods="6" coveredmethods="6"/>
        <line num="10" count="12" type="stmt"/>
        <line num="11" count="12" type="stmt"/>
        <line num="12" count="12" type="stmt"/>
        <line num="13" count="12" type="stmt"/>
        <line num="15" count="12" type="stmt"/>
        <line num="16" count="10" type="stmt"/>
        <line num="19" count="12" type="stmt"/>
        <line num="20" count="10" type="stmt"/>
        <line num="24" count="12" type="stmt"/>
        <line num="25" count="2" type="stmt"/>
        <line num="26" count="2" type="cond" truecount="4" falsecount="0"/>
        <line num="27" count="1" type="stmt"/>
        <line num="28" count="1" type="stmt"/>
        <line num="29" count="1" type="stmt"/>
        <line num="32" count="12" type="stmt"/>
        <line num="72" count="4" type="stmt"/>
        <line num="121" count="1" type="stmt"/>
      </file>
      <file name="LandingPage.tsx" path="C:\Users\dell\Desktop\PPORGAMACION\proyectos de prueva\Gastro Manager\src\react-app\pages\LandingPage.tsx">
        <metrics statements="44" coveredstatements="43" conditionals="16" coveredconditionals="14" methods="16" coveredmethods="14"/>
        <line num="11" count="30" type="stmt"/>
        <line num="12" count="25" type="stmt"/>
        <line num="13" count="0" type="cond" truecount="0" falsecount="2"/>
        <line num="16" count="576" type="stmt"/>
        <line num="17" count="25" type="stmt"/>
        <line num="22" count="29" type="stmt"/>
        <line num="23" count="29" type="stmt"/>
        <line num="31" count="29" type="stmt"/>
        <line num="35" count="29" type="stmt"/>
        <line num="36" count="174" type="stmt"/>
        <line num="37" count="174" type="stmt"/>
        <line num="38" count="174" type="stmt"/>
        <line num="39" count="174" type="stmt"/>
        <line num="40" count="56898" type="stmt"/>
        <line num="41" count="56898" type="cond" truecount="2" falsecount="0"/>
        <line num="43" count="174" type="stmt"/>
        <line num="45" count="29" type="stmt"/>
        <line num="49" count="174" type="stmt"/>
        <line num="68" count="1" type="stmt"/>
        <line num="69" count="75" type="stmt"/>
        <line num="78" count="30" type="stmt"/>
        <line num="79" count="30" type="stmt"/>
        <line num="80" count="30" type="stmt"/>
        <line num="81" count="30" type="stmt"/>
        <line num="82" count="30" type="stmt"/>
        <line num="84" count="30" type="cond" truecount="4" falsecount="0"/>
        <line num="85" count="1" type="stmt"/>
        <line num="88" count="29" type="stmt"/>
        <line num="89" count="4" type="stmt"/>
        <line num="90" count="4" type="stmt"/>
        <line num="91" count="4" type="stmt"/>
        <line num="92" count="1" type="stmt"/>
        <line num="93" count="1" type="stmt"/>
        <line num="95" count="1" type="stmt"/>
        <line num="96" count="1" type="stmt"/>
        <line num="100" count="29" type="stmt"/>
        <line num="139" count="29" type="stmt"/>
        <line num="148" count="29" type="stmt"/>
        <line num="154" count="29" type="stmt"/>
        <line num="161" count="29" type="stmt"/>
        <line num="276" count="174" type="stmt"/>
        <line num="316" count="174" type="stmt"/>
        <line num="353" count="87" type="stmt"/>
        <line num="372" count="116" type="stmt"/>
      </file>
      <file name="Sellers.tsx" path="C:\Users\dell\Desktop\PPORGAMACION\proyectos de prueva\Gastro Manager\src\react-app\pages\Sellers.tsx">
        <metrics statements="19" coveredstatements="19" conditionals="32" coveredconditionals="29" methods="5" coveredmethods="4"/>
        <line num="9" count="1" type="stmt"/>
        <line num="15" count="1" type="stmt"/>
        <line num="24" count="27" type="stmt"/>
        <line num="25" count="27" type="stmt"/>
        <line num="26" count="27" type="stmt"/>
        <line num="28" count="27" type="cond" truecount="2" falsecount="0"/>
        <line num="32" count="27" type="stmt"/>
        <line num="33" count="1" type="stmt"/>
        <line num="34" count="1" type="stmt"/>
        <line num="35" count="1" type="stmt"/>
        <line num="38" count="27" type="stmt"/>
        <line num="39" count="2" type="cond" truecount="1" falsecount="1"/>
        <line num="40" count="2" type="stmt"/>
        <line num="41" count="2" type="stmt"/>
        <line num="42" count="2" type="stmt"/>
        <line num="45" count="27" type="cond" truecount="2" falsecount="0"/>
        <line num="46" count="1" type="stmt"/>
        <line num="53" count="26" type="stmt"/>
        <line num="190" count="7" type="stmt"/>
      </file>
    </package>
    <package name="src.react-app.pages.modulos">
      <metrics statements="143" coveredstatements="86" conditionals="106" coveredconditionals="59" methods="55" coveredmethods="26"/>
      <file name="Employees.tsx" path="C:\Users\dell\Desktop\PPORGAMACION\proyectos de prueva\Gastro Manager\src\react-app\pages\modulos\Employees.tsx">
        <metrics statements="89" coveredstatements="43" conditionals="82" coveredconditionals="40" methods="37" coveredmethods="14"/>
        <line num="31" count="15" type="stmt"/>
        <line num="32" count="15" type="stmt"/>
        <line num="33" count="15" type="stmt"/>
        <line num="34" count="15" type="stmt"/>
        <line num="35" count="15" type="stmt"/>
        <line num="36" count="15" type="stmt"/>
        <line num="37" count="15" type="stmt"/>
        <line num="38" count="15" type="stmt"/>
        <line num="39" count="15" type="stmt"/>
        <line num="40" count="15" type="stmt"/>
        <line num="41" count="15" type="stmt"/>
        <line num="42" count="15" type="stmt"/>
        <line num="44" count="15" type="stmt"/>
        <line num="46" count="30" type="cond" truecount="1" falsecount="1"/>
        <line num="50" count="30" type="cond" truecount="1" falsecount="4"/>
        <line num="54" count="30" type="cond" truecount="2" falsecount="0"/>
        <line num="57" count="30" type="stmt"/>
        <line num="58" count="30" type="stmt"/>
        <line num="60" count="15" type="stmt"/>
        <line num="61" count="45" type="cond" truecount="1" falsecount="1"/>
        <line num="62" count="45" type="stmt"/>
        <line num="69" count="15" type="stmt"/>
        <line num="70" count="0" type="stmt"/>
        <line num="71" count="0" type="cond" truecount="0" falsecount="2"/>
        <line num="72" count="0" type="stmt"/>
        <line num="73" count="0" type="stmt"/>
        <line num="75" count="0" type="stmt"/>
        <line num="76" count="0" type="stmt"/>
        <line num="79" count="0" type="cond" truecount="0" falsecount="2"/>
        <line num="80" count="0" type="stmt"/>
        <line num="84" count="15" type="stmt"/>
        <line num="85" count="0" type="stmt"/>
        <line num="86" count="0" type="stmt"/>
        <line num="87" count="0" type="stmt"/>
        <line num="90" count="15" type="stmt"/>
        <line num="91" count="3" type="stmt"/>
        <line num="92" count="3" type="stmt"/>
        <line num="95" count="15" type="stmt"/>
        <line num="96" count="0" type="stmt"/>
        <line num="97" count="0" type="stmt"/>
        <line num="100" count="15" type="stmt"/>
        <line num="101" count="2" type="stmt"/>
        <line num="102" count="2" type="stmt"/>
        <line num="115" count="2" type="cond" truecount="1" falsecount="1"/>
        <line num="117" count="0" type="cond" truecount="0" falsecount="2"/>
        <line num="121" count="15" type="stmt"/>
        <line num="122" count="0" type="stmt"/>
        <line num="123" count="0" type="stmt"/>
        <line num="124" count="0" type="stmt"/>
        <line num="126" count="0" type="cond" truecount="0" falsecount="2"/>
        <line num="128" count="0" type="stmt"/>
        <line num="129" count="0" type="stmt"/>
        <line num="133" count="15" type="stmt"/>
        <line num="134" count="0" type="stmt"/>
        <line num="135" count="0" type="stmt"/>
        <line num="138" count="15" type="cond" truecount="1" falsecount="1"/>
        <line num="139" count="0" type="stmt"/>
        <line num="146" count="15" type="cond" truecount="1" falsecount="1"/>
        <line num="147" count="0" type="stmt"/>
        <line num="151" count="0" type="stmt"/>
        <line num="156" count="15" type="stmt"/>
        <line num="171" count="0" type="stmt"/>
        <line num="192" count="0" type="stmt"/>
        <line num="200" count="0" type="stmt"/>
        <line num="207" count="0" type="stmt"/>
        <line num="214" count="0" type="stmt"/>
        <line num="225" count="30" type="stmt"/>
        <line num="228" count="3" type="stmt"/>
        <line num="237" count="60" type="stmt"/>
        <line num="253" count="0" type="cond" truecount="0" falsecount="2"/>
        <line num="260" count="0" type="stmt"/>
        <line num="262" count="0" type="stmt"/>
        <line num="269" count="0" type="stmt"/>
        <line num="296" count="4" type="stmt"/>
        <line num="298" count="2" type="stmt"/>
        <line num="308" count="2" type="stmt"/>
        <line num="320" count="0" type="stmt"/>
        <line num="381" count="0" type="stmt"/>
        <line num="382" count="0" type="stmt"/>
        <line num="387" count="0" type="stmt"/>
        <line num="388" count="0" type="stmt"/>
        <line num="396" count="0" type="stmt"/>
        <line num="397" count="0" type="cond" truecount="0" falsecount="2"/>
        <line num="398" count="0" type="stmt"/>
        <line num="408" count="0" type="stmt"/>
        <line num="418" count="0" type="stmt"/>
        <line num="425" count="0" type="stmt"/>
        <line num="438" count="0" type="stmt"/>
        <line num="445" count="1" type="stmt"/>
      </file>
      <file name="Salaries.tsx" path="C:\Users\dell\Desktop\PPORGAMACION\proyectos de prueva\Gastro Manager\src\react-app\pages\modulos\Salaries.tsx">
        <metrics statements="54" coveredstatements="43" conditionals="24" coveredconditionals="19" methods="18" coveredmethods="12"/>
        <line num="30" count="26" type="stmt"/>
        <line num="31" count="26" type="stmt"/>
        <line num="32" count="26" type="stmt"/>
        <line num="34" count="26" type="stmt"/>
        <line num="35" count="26" type="stmt"/>
        <line num="36" count="26" type="stmt"/>
        <line num="37" count="26" type="stmt"/>
        <line num="38" count="26" type="stmt"/>
        <line num="39" count="26" type="stmt"/>
        <line num="40" count="26" type="stmt"/>
        <line num="42" count="26" type="stmt"/>
        <line num="43" count="14" type="stmt"/>
        <line num="44" count="14" type="stmt"/>
        <line num="45" count="13" type="stmt"/>
        <line num="46" count="13" type="stmt"/>
        <line num="49" count="26" type="stmt"/>
        <line num="50" count="12" type="stmt"/>
        <line num="54" count="26" type="stmt"/>
        <line num="55" count="1" type="stmt"/>
        <line num="56" count="1" type="stmt"/>
        <line num="57" count="1" type="stmt"/>
        <line num="58" count="1" type="stmt"/>
        <line num="60" count="0" type="cond" truecount="0" falsecount="2"/>
        <line num="64" count="26" type="stmt"/>
        <line num="65" count="2" type="cond" truecount="2" falsecount="0"/>
        <line num="67" count="1" type="stmt"/>
        <line num="68" count="1" type="stmt"/>
        <line num="69" count="1" type="stmt"/>
        <line num="70" count="1" type="stmt"/>
        <line num="72" count="0" type="cond" truecount="0" falsecount="2"/>
        <line num="76" count="26" type="stmt"/>
        <line num="77" count="1" type="stmt"/>
        <line num="78" count="1" type="stmt"/>
        <line num="81" count="26" type="stmt"/>
        <line num="82" count="0" type="stmt"/>
        <line num="83" count="0" type="stmt"/>
        <line num="86" count="26" type="stmt"/>
        <line num="87" count="92" type="stmt"/>
        <line num="93" count="26" type="stmt"/>
        <line num="98" count="26" type="cond" truecount="2" falsecount="0"/>
        <line num="99" count="12" type="stmt"/>
        <line num="106" count="14" type="stmt"/>
        <line num="122" count="0" type="stmt"/>
        <line num="126" count="168" type="stmt"/>
        <line num="133" count="0" type="stmt"/>
        <line num="137" count="42" type="stmt"/>
        <line num="223" count="12" type="stmt"/>
        <line num="230" count="0" type="stmt"/>
        <line num="247" count="1" type="stmt"/>
        <line num="260" count="1" type="stmt"/>
        <line num="282" count="0" type="stmt"/>
        <line num="283" count="0" type="stmt"/>
        <line num="293" count="0" type="stmt"/>
        <line num="294" count="0" type="stmt"/>
      </file>
    </package>
    <package name="src.worker">
      <metrics statements="1741" coveredstatements="430" conditionals="947" coveredconditionals="245" methods="169" coveredmethods="56"/>
      <file name="geminiCache.ts" path="C:\Users\dell\Desktop\PPORGAMACION\proyectos de prueva\Gastro Manager\src\worker\geminiCache.ts">
        <metrics statements="12" coveredstatements="12" conditionals="7" coveredconditionals="7" methods="1" coveredmethods="1"/>
        <line num="7" count="10" type="stmt"/>
        <line num="12" count="10" type="cond" truecount="2" falsecount="0"/>
        <line num="17" count="1" type="stmt"/>
        <line num="20" count="9" type="stmt"/>
        <line num="21" count="9" type="stmt"/>
        <line num="22" count="9" type="stmt"/>
        <line num="32" count="8" type="cond" truecount="2" falsecount="0"/>
        <line num="34" count="6" type="stmt"/>
        <line num="35" count="6" type="stmt"/>
        <line num="37" count="6" type="stmt"/>
        <line num="42" count="6" type="stmt"/>
        <line num="44" count="1" type="stmt"/>
      </file>
      <file name="index.ts" path="C:\Users\dell\Desktop\PPORGAMACION\proyectos de prueva\Gastro Manager\src\worker\index.ts">
        <metrics statements="1663" coveredstatements="352" conditionals="894" coveredconditionals="192" methods="146" coveredmethods="33"/>
        <line num="61" count="4" type="stmt"/>
        <line num="64" count="0" type="stmt"/>
        <line num="71" count="19" type="stmt"/>
        <line num="72" count="19" type="stmt"/>
        <line num="80" count="0" type="stmt"/>
        <line num="81" count="0" type="stmt"/>
        <line num="82" count="0" type="stmt"/>
        <line num="101" count="2" type="cond" truecount="2" falsecount="0"/>
        <line num="108" count="3" type="cond" truecount="1" falsecount="1"/>
        <line num="109" count="3" type="cond" truecount="1" falsecount="1"/>
        <line num="110" count="3" type="stmt"/>
        <line num="111" count="3" type="stmt"/>
        <line num="112" count="3" type="cond" truecount="5" falsecount="0"/>
        <line num="113" count="2" type="stmt"/>
        <line num="114" count="2" type="stmt"/>
        <line num="118" count="2" type="stmt"/>
        <line num="119" count="64" type="stmt"/>
        <line num="120" count="2" type="stmt"/>
        <line num="124" count="0" type="stmt"/>
        <line num="125" count="0" type="stmt"/>
        <line num="126" count="0" type="stmt"/>
        <line num="139" count="0" type="stmt"/>
        <line num="140" count="0" type="stmt"/>
        <line num="160" count="0" type="stmt"/>
        <line num="161" count="0" type="stmt"/>
        <line num="178" count="4" type="stmt"/>
        <line num="179" count="19" type="stmt"/>
        <line num="180" count="19" type="cond" truecount="1" falsecount="1"/>
        <line num="181" count="0" type="stmt"/>
        <line num="183" count="19" type="stmt"/>
        <line num="184" count="19" type="stmt"/>
        <line num="186" count="19" type="stmt"/>
        <line num="190" count="19" type="cond" truecount="1" falsecount="1"/>
        <line num="191" count="19" type="cond" truecount="2" falsecount="0"/>
        <line num="192" count="16" type="stmt"/>
        <line num="196" count="16" type="cond" truecount="2" falsecount="2"/>
        <line num="197" count="0" type="cond" truecount="0" falsecount="2"/>
        <line num="198" count="0" type="stmt"/>
        <line num="202" count="0" type="stmt"/>
        <line num="204" count="0" type="stmt"/>
        <line num="205" count="0" type="stmt"/>
        <line num="209" count="19" type="stmt"/>
        <line num="210" count="19" type="stmt"/>
        <line num="211" count="19" type="stmt"/>
        <line num="213" count="0" type="stmt"/>
        <line num="217" count="4" type="stmt"/>
        <line num="218" count="19" type="stmt"/>
        <line num="219" count="19" type="cond" truecount="3" falsecount="1"/>
        <line num="220" count="0" type="stmt"/>
        <line num="222" count="19" type="stmt"/>
        <line num="223" count="19" type="stmt"/>
        <line num="224" count="19" type="stmt"/>
        <line num="228" count="19" type="cond" truecount="1" falsecount="1"/>
        <line num="229" count="0" type="stmt"/>
        <line num="232" count="19" type="stmt"/>
        <line num="236" count="19" type="cond" truecount="1" falsecount="1"/>
        <line num="237" count="0" type="stmt"/>
        <line num="239" count="19" type="stmt"/>
        <line num="240" count="19" type="stmt"/>
        <line num="247" count="52" type="stmt"/>
        <line num="248" count="13" type="stmt"/>
        <line num="249" count="13" type="stmt"/>
        <line num="250" count="13" type="cond" truecount="2" falsecount="0"/>
        <line num="251" count="12" type="stmt"/>
        <line num="252" count="12" type="stmt"/>
        <line num="253" count="12" type="cond" truecount="1" falsecount="1"/>
        <line num="254" count="0" type="stmt"/>
        <line num="259" count="12" type="cond" truecount="2" falsecount="2"/>
        <line num="260" count="0" type="stmt"/>
        <line num="264" count="12" type="stmt"/>
        <line num="265" count="12" type="stmt"/>
        <line num="267" count="1" type="stmt"/>
        <line num="268" count="1" type="stmt"/>
        <line num="271" count="1" type="stmt"/>
        <line num="282" count="1" type="cond" truecount="1" falsecount="1"/>
        <line num="284" count="13" type="stmt"/>
        <line num="289" count="1" type="cond" truecount="1" falsecount="1"/>
        <line num="291" count="13" type="cond" truecount="1" falsecount="1"/>
        <line num="293" count="0" type="stmt"/>
        <line num="301" count="0" type="stmt"/>
        <line num="307" count="1" type="stmt"/>
        <line num="314" count="160" type="stmt"/>
        <line num="315" count="13" type="stmt"/>
        <line num="316" count="13" type="cond" truecount="1" falsecount="1"/>
        <line num="317" count="0" type="stmt"/>
        <line num="321" count="0" type="cond" truecount="0" falsecount="2"/>
        <line num="322" count="0" type="stmt"/>
        <line num="325" count="13" type="stmt"/>
        <line num="329" count="4" type="stmt"/>
        <line num="331" count="4" type="stmt"/>
        <line num="332" count="22" type="stmt"/>
        <line num="333" count="22" type="stmt"/>
        <line num="334" count="22" type="cond" truecount="3" falsecount="1"/>
        <line num="343" count="17" type="stmt"/>
        <line num="344" count="4" type="stmt"/>
        <line num="348" count="0" type="cond" truecount="0" falsecount="2"/>
        <line num="349" count="0" type="stmt"/>
        <line num="351" count="0" type="stmt"/>
        <line num="355" count="0" type="stmt"/>
        <line num="360" count="17" type="stmt"/>
        <line num="361" count="17" type="stmt"/>
        <line num="362" count="17" type="stmt"/>
        <line num="367" count="0" type="stmt"/>
        <line num="375" count="4" type="stmt"/>
        <line num="376" count="0" type="cond" truecount="0" falsecount="2"/>
        <line num="378" count="0" type="stmt"/>
        <line num="383" count="0" type="stmt"/>
        <line num="386" count="4" type="stmt"/>
        <line num="387" count="0" type="stmt"/>
        <line num="388" count="0" type="cond" truecount="0" falsecount="2"/>
        <line num="389" count="0" type="cond" truecount="0" falsecount="2"/>
        <line num="390" count="0" type="stmt"/>
        <line num="393" count="0" type="stmt"/>
        <line num="394" count="0" type="cond" truecount="0" falsecount="2"/>
        <line num="395" count="0" type="stmt"/>
        <line num="401" count="0" type="cond" truecount="0" falsecount="2"/>
        <line num="403" count="0" type="stmt"/>
        <line num="415" count="0" type="cond" truecount="0" falsecount="2"/>
        <line num="416" count="0" type="stmt"/>
        <line num="417" count="0" type="stmt"/>
        <line num="418" count="0" type="stmt"/>
        <line num="424" count="0" type="stmt"/>
        <line num="426" count="0" type="stmt"/>
        <line num="429" count="0" type="stmt"/>
        <line num="432" count="0" type="stmt"/>
        <line num="438" count="0" type="stmt"/>
        <line num="451" count="0" type="stmt"/>
        <line num="453" count="0" type="cond" truecount="0" falsecount="2"/>
        <line num="456" count="0" type="stmt"/>
        <line num="461" count="0" type="stmt"/>
        <line num="462" count="0" type="stmt"/>
        <line num="463" count="0" type="stmt"/>
        <line num="465" count="0" type="stmt"/>
        <line num="473" count="0" type="cond" truecount="0" falsecount="2"/>
        <line num="475" count="0" type="stmt"/>
        <line num="477" count="0" type="stmt"/>
        <line num="483" count="0" type="stmt"/>
        <line num="488" count="0" type="stmt"/>
        <line num="493" count="0" type="stmt"/>
        <line num="494" count="0" type="stmt"/>
        <line num="495" count="0" type="stmt"/>
        <line num="497" count="0" type="stmt"/>
        <line num="498" count="0" type="stmt"/>
        <line num="505" count="4" type="stmt"/>
        <line num="506" count="0" type="cond" truecount="0" falsecount="2"/>
        <line num="507" count="0" type="cond" truecount="0" falsecount="2"/>
        <line num="508" count="0" type="stmt"/>
        <line num="511" count="0" type="stmt"/>
        <line num="512" count="0" type="cond" truecount="0" falsecount="2"/>
        <line num="514" count="0" type="stmt"/>
        <line num="515" count="0" type="stmt"/>
        <line num="517" count="0" type="stmt"/>
        <line num="528" count="0" type="cond" truecount="0" falsecount="2"/>
[...]
        <line num="3496" count="0" type="stmt"/>
        <line num="3498" count="0" type="stmt"/>
        <line num="3499" count="0" type="stmt"/>
        <line num="3509" count="4" type="stmt"/>
        <line num="3514" count="0" type="stmt"/>
        <line num="3515" count="0" type="stmt"/>
        <line num="3516" count="0" type="stmt"/>
        <line num="3517" count="0" type="cond" truecount="0" falsecount="2"/>
        <line num="3518" count="0" type="cond" truecount="0" falsecount="2"/>
        <line num="3519" count="0" type="stmt"/>
        <line num="3520" count="0" type="stmt"/>
        <line num="3521" count="0" type="stmt"/>
        <line num="3531" count="0" type="stmt"/>
        <line num="3532" count="0" type="stmt"/>
        <line num="3534" count="0" type="stmt"/>
        <line num="3535" count="0" type="stmt"/>
        <line num="3541" count="4" type="stmt"/>
        <line num="3546" count="0" type="stmt"/>
        <line num="3547" count="0" type="stmt"/>
        <line num="3548" count="0" type="cond" truecount="0" falsecount="2"/>
        <line num="3549" count="0" type="cond" truecount="0" falsecount="2"/>
        <line num="3550" count="0" type="stmt"/>
        <line num="3551" count="0" type="stmt"/>
        <line num="3552" count="0" type="stmt"/>
        <line num="3567" count="0" type="stmt"/>
        <line num="3569" count="0" type="stmt"/>
        <line num="3570" count="0" type="stmt"/>
        <line num="3576" count="4" type="stmt"/>
        <line num="3582" count="0" type="stmt"/>
        <line num="3583" count="0" type="stmt"/>
        <line num="3584" count="0" type="stmt"/>
        <line num="3585" count="0" type="stmt"/>
        <line num="3586" count="0" type="stmt"/>
        <line num="3587" count="0" type="stmt"/>
        <line num="3588" count="0" type="cond" truecount="0" falsecount="2"/>
        <line num="3589" count="0" type="cond" truecount="0" falsecount="2"/>
        <line num="3591" count="0" type="stmt"/>
        <line num="3592" count="0" type="stmt"/>
        <line num="3594" count="0" type="cond" truecount="0" falsecount="2"/>
        <line num="3595" count="0" type="cond" truecount="0" falsecount="2"/>
        <line num="3596" count="0" type="stmt"/>
        <line num="3597" count="0" type="stmt"/>
        <line num="3598" count="0" type="cond" truecount="0" falsecount="2"/>
        <line num="3603" count="0" type="stmt"/>
        <line num="3610" count="0" type="stmt"/>
        <line num="3611" count="0" type="stmt"/>
        <line num="3613" count="0" type="stmt"/>
        <line num="3614" count="0" type="stmt"/>
        <line num="3620" count="4" type="stmt"/>
        <line num="3626" count="0" type="stmt"/>
        <line num="3627" count="0" type="stmt"/>
        <line num="3628" count="0" type="stmt"/>
        <line num="3629" count="0" type="stmt"/>
        <line num="3630" count="0" type="stmt"/>
        <line num="3631" count="0" type="stmt"/>
        <line num="3635" count="0" type="cond" truecount="0" falsecount="2"/>
        <line num="3636" count="0" type="stmt"/>
        <line num="3638" count="0" type="stmt"/>
        <line num="3639" count="0" type="stmt"/>
        <line num="3640" count="0" type="cond" truecount="0" falsecount="2"/>
        <line num="3641" count="0" type="cond" truecount="0" falsecount="2"/>
        <line num="3643" count="0" type="stmt"/>
        <line num="3644" count="0" type="stmt"/>
        <line num="3645" count="0" type="stmt"/>
        <line num="3646" count="0" type="stmt"/>
        <line num="3647" count="0" type="cond" truecount="0" falsecount="2"/>
        <line num="3648" count="0" type="cond" truecount="0" falsecount="2"/>
        <line num="3649" count="0" type="cond" truecount="0" falsecount="2"/>
        <line num="3651" count="0" type="cond" truecount="0" falsecount="2"/>
        <line num="3652" count="0" type="cond" truecount="0" falsecount="2"/>
        <line num="3653" count="0" type="stmt"/>
        <line num="3654" count="0" type="stmt"/>
        <line num="3655" count="0" type="cond" truecount="0" falsecount="2"/>
        <line num="3660" count="0" type="stmt"/>
        <line num="3661" count="0" type="stmt"/>
        <line num="3662" count="0" type="stmt"/>
        <line num="3663" count="0" type="cond" truecount="0" falsecount="2"/>
        <line num="3664" count="0" type="cond" truecount="0" falsecount="2"/>
        <line num="3665" count="0" type="stmt"/>
        <line num="3666" count="0" type="cond" truecount="0" falsecount="2"/>
        <line num="3668" count="0" type="cond" truecount="0" falsecount="4"/>
        <line num="3669" count="0" type="cond" truecount="0" falsecount="4"/>
        <line num="3670" count="0" type="cond" truecount="0" falsecount="4"/>
        <line num="3671" count="0" type="cond" truecount="0" falsecount="4"/>
        <line num="3672" count="0" type="stmt"/>
        <line num="3673" count="0" type="stmt"/>
        <line num="3674" count="0" type="stmt"/>
        <line num="3675" count="0" type="stmt"/>
        <line num="3676" count="0" type="stmt"/>
        <line num="3680" count="0" type="stmt"/>
        <line num="3681" count="0" type="stmt"/>
        <line num="3683" count="0" type="stmt"/>
        <line num="3684" count="0" type="stmt"/>
        <line num="3690" count="4" type="stmt"/>
        <line num="3696" count="0" type="stmt"/>
        <line num="3697" count="0" type="stmt"/>
        <line num="3698" count="0" type="stmt"/>
        <line num="3699" count="0" type="stmt"/>
        <line num="3700" count="0" type="stmt"/>
        <line num="3701" count="0" type="stmt"/>
        <line num="3705" count="0" type="cond" truecount="0" falsecount="2"/>
        <line num="3706" count="0" type="stmt"/>
        <line num="3708" count="0" type="stmt"/>
        <line num="3712" count="0" type="stmt"/>
        <line num="3713" count="0" type="stmt"/>
        <line num="3715" count="0" type="stmt"/>
        <line num="3716" count="0" type="stmt"/>
        <line num="3725" count="4" type="stmt"/>
        <line num="3726" count="0" type="stmt"/>
        <line num="3727" count="0" type="stmt"/>
        <line num="3731" count="0" type="cond" truecount="0" falsecount="2"/>
        <line num="3734" count="0" type="stmt"/>
        <line num="3735" count="0" type="stmt"/>
        <line num="3736" count="0" type="stmt"/>
        <line num="3737" count="0" type="cond" truecount="0" falsecount="2"/>
        <line num="3740" count="0" type="cond" truecount="0" falsecount="2"/>
        <line num="3743" count="0" type="stmt"/>
        <line num="3744" count="0" type="stmt"/>
        <line num="3765" count="0" type="stmt"/>
        <line num="3766" count="0" type="stmt"/>
        <line num="3769" count="0" type="cond" truecount="0" falsecount="2"/>
        <line num="3770" count="0" type="stmt"/>
        <line num="3771" count="0" type="stmt"/>
        <line num="3772" count="0" type="stmt"/>
        <line num="3773" count="0" type="stmt"/>
        <line num="3774" count="0" type="stmt"/>
        <line num="3775" count="0" type="stmt"/>
        <line num="3776" count="0" type="cond" truecount="0" falsecount="3"/>
        <line num="3778" count="0" type="cond" truecount="0" falsecount="2"/>
        <line num="3780" count="0" type="cond" truecount="0" falsecount="4"/>
        <line num="3781" count="0" type="cond" truecount="0" falsecount="2"/>
        <line num="3782" count="0" type="stmt"/>
        <line num="3783" count="0" type="stmt"/>
        <line num="3786" count="0" type="stmt"/>
        <line num="3787" count="0" type="cond" truecount="0" falsecount="2"/>
        <line num="3788" count="0" type="stmt"/>
        <line num="3789" count="0" type="stmt"/>
        <line num="3792" count="0" type="stmt"/>
        <line num="3802" count="0" type="cond" truecount="0" falsecount="2"/>
        <line num="3803" count="0" type="stmt"/>
        <line num="3804" count="0" type="stmt"/>
        <line num="3808" count="0" type="cond" truecount="0" falsecount="4"/>
        <line num="3809" count="0" type="stmt"/>
        <line num="3813" count="0" type="cond" truecount="0" falsecount="2"/>
        <line num="3814" count="0" type="stmt"/>
        <line num="3821" count="0" type="stmt"/>
        <line num="3825" count="0" type="stmt"/>
        <line num="3828" count="4" type="stmt"/>
        <line num="3829" count="0" type="stmt"/>
        <line num="3830" count="0" type="stmt"/>
        <line num="3834" count="0" type="cond" truecount="0" falsecount="2"/>
        <line num="3835" count="0" type="stmt"/>
        <line num="3836" count="0" type="cond" truecount="0" falsecount="4"/>
        <line num="3837" count="0" type="stmt"/>
        <line num="3838" count="0" type="cond" truecount="0" falsecount="2"/>
        <line num="3840" count="0" type="stmt"/>
        <line num="3843" count="4" type="stmt"/>
        <line num="3844" count="0" type="stmt"/>
        <line num="3845" count="0" type="stmt"/>
        <line num="3849" count="0" type="cond" truecount="0" falsecount="2"/>
        <line num="3851" count="0" type="cond" truecount="0" falsecount="2"/>
        <line num="3852" count="0" type="stmt"/>
        <line num="3861" count="0" type="stmt"/>
        <line num="3865" count="0" type="stmt"/>
        <line num="3869" count="4" type="stmt"/>
        <line num="3870" count="3" type="stmt"/>
        <line num="3871" count="3" type="stmt"/>
        <line num="3872" count="3" type="cond" truecount="1" falsecount="1"/>
        <line num="3873" count="3" type="cond" truecount="1" falsecount="2"/>
        <line num="3875" count="3" type="stmt"/>
        <line num="3876" count="3" type="cond" truecount="2" falsecount="0"/>
        <line num="3878" count="2" type="cond" truecount="2" falsecount="0"/>
        <line num="3879" count="1" type="stmt"/>
        <line num="3882" count="1" type="cond" truecount="1" falsecount="1"/>
        <line num="3883" count="1" type="stmt"/>
        <line num="3884" count="1" type="stmt"/>
        <line num="3886" count="1" type="stmt"/>
        <line num="3890" count="1" type="cond" truecount="1" falsecount="1"/>
        <line num="3892" count="1" type="stmt"/>
        <line num="3903" count="1" type="cond" truecount="1" falsecount="1"/>
        <line num="3904" count="1" type="stmt"/>
        <line num="3908" count="1" type="stmt"/>
        <line num="3909" count="1" type="cond" truecount="1" falsecount="1"/>
        <line num="3910" count="1" type="stmt"/>
        <line num="3916" count="0" type="cond" truecount="0" falsecount="2"/>
        <line num="3917" count="0" type="cond" truecount="0" falsecount="2"/>
        <line num="3918" count="0" type="stmt"/>
        <line num="3919" count="0" type="stmt"/>
        <line num="3920" count="0" type="stmt"/>
        <line num="3925" count="1" type="cond" truecount="1" falsecount="1"/>
        <line num="3926" count="1" type="stmt"/>
        <line num="3929" count="1" type="cond" truecount="1" falsecount="1"/>
        <line num="3930" count="1" type="stmt"/>
        <line num="3931" count="1" type="stmt"/>
        <line num="3933" count="1" type="cond" truecount="1" falsecount="1"/>
        <line num="3934" count="1" type="stmt"/>
        <line num="3938" count="0" type="cond" truecount="0" falsecount="2"/>
        <line num="3939" count="0" type="stmt"/>
        <line num="3943" count="0" type="cond" truecount="0" falsecount="2"/>
        <line num="3944" count="0" type="stmt"/>
        <line num="3951" count="0" type="stmt"/>
        <line num="3953" count="2" type="stmt"/>
        <line num="3956" count="4" type="stmt"/>
        <line num="3957" count="0" type="stmt"/>
        <line num="3958" count="0" type="stmt"/>
        <line num="3964" count="0" type="stmt"/>
        <line num="3967" count="4" type="stmt"/>
        <line num="3968" count="0" type="stmt"/>
        <line num="3969" count="0" type="cond" truecount="0" falsecount="2"/>
        <line num="3970" count="0" type="stmt"/>
        <line num="3971" count="0" type="cond" truecount="0" falsecount="2"/>
        <line num="3972" count="0" type="stmt"/>
        <line num="3979" count="0" type="cond" truecount="0" falsecount="2"/>
        <line num="3980" count="0" type="stmt"/>
        <line num="3983" count="4" type="stmt"/>
        <line num="3984" count="0" type="stmt"/>
        <line num="3985" count="0" type="cond" truecount="0" falsecount="2"/>
        <line num="3986" count="0" type="stmt"/>
        <line num="3987" count="0" type="stmt"/>
        <line num="3993" count="0" type="stmt"/>
        <line num="4000" count="4" type="stmt"/>
        <line num="4001" count="0" type="stmt"/>
        <line num="4002" count="0" type="stmt"/>
        <line num="4003" count="0" type="stmt"/>
        <line num="4004" count="0" type="cond" truecount="0" falsecount="2"/>
        <line num="4006" count="0" type="stmt"/>
        <line num="4007" count="0" type="stmt"/>
        <line num="4008" count="0" type="stmt"/>
        <line num="4009" count="0" type="stmt"/>
        <line num="4010" count="0" type="stmt"/>
        <line num="4011" count="0" type="stmt"/>
        <line num="4013" count="0" type="stmt"/>
        <line num="4016" count="0" type="stmt"/>
        <line num="4019" count="4" type="stmt"/>
        <line num="4020" count="0" type="stmt"/>
        <line num="4021" count="0" type="stmt"/>
        <line num="4022" count="0" type="stmt"/>
        <line num="4026" count="0" type="cond" truecount="0" falsecount="2"/>
        <line num="4028" count="0" type="stmt"/>
        <line num="4038" count="0" type="stmt"/>
        <line num="4039" count="0" type="stmt"/>
        <line num="4041" count="0" type="stmt"/>
        <line num="4042" count="0" type="cond" truecount="0" falsecount="2"/>
        <line num="4043" count="0" type="cond" truecount="0" falsecount="2"/>
        <line num="4044" count="0" type="cond" truecount="0" falsecount="2"/>
        <line num="4047" count="0" type="stmt"/>
        <line num="4050" count="4" type="stmt"/>
        <line num="4051" count="0" type="stmt"/>
        <line num="4052" count="0" type="cond" truecount="0" falsecount="2"/>
        <line num="4053" count="0" type="stmt"/>
        <line num="4064" count="0" type="stmt"/>
        <line num="4067" count="4" type="stmt"/>
        <line num="4068" count="0" type="stmt"/>
        <line num="4069" count="0" type="cond" truecount="0" falsecount="2"/>
        <line num="4070" count="0" type="stmt"/>
        <line num="4081" count="0" type="stmt"/>
        <line num="4084" count="4" type="stmt"/>
        <line num="4085" count="0" type="stmt"/>
        <line num="4086" count="0" type="cond" truecount="0" falsecount="2"/>
        <line num="4087" count="0" type="stmt"/>
        <line num="4088" count="0" type="stmt"/>
        <line num="4091" count="4" type="stmt"/>
        <line num="4092" count="0" type="stmt"/>
        <line num="4093" count="0" type="cond" truecount="0" falsecount="2"/>
        <line num="4094" count="0" type="stmt"/>
        <line num="4095" count="0" type="stmt"/>
      </file>
      <file name="rateLimitAuth.ts" path="C:\Users\dell\Desktop\PPORGAMACION\proyectos de prueva\Gastro Manager\src\worker\rateLimitAuth.ts">
        <metrics statements="5" coveredstatements="5" conditionals="4" coveredconditionals="4" methods="3" coveredmethods="3"/>
        <line num="8" count="14" type="stmt"/>
        <line num="10" count="448" type="stmt"/>
        <line num="11" count="14" type="stmt"/>
        <line num="14" count="14" type="stmt"/>
        <line num="23" count="14" type="cond" truecount="2" falsecount="0"/>
      </file>
      <file name="usageLimit.ts" path="C:\Users\dell\Desktop\PPORGAMACION\proyectos de prueva\Gastro Manager\src\worker\usageLimit.ts">
        <metrics statements="10" coveredstatements="10" conditionals="10" coveredconditionals="10" methods="1" coveredmethods="1"/>
        <line num="3" count="5" type="stmt"/>
        <line num="5" count="5" type="stmt"/>
        <line num="14" count="27" type="stmt"/>
        <line num="25" count="27" type="cond" truecount="2" falsecount="0"/>
        <line num="27" count="27" type="cond" truecount="4" falsecount="0"/>
        <line num="28" count="3" type="stmt"/>
        <line num="35" count="3" type="stmt"/>
        <line num="39" count="24" type="cond" truecount="4" falsecount="0"/>
        <line num="40" count="1" type="stmt"/>
        <line num="43" count="23" type="stmt"/>
      </file>
      <file name="usageTools.ts" path="C:\Users\dell\Desktop\PPORGAMACION\proyectos de prueva\Gastro Manager\src\worker\usageTools.ts">
        <metrics statements="1" coveredstatements="1" conditionals="0" coveredconditionals="0" methods="0" coveredmethods="0"/>
        <line num="9" count="6" type="stmt"/>
      </file>
      <file name="validation.ts" path="C:\Users\dell\Desktop\PPORGAMACION\proyectos de prueva\Gastro Manager\src\worker\validation.ts">
        <metrics statements="50" coveredstatements="50" conditionals="32" coveredconditionals="32" methods="18" coveredmethods="18"/>
        <line num="4" count="5" type="stmt"/>
        <line num="5" count="26" type="stmt"/>
        <line num="6" count="26" type="stmt"/>
        <line num="7" count="26" type="stmt"/>
        <line num="8" count="26" type="stmt"/>
        <line num="9" count="26" type="cond" truecount="2" falsecount="0"/>
        <line num="12" count="5" type="stmt"/>
        <line num="13" count="10" type="stmt"/>
        <line num="17" count="5" type="stmt"/>
        <line num="24" count="1" type="cond" truecount="2" falsecount="0"/>
        <line num="39" count="5" type="stmt"/>
        <line num="46" count="1" type="cond" truecount="2" falsecount="0"/>
        <line num="58" count="5" type="stmt"/>
        <line num="63" count="5" type="stmt"/>
        <line num="67" count="2" type="cond" truecount="2" falsecount="0"/>
        <line num="72" count="3" type="cond" truecount="2" falsecount="0"/>
        <line num="77" count="5" type="stmt"/>
        <line num="82" count="1" type="cond" truecount="2" falsecount="0"/>
        <line num="87" count="1" type="cond" truecount="2" falsecount="0"/>
        <line num="93" count="5" type="stmt"/>
        <line num="97" count="5" type="stmt"/>
        <line num="102" count="5" type="stmt"/>
        <line num="107" count="6" type="stmt"/>
        <line num="110" count="2" type="cond" truecount="2" falsecount="0"/>
        <line num="115" count="2" type="cond" truecount="2" falsecount="0"/>
        <line num="122" count="5" type="stmt"/>
        <line num="127" count="1" type="cond" truecount="2" falsecount="0"/>
        <line num="131" count="1" type="cond" truecount="2" falsecount="0"/>
        <line num="136" count="1" type="cond" truecount="2" falsecount="0"/>
        <line num="144" count="5" type="stmt"/>
        <line num="150" count="2" type="cond" truecount="2" falsecount="0"/>
        <line num="156" count="5" type="stmt"/>
        <line num="159" count="2" type="cond" truecount="2" falsecount="0"/>
        <line num="164" count="5" type="stmt"/>
        <line num="170" count="5" type="stmt"/>
        <line num="175" count="5" type="stmt"/>
        <line num="176" count="10" type="stmt"/>
        <line num="186" count="5" type="stmt"/>
        <line num="189" count="5" type="stmt"/>
        <line num="200" count="5" type="stmt"/>
        <line num="203" count="5" type="stmt"/>
        <line num="208" count="5" type="stmt"/>
        <line num="213" count="5" type="stmt"/>
        <line num="221" count="16" type="stmt"/>
        <line num="222" count="16" type="stmt"/>
        <line num="223" count="16" type="stmt"/>
        <line num="225" count="3" type="cond" truecount="2" falsecount="0"/>
        <line num="226" count="2" type="stmt"/>
        <line num="227" count="2" type="stmt"/>
        <line num="232" count="1" type="stmt"/>
      </file>
    </package>
  </project>
</coverage>
