{"C:\\Users\\dell\\Desktop\\PPORGAMACION\\proyectos de prueva\\Gastro Manager\\functions\\[[route]].ts": {"path":"C:\\Users\\dell\\Desktop\\PPORGAMACION\\proyectos de prueva\\Gastro Manager\\functions\\[[route]].ts","statementMap":{"0":{"start":{"line":3,"column":61},"end":{"line":25,"column":null}},"1":{"start":{"line":4,"column":14},"end":{"line":4,"column":null}},"2":{"start":{"line":6,"column":2},"end":{"line":8,"column":null}},"3":{"start":{"line":7,"column":4},"end":{"line":7,"column":null}},"4":{"start":{"line":11,"column":2},"end":{"line":17,"column":null}},"5":{"start":{"line":12,"column":21},"end":{"line":12,"column":null}},"6":{"start":{"line":13,"column":4},"end":{"line":15,"column":null}},"7":{"start":{"line":14,"column":6},"end":{"line":14,"column":null}},"8":{"start":{"line":16,"column":4},"end":{"line":16,"column":null}},"9":{"start":{"line":20,"column":24},"end":{"line":20,"column":null}},"10":{"start":{"line":21,"column":2},"end":{"line":23,"column":null}},"11":{"start":{"line":22,"column":4},"end":{"line":22,"column":null}},"12":{"start":{"line":24,"column":2},"end":{"line":24,"column":null}}},"fnMap":{"0":{"name":"(anonymous_0)","decl":{"start":{"line":3,"column":61},"end":{"line":3,"column":68}},"loc":{"start":{"line":3,"column":80},"end":{"line":25,"column":null}},"line":3}},"branchMap":{"0":{"loc":{"start":{"line":6,"column":2},"end":{"line":8,"column":null}},"type":"if","locations":[{"start":{"line":6,"column":2},"end":{"line":8,"column":null}},{"start":{},"end":{}}],"line":6},"1":{"loc":{"start":{"line":11,"column":2},"end":{"line":17,"column":null}},"type":"if","locations":[{"start":{"line":11,"column":2},"end":{"line":17,"column":null}},{"start":{},"end":{}}],"line":11},"2":{"loc":{"start":{"line":13,"column":4},"end":{"line":15,"column":null}},"type":"if","locations":[{"start":{"line":13,"column":4},"end":{"line":15,"column":null}},{"start":{},"end":{}}],"line":13},"3":{"loc":{"start":{"line":21,"column":2},"end":{"line":23,"column":null}},"type":"if","locations":[{"start":{"line":21,"column":2},"end":{"line":23,"column":null}},{"start":{},"end":{}}],"line":21}},"s":{"0":1,"1":7,"2":7,"3":1,"4":6,"5":4,"6":4,"7":3,"8":1,"9":2,"10":2,"11":1,"12":1},"f":{"0":7},"b":{"0":[1,6],"1":[4,2],"2":[3,1],"3":[1,1]},"meta":{"lastBranch":4,"lastFunction":1,"lastStatement":13,"seen":{"s:3:61:25:Infinity":0,"f:3:61:3:68":0,"s:4:14:4:Infinity":1,"b:6:2:8:Infinity:undefined:undefined:undefined:undefined":0,"s:6:2:8:Infinity":2,"s:7:4:7:Infinity":3,"b:11:2:17:Infinity:undefined:undefined:undefined:undefined":1,"s:11:2:17:Infinity":4,"s:12:21:12:Infinity":5,"b:13:4:15:Infinity:undefined:undefined:undefined:undefined":2,"s:13:4:15:Infinity":6,"s:14:6:14:Infinity":7,"s:16:4:16:Infinity":8,"s:20:24:20:Infinity":9,"b:21:2:23:Infinity:undefined:undefined:undefined:undefined":3,"s:21:2:23:Infinity":10,"s:22:4:22:Infinity":11,"s:24:2:24:Infinity":12}}}
,"C:\\Users\\dell\\Desktop\\PPORGAMACION\\proyectos de prueva\\Gastro Manager\\src\\react-app\\components\\ErrorBoundary.tsx": {"path":"C:\\Users\\dell\\Desktop\\PPORGAMACION\\proyectos de prueva\\Gastro Manager\\src\\react-app\\components\\ErrorBoundary.tsx","statementMap":{"0":{"start":{"line":29,"column":16},"end":{"line":31,"column":null}},"1":{"start":{"line":33,"column":17},"end":{"line":35,"column":null}},"2":{"start":{"line":17,"column":4},"end":{"line":17,"column":null}},"3":{"start":{"line":18,"column":4},"end":{"line":18,"column":null}},"4":{"start":{"line":22,"column":4},"end":{"line":22,"column":null}},"5":{"start":{"line":26,"column":4},"end":{"line":26,"column":null}},"6":{"start":{"line":30,"column":4},"end":{"line":30,"column":null}},"7":{"start":{"line":34,"column":4},"end":{"line":34,"column":null}},"8":{"start":{"line":38,"column":4},"end":{"line":79,"column":null}},"9":{"start":{"line":39,"column":6},"end":{"line":41,"column":null}},"10":{"start":{"line":40,"column":8},"end":{"line":40,"column":null}},"11":{"start":{"line":43,"column":6},"end":{"line":77,"column":null}},"12":{"start":{"line":81,"column":4},"end":{"line":81,"column":null}},"13":{"start":{"line":87,"column":2},"end":{"line":108,"column":null}},"14":{"start":{"line":100,"column":27},"end":{"line":100,"column":null}}},"fnMap":{"0":{"name":"(anonymous_0)","decl":{"start":{"line":16,"column":2},"end":{"line":16,"column":14}},"loc":{"start":{"line":16,"column":28},"end":{"line":19,"column":null}},"line":16},"1":{"name":"(anonymous_1)","decl":{"start":{"line":21,"column":9},"end":{"line":21,"column":34}},"loc":{"start":{"line":21,"column":55},"end":{"line":23,"column":null}},"line":21},"2":{"name":"(anonymous_2)","decl":{"start":{"line":25,"column":2},"end":{"line":25,"column":20}},"loc":{"start":{"line":25,"column":62},"end":{"line":27,"column":null}},"line":25},"3":{"name":"(anonymous_3)","decl":{"start":{"line":29,"column":16},"end":{"line":29,"column":22}},"loc":{"start":{"line":29,"column":22},"end":{"line":31,"column":null}},"line":29},"4":{"name":"(anonymous_4)","decl":{"start":{"line":33,"column":17},"end":{"line":33,"column":23}},"loc":{"start":{"line":33,"column":23},"end":{"line":35,"column":null}},"line":33},"5":{"name":"(anonymous_5)","decl":{"start":{"line":37,"column":2},"end":{"line":37,"column":11}},"loc":{"start":{"line":37,"column":11},"end":{"line":82,"column":null}},"line":37},"6":{"name":"PageErrorBoundary","decl":{"start":{"line":86,"column":16},"end":{"line":86,"column":34}},"loc":{"start":{"line":86,"column":73},"end":{"line":110,"column":null}},"line":86},"7":{"name":"(anonymous_7)","decl":{"start":{"line":100,"column":21},"end":{"line":100,"column":27}},"loc":{"start":{"line":100,"column":27},"end":{"line":100,"column":null}},"line":100}},"branchMap":{"0":{"loc":{"start":{"line":38,"column":4},"end":{"line":79,"column":null}},"type":"if","locations":[{"start":{"line":38,"column":4},"end":{"line":79,"column":null}},{"start":{},"end":{}}],"line":38},"1":{"loc":{"start":{"line":39,"column":6},"end":{"line":41,"column":null}},"type":"if","locations":[{"start":{"line":39,"column":6},"end":{"line":41,"column":null}},{"start":{},"end":{}}],"line":39},"2":{"loc":{"start":{"line":64,"column":13},"end":{"line":74,"column":null}},"type":"binary-expr","locations":[{"start":{"line":64,"column":13},"end":{"line":64,"column":55}},{"start":{"line":64,"column":55},"end":{"line":64,"column":null}},{"start":{"line":65,"column":14},"end":{"line":74,"column":null}}],"line":64}},"s":{"0":1,"1":0,"2":10,"3":10,"4":8,"5":4,"6":1,"7":0,"8":18,"9":8,"10":4,"11":4,"12":10,"13":3,"14":0},"f":{"0":10,"1":1,"2":4,"3":1,"4":0,"5":18,"6":3,"7":0},"b":{"0":[8,10],"1":[4,4],"2":[4,0,0]},"meta":{"lastBranch":3,"lastFunction":8,"lastStatement":15,"seen":{"s:29:16:31:Infinity":0,"s:33:17:35:Infinity":1,"f:16:2:16:14":0,"s:17:4:17:Infinity":2,"s:18:4:18:Infinity":3,"f:21:9:21:34":1,"s:22:4:22:Infinity":4,"f:25:2:25:20":2,"s:26:4:26:Infinity":5,"f:29:16:29:22":3,"s:30:4:30:Infinity":6,"f:33:17:33:23":4,"s:34:4:34:Infinity":7,"f:37:2:37:11":5,"b:38:4:79:Infinity:undefined:undefined:undefined:undefined":0,"s:38:4:79:Infinity":8,"b:39:6:41:Infinity:undefined:undefined:undefined:undefined":1,"s:39:6:41:Infinity":9,"s:40:8:40:Infinity":10,"s:43:6:77:Infinity":11,"b:64:13:64:55:64:55:64:Infinity:65:14:74:Infinity":2,"s:81:4:81:Infinity":12,"f:86:16:86:34":6,"s:87:2:108:Infinity":13,"f:100:21:100:27":7,"s:100:27:100:Infinity":14}}}
,"C:\\Users\\dell\\Desktop\\PPORGAMACION\\proyectos de prueva\\Gastro Manager\\src\\react-app\\components\\UsageBanner.tsx": {"path":"C:\\Users\\dell\\Desktop\\PPORGAMACION\\proyectos de prueva\\Gastro Manager\\src\\react-app\\components\\UsageBanner.tsx","statementMap":{"0":{"start":{"line":10,"column":2},"end":{"line":10,"column":null}},"1":{"start":{"line":10,"column":38},"end":{"line":10,"column":null}},"2":{"start":{"line":11,"column":27},"end":{"line":11,"column":null}},"3":{"start":{"line":12,"column":2},"end":{"line":12,"column":null}},"4":{"start":{"line":12,"column":27},"end":{"line":12,"column":null}},"5":{"start":{"line":14,"column":18},"end":{"line":14,"column":null}},"6":{"start":{"line":15,"column":2},"end":{"line":27,"column":null}}},"fnMap":{"0":{"name":"UsageBanner","decl":{"start":{"line":9,"column":16},"end":{"line":9,"column":28}},"loc":{"start":{"line":9,"column":64},"end":{"line":29,"column":null}},"line":9}},"branchMap":{"0":{"loc":{"start":{"line":10,"column":2},"end":{"line":10,"column":null}},"type":"if","locations":[{"start":{"line":10,"column":2},"end":{"line":10,"column":null}},{"start":{},"end":{}}],"line":10},"1":{"loc":{"start":{"line":10,"column":6},"end":{"line":10,"column":38}},"type":"binary-expr","locations":[{"start":{"line":10,"column":6},"end":{"line":10,"column":16}},{"start":{"line":10,"column":16},"end":{"line":10,"column":38}}],"line":10},"2":{"loc":{"start":{"line":12,"column":2},"end":{"line":12,"column":null}},"type":"if","locations":[{"start":{"line":12,"column":2},"end":{"line":12,"column":null}},{"start":{},"end":{}}],"line":12},"3":{"loc":{"start":{"line":17,"column":6},"end":{"line":19,"column":null}},"type":"cond-expr","locations":[{"start":{"line":18,"column":10},"end":{"line":18,"column":null}},{"start":{"line":19,"column":10},"end":{"line":19,"column":null}}],"line":17},"4":{"loc":{"start":{"line":23,"column":9},"end":{"line":25,"column":null}},"type":"cond-expr","locations":[{"start":{"line":24,"column":12},"end":{"line":24,"column":null}},{"start":{"line":25,"column":12},"end":{"line":25,"column":null}}],"line":23}},"s":{"0":4,"1":1,"2":3,"3":3,"4":1,"5":2,"6":2},"f":{"0":4},"b":{"0":[1,3],"1":[4,3],"2":[1,2],"3":[1,1],"4":[1,1]},"meta":{"lastBranch":5,"lastFunction":1,"lastStatement":7,"seen":{"f:9:16:9:28":0,"b:10:2:10:Infinity:undefined:undefined:undefined:undefined":0,"s:10:2:10:Infinity":0,"b:10:6:10:16:10:16:10:38":1,"s:10:38:10:Infinity":1,"s:11:27:11:Infinity":2,"b:12:2:12:Infinity:undefined:undefined:undefined:undefined":2,"s:12:2:12:Infinity":3,"s:12:27:12:Infinity":4,"s:14:18:14:Infinity":5,"s:15:2:27:Infinity":6,"b:18:10:18:Infinity:19:10:19:Infinity":3,"b:24:12:24:Infinity:25:12:25:Infinity":4}}}
,"C:\\Users\\dell\\Desktop\\PPORGAMACION\\proyectos de prueva\\Gastro Manager\\src\\react-app\\components\\auth\\ProtectedRoute.tsx": {"path":"C:\\Users\\dell\\Desktop\\PPORGAMACION\\proyectos de prueva\\Gastro Manager\\src\\react-app\\components\\auth\\ProtectedRoute.tsx","statementMap":{"0":{"start":{"line":13,"column":42},"end":{"line":13,"column":null}},"1":{"start":{"line":14,"column":8},"end":{"line":14,"column":null}},"2":{"start":{"line":16,"column":2},"end":{"line":26,"column":null}},"3":{"start":{"line":17,"column":4},"end":{"line":24,"column":null}},"4":{"start":{"line":28,"column":2},"end":{"line":30,"column":null}},"5":{"start":{"line":29,"column":4},"end":{"line":29,"column":null}},"6":{"start":{"line":32,"column":2},"end":{"line":34,"column":null}},"7":{"start":{"line":33,"column":4},"end":{"line":33,"column":null}},"8":{"start":{"line":38,"column":23},"end":{"line":38,"column":null}},"9":{"start":{"line":39,"column":24},"end":{"line":39,"column":null}},"10":{"start":{"line":41,"column":2},"end":{"line":43,"column":null}},"11":{"start":{"line":42,"column":4},"end":{"line":42,"column":null}},"12":{"start":{"line":45,"column":2},"end":{"line":45,"column":null}},"13":{"start":{"line":54,"column":41},"end":{"line":54,"column":null}},"14":{"start":{"line":56,"column":2},"end":{"line":58,"column":null}},"15":{"start":{"line":57,"column":4},"end":{"line":57,"column":null}},"16":{"start":{"line":60,"column":2},"end":{"line":60,"column":null}}},"fnMap":{"0":{"name":"ProtectedRoute","decl":{"start":{"line":12,"column":24},"end":{"line":12,"column":39}},"loc":{"start":{"line":12,"column":74},"end":{"line":46,"column":null}},"line":12},"1":{"name":"RestrictedModuleRoute","decl":{"start":{"line":53,"column":16},"end":{"line":53,"column":38}},"loc":{"start":{"line":53,"column":91},"end":{"line":61,"column":null}},"line":53}},"branchMap":{"0":{"loc":{"start":{"line":16,"column":2},"end":{"line":26,"column":null}},"type":"if","locations":[{"start":{"line":16,"column":2},"end":{"line":26,"column":null}},{"start":{},"end":{}}],"line":16},"1":{"loc":{"start":{"line":28,"column":2},"end":{"line":30,"column":null}},"type":"if","locations":[{"start":{"line":28,"column":2},"end":{"line":30,"column":null}},{"start":{},"end":{}}],"line":28},"2":{"loc":{"start":{"line":32,"column":2},"end":{"line":34,"column":null}},"type":"if","locations":[{"start":{"line":32,"column":2},"end":{"line":34,"column":null}},{"start":{},"end":{}}],"line":32},"3":{"loc":{"start":{"line":41,"column":2},"end":{"line":43,"column":null}},"type":"if","locations":[{"start":{"line":41,"column":2},"end":{"line":43,"column":null}},{"start":{},"end":{}}],"line":41},"4":{"loc":{"start":{"line":41,"column":6},"end":{"line":41,"column":58}},"type":"binary-expr","locations":[{"start":{"line":41,"column":6},"end":{"line":41,"column":25}},{"start":{"line":41,"column":25},"end":{"line":41,"column":42}},{"start":{"line":41,"column":42},"end":{"line":41,"column":58}}],"line":41},"5":{"loc":{"start":{"line":56,"column":2},"end":{"line":58,"column":null}},"type":"if","locations":[{"start":{"line":56,"column":2},"end":{"line":58,"column":null}},{"start":{},"end":{}}],"line":56},"6":{"loc":{"start":{"line":56,"column":6},"end":{"line":56,"column":51}},"type":"binary-expr","locations":[{"start":{"line":56,"column":6},"end":{"line":56,"column":19}},{"start":{"line":56,"column":19},"end":{"line":56,"column":51}}],"line":56}},"s":{"0":6,"1":6,"2":6,"3":1,"4":5,"5":1,"6":4,"7":1,"8":3,"9":3,"10":3,"11":1,"12":2,"13":2,"14":2,"15":1,"16":1},"f":{"0":6,"1":2},"b":{"0":[1,5],"1":[1,4],"2":[1,3],"3":[1,2],"4":[3,2,1],"5":[1,1],"6":[2,2]},"meta":{"lastBranch":7,"lastFunction":2,"lastStatement":17,"seen":{"f:12:24:12:39":0,"s:13:42:13:Infinity":0,"s:14:8:14:Infinity":1,"b:16:2:26:Infinity:undefined:undefined:undefined:undefined":0,"s:16:2:26:Infinity":2,"s:17:4:24:Infinity":3,"b:28:2:30:Infinity:undefined:undefined:undefined:undefined":1,"s:28:2:30:Infinity":4,"s:29:4:29:Infinity":5,"b:32:2:34:Infinity:undefined:undefined:undefined:undefined":2,"s:32:2:34:Infinity":6,"s:33:4:33:Infinity":7,"s:38:23:38:Infinity":8,"s:39:24:39:Infinity":9,"b:41:2:43:Infinity:undefined:undefined:undefined:undefined":3,"s:41:2:43:Infinity":10,"b:41:6:41:25:41:25:41:42:41:42:41:58":4,"s:42:4:42:Infinity":11,"s:45:2:45:Infinity":12,"f:53:16:53:38":1,"s:54:41:54:Infinity":13,"b:56:2:58:Infinity:undefined:undefined:undefined:undefined":5,"s:56:2:58:Infinity":14,"b:56:6:56:19:56:19:56:51":6,"s:57:4:57:Infinity":15,"s:60:2:60:Infinity":16}}}
,"C:\\Users\\dell\\Desktop\\PPORGAMACION\\proyectos de prueva\\Gastro Manager\\src\\react-app\\components\\employees\\EmployeeModal.tsx": {"path":"C:\\Users\\dell\\Desktop\\PPORGAMACION\\proyectos de prueva\\Gastro Manager\\src\\react-app\\components\\employees\\EmployeeModal.tsx","statementMap":{"0":{"start":{"line":17,"column":21},"end":{"line":27,"column":null}},"1":{"start":{"line":36,"column":19},"end":{"line":36,"column":null}},"2":{"start":{"line":37,"column":30},"end":{"line":49,"column":null}},"3":{"start":{"line":50,"column":38},"end":{"line":50,"column":null}},"4":{"start":{"line":51,"column":24},"end":{"line":51,"column":null}},"5":{"start":{"line":54,"column":19},"end":{"line":54,"column":null}},"6":{"start":{"line":54,"column":58},"end":{"line":54,"column":64}},"7":{"start":{"line":56,"column":2},"end":{"line":87,"column":null}},"8":{"start":{"line":57,"column":4},"end":{"line":85,"column":null}},"9":{"start":{"line":58,"column":6},"end":{"line":70,"column":null}},"10":{"start":{"line":72,"column":6},"end":{"line":84,"column":null}},"11":{"start":{"line":86,"column":4},"end":{"line":86,"column":null}},"12":{"start":{"line":89,"column":23},"end":{"line":152,"column":null}},"13":{"start":{"line":90,"column":4},"end":{"line":90,"column":null}},"14":{"start":{"line":92,"column":4},"end":{"line":95,"column":null}},"15":{"start":{"line":93,"column":6},"end":{"line":93,"column":null}},"16":{"start":{"line":94,"column":6},"end":{"line":94,"column":null}},"17":{"start":{"line":97,"column":4},"end":{"line":100,"column":null}},"18":{"start":{"line":98,"column":6},"end":{"line":98,"column":null}},"19":{"start":{"line":99,"column":6},"end":{"line":99,"column":null}},"20":{"start":{"line":102,"column":4},"end":{"line":105,"column":null}},"21":{"start":{"line":103,"column":6},"end":{"line":103,"column":null}},"22":{"start":{"line":104,"column":6},"end":{"line":104,"column":null}},"23":{"start":{"line":107,"column":4},"end":{"line":117,"column":null}},"24":{"start":{"line":108,"column":25},"end":{"line":108,"column":null}},"25":{"start":{"line":109,"column":6},"end":{"line":112,"column":null}},"26":{"start":{"line":110,"column":8},"end":{"line":110,"column":null}},"27":{"start":{"line":111,"column":8},"end":{"line":111,"column":null}},"28":{"start":{"line":113,"column":6},"end":{"line":116,"column":null}},"29":{"start":{"line":114,"column":8},"end":{"line":114,"column":null}},"30":{"start":{"line":115,"column":8},"end":{"line":115,"column":null}},"31":{"start":{"line":119,"column":4},"end":{"line":122,"column":null}},"32":{"start":{"line":120,"column":6},"end":{"line":120,"column":null}},"33":{"start":{"line":121,"column":6},"end":{"line":121,"column":null}},"34":{"start":{"line":124,"column":4},"end":{"line":127,"column":null}},"35":{"start":{"line":125,"column":6},"end":{"line":125,"column":null}},"36":{"start":{"line":126,"column":6},"end":{"line":126,"column":null}},"37":{"start":{"line":129,"column":4},"end":{"line":139,"column":null}},"38":{"start":{"line":130,"column":23},"end":{"line":130,"column":null}},"39":{"start":{"line":131,"column":18},"end":{"line":131,"column":null}},"40":{"start":{"line":132,"column":30},"end":{"line":132,"column":null}},"41":{"start":{"line":133,"column":28},"end":{"line":133,"column":null}},"42":{"start":{"line":135,"column":6},"end":{"line":138,"column":null}},"43":{"start":{"line":136,"column":8},"end":{"line":136,"column":null}},"44":{"start":{"line":137,"column":8},"end":{"line":137,"column":null}},"45":{"start":{"line":141,"column":4},"end":{"line":141,"column":null}},"46":{"start":{"line":142,"column":4},"end":{"line":142,"column":null}},"47":{"start":{"line":144,"column":4},"end":{"line":151,"column":null}},"48":{"start":{"line":145,"column":6},"end":{"line":145,"column":null}},"49":{"start":{"line":146,"column":6},"end":{"line":146,"column":null}},"50":{"start":{"line":148,"column":6},"end":{"line":148,"column":null}},"51":{"start":{"line":150,"column":6},"end":{"line":150,"column":null}},"52":{"start":{"line":154,"column":2},"end":{"line":154,"column":null}},"53":{"start":{"line":154,"column":15},"end":{"line":154,"column":null}},"54":{"start":{"line":156,"column":2},"end":{"line":394,"column":null}},"55":{"start":{"line":194,"column":16},"end":{"line":194,"column":null}},"56":{"start":{"line":218,"column":16},"end":{"line":218,"column":null}},"57":{"start":{"line":224,"column":16},"end":{"line":226,"column":null}},"58":{"start":{"line":238,"column":16},"end":{"line":238,"column":null}},"59":{"start":{"line":251,"column":16},"end":{"line":251,"column":null}},"60":{"start":{"line":264,"column":16},"end":{"line":264,"column":null}},"61":{"start":{"line":278,"column":16},"end":{"line":278,"column":null}},"62":{"start":{"line":289,"column":31},"end":{"line":289,"column":null}},"63":{"start":{"line":300,"column":31},"end":{"line":300,"column":null}},"64":{"start":{"line":323,"column":20},"end":{"line":323,"column":null}},"65":{"start":{"line":334,"column":20},"end":{"line":334,"column":null}},"66":{"start":{"line":351,"column":22},"end":{"line":351,"column":null}},"67":{"start":{"line":366,"column":20},"end":{"line":366,"column":null}}},"fnMap":{"0":{"name":"EmployeeModal","decl":{"start":{"line":29,"column":24},"end":{"line":29,"column":38}},"loc":{"start":{"line":35,"column":23},"end":{"line":396,"column":null}},"line":35},"1":{"name":"(anonymous_1)","decl":{"start":{"line":54,"column":53},"end":{"line":54,"column":58}},"loc":{"start":{"line":54,"column":58},"end":{"line":54,"column":64}},"line":54},"2":{"name":"(anonymous_2)","decl":{"start":{"line":56,"column":12},"end":{"line":56,"column":18}},"loc":{"start":{"line":56,"column":18},"end":{"line":87,"column":5}},"line":56},"3":{"name":"(anonymous_3)","decl":{"start":{"line":89,"column":23},"end":{"line":89,"column":30}},"loc":{"start":{"line":89,"column":53},"end":{"line":152,"column":null}},"line":89},"4":{"name":"(anonymous_4)","decl":{"start":{"line":193,"column":24},"end":{"line":193,"column":25}},"loc":{"start":{"line":194,"column":16},"end":{"line":194,"column":null}},"line":194},"5":{"name":"(anonymous_5)","decl":{"start":{"line":217,"column":24},"end":{"line":217,"column":25}},"loc":{"start":{"line":218,"column":16},"end":{"line":218,"column":null}},"line":218},"6":{"name":"(anonymous_6)","decl":{"start":{"line":223,"column":28},"end":{"line":223,"column":29}},"loc":{"start":{"line":224,"column":16},"end":{"line":226,"column":null}},"line":224},"7":{"name":"(anonymous_7)","decl":{"start":{"line":237,"column":24},"end":{"line":237,"column":25}},"loc":{"start":{"line":238,"column":16},"end":{"line":238,"column":null}},"line":238},"8":{"name":"(anonymous_8)","decl":{"start":{"line":250,"column":24},"end":{"line":250,"column":25}},"loc":{"start":{"line":251,"column":16},"end":{"line":251,"column":null}},"line":251},"9":{"name":"(anonymous_9)","decl":{"start":{"line":263,"column":24},"end":{"line":263,"column":25}},"loc":{"start":{"line":264,"column":16},"end":{"line":264,"column":null}},"line":264},"10":{"name":"(anonymous_10)","decl":{"start":{"line":277,"column":24},"end":{"line":277,"column":25}},"loc":{"start":{"line":278,"column":16},"end":{"line":278,"column":null}},"line":278},"11":{"name":"(anonymous_11)","decl":{"start":{"line":289,"column":25},"end":{"line":289,"column":31}},"loc":{"start":{"line":289,"column":31},"end":{"line":289,"column":null}},"line":289},"12":{"name":"(anonymous_12)","decl":{"start":{"line":300,"column":25},"end":{"line":300,"column":31}},"loc":{"start":{"line":300,"column":31},"end":{"line":300,"column":null}},"line":300},"13":{"name":"(anonymous_13)","decl":{"start":{"line":322,"column":28},"end":{"line":322,"column":29}},"loc":{"start":{"line":323,"column":20},"end":{"line":323,"column":null}},"line":323},"14":{"name":"(anonymous_14)","decl":{"start":{"line":333,"column":28},"end":{"line":333,"column":29}},"loc":{"start":{"line":334,"column":20},"end":{"line":334,"column":null}},"line":334},"15":{"name":"(anonymous_15)","decl":{"start":{"line":350,"column":30},"end":{"line":350,"column":31}},"loc":{"start":{"line":351,"column":22},"end":{"line":351,"column":null}},"line":351},"16":{"name":"(anonymous_16)","decl":{"start":{"line":365,"column":28},"end":{"line":365,"column":29}},"loc":{"start":{"line":366,"column":20},"end":{"line":366,"column":null}},"line":366}},"branchMap":{"0":{"loc":{"start":{"line":57,"column":4},"end":{"line":85,"column":null}},"type":"if","locations":[{"start":{"line":57,"column":4},"end":{"line":85,"column":null}},{"start":{"line":71,"column":11},"end":{"line":85,"column":null}}],"line":57},"1":{"loc":{"start":{"line":61,"column":15},"end":{"line":61,"column":null}},"type":"binary-expr","locations":[{"start":{"line":61,"column":15},"end":{"line":61,"column":33}},{"start":{"line":61,"column":33},"end":{"line":61,"column":null}}],"line":61},"2":{"loc":{"start":{"line":62,"column":15},"end":{"line":62,"column":null}},"type":"binary-expr","locations":[{"start":{"line":62,"column":15},"end":{"line":62,"column":33}},{"start":{"line":62,"column":33},"end":{"line":62,"column":null}}],"line":62},"3":{"loc":{"start":{"line":63,"column":19},"end":{"line":63,"column":null}},"type":"binary-expr","locations":[{"start":{"line":63,"column":19},"end":{"line":63,"column":41}},{"start":{"line":63,"column":41},"end":{"line":63,"column":null}}],"line":63},"4":{"loc":{"start":{"line":65,"column":24},"end":{"line":65,"column":null}},"type":"binary-expr","locations":[{"start":{"line":65,"column":24},"end":{"line":65,"column":51}},{"start":{"line":65,"column":51},"end":{"line":65,"column":null}}],"line":65},"5":{"loc":{"start":{"line":66,"column":24},"end":{"line":66,"column":null}},"type":"binary-expr","locations":[{"start":{"line":66,"column":24},"end":{"line":66,"column":51}},{"start":{"line":66,"column":51},"end":{"line":66,"column":null}}],"line":66},"6":{"loc":{"start":{"line":68,"column":24},"end":{"line":68,"column":null}},"type":"binary-expr","locations":[{"start":{"line":68,"column":24},"end":{"line":68,"column":51}},{"start":{"line":68,"column":51},"end":{"line":68,"column":null}}],"line":68},"7":{"loc":{"start":{"line":69,"column":26},"end":{"line":69,"column":null}},"type":"binary-expr","locations":[{"start":{"line":69,"column":26},"end":{"line":69,"column":55}},{"start":{"line":69,"column":55},"end":{"line":69,"column":null}}],"line":69},"8":{"loc":{"start":{"line":92,"column":4},"end":{"line":95,"column":null}},"type":"if","locations":[{"start":{"line":92,"column":4},"end":{"line":95,"column":null}},{"start":{},"end":{}}],"line":92},"9":{"loc":{"start":{"line":92,"column":8},"end":{"line":92,"column":56}},"type":"binary-expr","locations":[{"start":{"line":92,"column":8},"end":{"line":92,"column":33}},{"start":{"line":92,"column":33},"end":{"line":92,"column":56}}],"line":92},"10":{"loc":{"start":{"line":97,"column":4},"end":{"line":100,"column":null}},"type":"if","locations":[{"start":{"line":97,"column":4},"end":{"line":100,"column":null}},{"start":{},"end":{}}],"line":97},"11":{"loc":{"start":{"line":102,"column":4},"end":{"line":105,"column":null}},"type":"if","locations":[{"start":{"line":102,"column":4},"end":{"line":105,"column":null}},{"start":{},"end":{}}],"line":102},"12":{"loc":{"start":{"line":107,"column":4},"end":{"line":117,"column":null}},"type":"if","locations":[{"start":{"line":107,"column":4},"end":{"line":117,"column":null}},{"start":{},"end":{}}],"line":107},"13":{"loc":{"start":{"line":107,"column":8},"end":{"line":107,"column":49}},"type":"binary-expr","locations":[{"start":{"line":107,"column":8},"end":{"line":107,"column":26}},{"start":{"line":107,"column":26},"end":{"line":107,"column":49}}],"line":107},"14":{"loc":{"start":{"line":109,"column":6},"end":{"line":112,"column":null}},"type":"if","locations":[{"start":{"line":109,"column":6},"end":{"line":112,"column":null}},{"start":{},"end":{}}],"line":109},"15":{"loc":{"start":{"line":113,"column":6},"end":{"line":116,"column":null}},"type":"if","locations":[{"start":{"line":113,"column":6},"end":{"line":116,"column":null}},{"start":{},"end":{}}],"line":113},"16":{"loc":{"start":{"line":119,"column":4},"end":{"line":122,"column":null}},"type":"if","locations":[{"start":{"line":119,"column":4},"end":{"line":122,"column":null}},{"start":{},"end":{}}],"line":119},"17":{"loc":{"start":{"line":119,"column":8},"end":{"line":119,"column":54}},"type":"binary-expr","locations":[{"start":{"line":119,"column":8},"end":{"line":119,"column":26}},{"start":{"line":119,"column":26},"end":{"line":119,"column":54}}],"line":119},"18":{"loc":{"start":{"line":124,"column":4},"end":{"line":127,"column":null}},"type":"if","locations":[{"start":{"line":124,"column":4},"end":{"line":127,"column":null}},{"start":{},"end":{}}],"line":124},"19":{"loc":{"start":{"line":124,"column":8},"end":{"line":124,"column":117}},"type":"binary-expr","locations":[{"start":{"line":124,"column":8},"end":{"line":124,"column":50}},{"start":{"line":124,"column":50},"end":{"line":124,"column":81}},{"start":{"line":124,"column":81},"end":{"line":124,"column":117}}],"line":124},"20":{"loc":{"start":{"line":129,"column":4},"end":{"line":139,"column":null}},"type":"if","locations":[{"start":{"line":129,"column":4},"end":{"line":139,"column":null}},{"start":{},"end":{}}],"line":129},"21":{"loc":{"start":{"line":135,"column":6},"end":{"line":138,"column":null}},"type":"if","locations":[{"start":{"line":135,"column":6},"end":{"line":138,"column":null}},{"start":{},"end":{}}],"line":135},"22":{"loc":{"start":{"line":135,"column":10},"end":{"line":135,"column":66}},"type":"binary-expr","locations":[{"start":{"line":135,"column":10},"end":{"line":135,"column":40}},{"start":{"line":135,"column":40},"end":{"line":135,"column":66}}],"line":135},"23":{"loc":{"start":{"line":148,"column":15},"end":{"line":148,"column":70}},"type":"cond-expr","locations":[{"start":{"line":148,"column":38},"end":{"line":148,"column":52}},{"start":{"line":148,"column":52},"end":{"line":148,"column":70}}],"line":148},"24":{"loc":{"start":{"line":154,"column":2},"end":{"line":154,"column":null}},"type":"if","locations":[{"start":{"line":154,"column":2},"end":{"line":154,"column":null}},{"start":{},"end":{}}],"line":154},"25":{"loc":{"start":{"line":170,"column":13},"end":{"line":170,"column":null}},"type":"cond-expr","locations":[{"start":{"line":170,"column":24},"end":{"line":170,"column":44}},{"start":{"line":170,"column":44},"end":{"line":170,"column":null}}],"line":170},"26":{"loc":{"start":{"line":182,"column":11},"end":{"line":185,"column":null}},"type":"binary-expr","locations":[{"start":{"line":182,"column":11},"end":{"line":182,"column":null}},{"start":{"line":183,"column":12},"end":{"line":185,"column":null}}],"line":182},"27":{"loc":{"start":{"line":203,"column":15},"end":{"line":211,"column":null}},"type":"binary-expr","locations":[{"start":{"line":203,"column":15},"end":{"line":203,"column":null}},{"start":{"line":204,"column":16},"end":{"line":211,"column":null}}],"line":203},"28":{"loc":{"start":{"line":278,"column":59},"end":{"line":278,"column":91}},"type":"binary-expr","locations":[{"start":{"line":278,"column":59},"end":{"line":278,"column":89}},{"start":{"line":278,"column":89},"end":{"line":278,"column":91}}],"line":278},"29":{"loc":{"start":{"line":291,"column":18},"end":{"line":293,"column":null}},"type":"cond-expr","locations":[{"start":{"line":292,"column":22},"end":{"line":292,"column":null}},{"start":{"line":293,"column":22},"end":{"line":293,"column":null}}],"line":291},"30":{"loc":{"start":{"line":302,"column":18},"end":{"line":304,"column":null}},"type":"cond-expr","locations":[{"start":{"line":303,"column":22},"end":{"line":303,"column":null}},{"start":{"line":304,"column":22},"end":{"line":304,"column":null}}],"line":302},"31":{"loc":{"start":{"line":312,"column":11},"end":{"line":371,"column":null}},"type":"binary-expr","locations":[{"start":{"line":312,"column":11},"end":{"line":312,"column":null}},{"start":{"line":313,"column":12},"end":{"line":371,"column":null}}],"line":312},"32":{"loc":{"start":{"line":334,"column":90},"end":{"line":334,"column":138}},"type":"cond-expr","locations":[{"start":{"line":334,"column":109},"end":{"line":334,"column":135}},{"start":{"line":334,"column":135},"end":{"line":334,"column":138}}],"line":334},"33":{"loc":{"start":{"line":343,"column":15},"end":{"line":354,"column":null}},"type":"binary-expr","locations":[{"start":{"line":343,"column":15},"end":{"line":343,"column":null}},{"start":{"line":344,"column":16},"end":{"line":354,"column":null}}],"line":343},"34":{"loc":{"start":{"line":366,"column":65},"end":{"line":366,"column":97}},"type":"binary-expr","locations":[{"start":{"line":366,"column":65},"end":{"line":366,"column":95}},{"start":{"line":366,"column":95},"end":{"line":366,"column":97}}],"line":366},"35":{"loc":{"start":{"line":389,"column":15},"end":{"line":389,"column":null}},"type":"cond-expr","locations":[{"start":{"line":389,"column":30},"end":{"line":389,"column":47}},{"start":{"line":389,"column":47},"end":{"line":389,"column":null}}],"line":389},"36":{"loc":{"start":{"line":389,"column":47},"end":{"line":389,"column":null}},"type":"cond-expr","locations":[{"start":{"line":389,"column":58},"end":{"line":389,"column":70}},{"start":{"line":389,"column":70},"end":{"line":389,"column":null}}],"line":389}},"s":{"0":1,"1":27,"2":27,"3":27,"4":27,"5":27,"6":0,"7":27,"8":10,"9":3,"10":7,"11":10,"12":27,"13":0,"14":0,"15":0,"16":0,"17":0,"18":0,"19":0,"20":0,"21":0,"22":0,"23":0,"24":0,"25":0,"26":0,"27":0,"28":0,"29":0,"30":0,"31":0,"32":0,"33":0,"34":0,"35":0,"36":0,"37":0,"38":0,"39":0,"40":0,"41":0,"42":0,"43":0,"44":0,"45":0,"46":0,"47":0,"48":0,"49":0,"50":0,"51":0,"52":27,"53":0,"54":27,"55":0,"56":0,"57":243,"58":0,"59":0,"60":0,"61":0,"62":1,"63":4,"64":0,"65":2,"66":0,"67":0},"f":{"0":27,"1":0,"2":10,"3":0,"4":0,"5":0,"6":243,"7":0,"8":0,"9":0,"10":0,"11":1,"12":4,"13":0,"14":2,"15":0,"16":0},"b":{"0":[3,7],"1":[3,3],"2":[3,3],"3":[3,3],"4":[3,0],"5":[3,0],"6":[3,0],"7":[3,0],"8":[0,0],"9":[0,0],"10":[0,0],"11":[0,0],"12":[0,0],"13":[0,0],"14":[0,0],"15":[0,0],"16":[0,0],"17":[0,0],"18":[0,0],"19":[0,0,0],"20":[0,0],"21":[0,0],"22":[0,0],"23":[0,0],"24":[0,27],"25":[7,20],"26":[27,0],"27":[27,0],"28":[0,0],"29":[18,9],"30":[9,18],"31":[27,9],"32":[1,1],"33":[9,4],"34":[0,0],"35":[0,27],"36":[7,20]},"meta":{"lastBranch":37,"lastFunction":17,"lastStatement":68,"seen":{"s:17:21:27:Infinity":0,"f:29:24:29:38":0,"s:36:19:36:Infinity":1,"s:37:30:49:Infinity":2,"s:50:38:50:Infinity":3,"s:51:24:51:Infinity":4,"s:54:19:54:Infinity":5,"f:54:53:54:58":1,"s:54:58:54:64":6,"s:56:2:87:Infinity":7,"f:56:12:56:18":2,"b:57:4:85:Infinity:71:11:85:Infinity":0,"s:57:4:85:Infinity":8,"s:58:6:70:Infinity":9,"b:61:15:61:33:61:33:61:Infinity":1,"b:62:15:62:33:62:33:62:Infinity":2,"b:63:19:63:41:63:41:63:Infinity":3,"b:65:24:65:51:65:51:65:Infinity":4,"b:66:24:66:51:66:51:66:Infinity":5,"b:68:24:68:51:68:51:68:Infinity":6,"b:69:26:69:55:69:55:69:Infinity":7,"s:72:6:84:Infinity":10,"s:86:4:86:Infinity":11,"s:89:23:152:Infinity":12,"f:89:23:89:30":3,"s:90:4:90:Infinity":13,"b:92:4:95:Infinity:undefined:undefined:undefined:undefined":8,"s:92:4:95:Infinity":14,"b:92:8:92:33:92:33:92:56":9,"s:93:6:93:Infinity":15,"s:94:6:94:Infinity":16,"b:97:4:100:Infinity:undefined:undefined:undefined:undefined":10,"s:97:4:100:Infinity":17,"s:98:6:98:Infinity":18,"s:99:6:99:Infinity":19,"b:102:4:105:Infinity:undefined:undefined:undefined:undefined":11,"s:102:4:105:Infinity":20,"s:103:6:103:Infinity":21,"s:104:6:104:Infinity":22,"b:107:4:117:Infinity:undefined:undefined:undefined:undefined":12,"s:107:4:117:Infinity":23,"b:107:8:107:26:107:26:107:49":13,"s:108:25:108:Infinity":24,"b:109:6:112:Infinity:undefined:undefined:undefined:undefined":14,"s:109:6:112:Infinity":25,"s:110:8:110:Infinity":26,"s:111:8:111:Infinity":27,"b:113:6:116:Infinity:undefined:undefined:undefined:undefined":15,"s:113:6:116:Infinity":28,"s:114:8:114:Infinity":29,"s:115:8:115:Infinity":30,"b:119:4:122:Infinity:undefined:undefined:undefined:undefined":16,"s:119:4:122:Infinity":31,"b:119:8:119:26:119:26:119:54":17,"s:120:6:120:Infinity":32,"s:121:6:121:Infinity":33,"b:124:4:127:Infinity:undefined:undefined:undefined:undefined":18,"s:124:4:127:Infinity":34,"b:124:8:124:50:124:50:124:81:124:81:124:117":19,"s:125:6:125:Infinity":35,"s:126:6:126:Infinity":36,"b:129:4:139:Infinity:undefined:undefined:undefined:undefined":20,"s:129:4:139:Infinity":37,"s:130:23:130:Infinity":38,"s:131:18:131:Infinity":39,"s:132:30:132:Infinity":40,"s:133:28:133:Infinity":41,"b:135:6:138:Infinity:undefined:undefined:undefined:undefined":21,"s:135:6:138:Infinity":42,"b:135:10:135:40:135:40:135:66":22,"s:136:8:136:Infinity":43,"s:137:8:137:Infinity":44,"s:141:4:141:Infinity":45,"s:142:4:142:Infinity":46,"s:144:4:151:Infinity":47,"s:145:6:145:Infinity":48,"s:146:6:146:Infinity":49,"s:148:6:148:Infinity":50,"b:148:38:148:52:148:52:148:70":23,"s:150:6:150:Infinity":51,"b:154:2:154:Infinity:undefined:undefined:undefined:undefined":24,"s:154:2:154:Infinity":52,"s:154:15:154:Infinity":53,"s:156:2:394:Infinity":54,"b:170:24:170:44:170:44:170:Infinity":25,"b:182:11:182:Infinity:183:12:185:Infinity":26,"f:193:24:193:25":4,"s:194:16:194:Infinity":55,"b:203:15:203:Infinity:204:16:211:Infinity":27,"f:217:24:217:25":5,"s:218:16:218:Infinity":56,"f:223:28:223:29":6,"s:224:16:226:Infinity":57,"f:237:24:237:25":7,"s:238:16:238:Infinity":58,"f:250:24:250:25":8,"s:251:16:251:Infinity":59,"f:263:24:263:25":9,"s:264:16:264:Infinity":60,"f:277:24:277:25":10,"s:278:16:278:Infinity":61,"b:278:59:278:89:278:89:278:91":28,"f:289:25:289:31":11,"s:289:31:289:Infinity":62,"b:292:22:292:Infinity:293:22:293:Infinity":29,"f:300:25:300:31":12,"s:300:31:300:Infinity":63,"b:303:22:303:Infinity:304:22:304:Infinity":30,"b:312:11:312:Infinity:313:12:371:Infinity":31,"f:322:28:322:29":13,"s:323:20:323:Infinity":64,"f:333:28:333:29":14,"s:334:20:334:Infinity":65,"b:334:109:334:135:334:135:334:138":32,"b:343:15:343:Infinity:344:16:354:Infinity":33,"f:350:30:350:31":15,"s:351:22:351:Infinity":66,"f:365:28:365:29":16,"s:366:20:366:Infinity":67,"b:366:65:366:95:366:95:366:97":34,"b:389:30:389:47:389:47:389:Infinity":35,"b:389:58:389:70:389:70:389:Infinity":36}}}
,"C:\\Users\\dell\\Desktop\\PPORGAMACION\\proyectos de prueva\\Gastro Manager\\src\\react-app\\components\\employees\\EmployeeViewModal.tsx": {"path":"C:\\Users\\dell\\Desktop\\PPORGAMACION\\proyectos de prueva\\Gastro Manager\\src\\react-app\\components\\employees\\EmployeeViewModal.tsx","statementMap":{"0":{"start":{"line":13,"column":19},"end":{"line":20,"column":null}},"1":{"start":{"line":14,"column":2},"end":{"line":14,"column":null}},"2":{"start":{"line":14,"column":16},"end":{"line":14,"column":null}},"3":{"start":{"line":15,"column":2},"end":{"line":19,"column":null}},"4":{"start":{"line":22,"column":23},"end":{"line":27,"column":null}},"5":{"start":{"line":23,"column":2},"end":{"line":26,"column":null}},"6":{"start":{"line":35,"column":2},"end":{"line":35,"column":null}},"7":{"start":{"line":35,"column":28},"end":{"line":35,"column":null}},"8":{"start":{"line":37,"column":19},"end":{"line":42,"column":null}},"9":{"start":{"line":39,"column":16},"end":{"line":39,"column":20}},"10":{"start":{"line":44,"column":21},"end":{"line":46,"column":null}},"11":{"start":{"line":45,"column":4},"end":{"line":45,"column":null}},"12":{"start":{"line":48,"column":2},"end":{"line":195,"column":null}}},"fnMap":{"0":{"name":"(anonymous_0)","decl":{"start":{"line":13,"column":19},"end":{"line":13,"column":20}},"loc":{"start":{"line":13,"column":47},"end":{"line":20,"column":null}},"line":13},"1":{"name":"(anonymous_1)","decl":{"start":{"line":22,"column":23},"end":{"line":22,"column":24}},"loc":{"start":{"line":22,"column":43},"end":{"line":27,"column":null}},"line":22},"2":{"name":"EmployeeViewModal","decl":{"start":{"line":29,"column":24},"end":{"line":29,"column":42}},"loc":{"start":{"line":34,"column":27},"end":{"line":197,"column":null}},"line":34},"3":{"name":"(anonymous_3)","decl":{"start":{"line":39,"column":9},"end":{"line":39,"column":10}},"loc":{"start":{"line":39,"column":16},"end":{"line":39,"column":20}},"line":39},"4":{"name":"(anonymous_4)","decl":{"start":{"line":44,"column":21},"end":{"line":44,"column":27}},"loc":{"start":{"line":44,"column":27},"end":{"line":46,"column":null}},"line":44}},"branchMap":{"0":{"loc":{"start":{"line":14,"column":2},"end":{"line":14,"column":null}},"type":"if","locations":[{"start":{"line":14,"column":2},"end":{"line":14,"column":null}},{"start":{},"end":{}}],"line":14},"1":{"loc":{"start":{"line":35,"column":2},"end":{"line":35,"column":null}},"type":"if","locations":[{"start":{"line":35,"column":2},"end":{"line":35,"column":null}},{"start":{},"end":{}}],"line":35},"2":{"loc":{"start":{"line":35,"column":6},"end":{"line":35,"column":28}},"type":"binary-expr","locations":[{"start":{"line":35,"column":6},"end":{"line":35,"column":17}},{"start":{"line":35,"column":17},"end":{"line":35,"column":28}}],"line":35},"3":{"loc":{"start":{"line":85,"column":13},"end":{"line":88,"column":null}},"type":"cond-expr","locations":[{"start":{"line":86,"column":14},"end":{"line":86,"column":null}},{"start":{"line":88,"column":14},"end":{"line":88,"column":null}}],"line":85},"4":{"loc":{"start":{"line":91,"column":23},"end":{"line":91,"column":null}},"type":"cond-expr","locations":[{"start":{"line":91,"column":50},"end":{"line":91,"column":62}},{"start":{"line":91,"column":62},"end":{"line":91,"column":null}}],"line":91},"5":{"loc":{"start":{"line":93,"column":16},"end":{"line":95,"column":null}},"type":"cond-expr","locations":[{"start":{"line":94,"column":20},"end":{"line":94,"column":null}},{"start":{"line":95,"column":20},"end":{"line":95,"column":null}}],"line":93},"6":{"loc":{"start":{"line":98,"column":15},"end":{"line":98,"column":null}},"type":"cond-expr","locations":[{"start":{"line":98,"column":42},"end":{"line":98,"column":53}},{"start":{"line":98,"column":53},"end":{"line":98,"column":null}}],"line":98},"7":{"loc":{"start":{"line":100,"column":10},"end":{"line":117,"column":null}},"type":"binary-expr","locations":[{"start":{"line":103,"column":12},"end":{"line":103,"column":30}},{"start":{"line":103,"column":30},"end":{"line":103,"column":null}},{"start":{"line":104,"column":12},"end":{"line":117,"column":null}}],"line":100},"8":{"loc":{"start":{"line":105,"column":15},"end":{"line":109,"column":null}},"type":"binary-expr","locations":[{"start":{"line":105,"column":15},"end":{"line":105,"column":null}},{"start":{"line":106,"column":16},"end":{"line":109,"column":null}}],"line":105},"9":{"loc":{"start":{"line":111,"column":15},"end":{"line":115,"column":null}},"type":"binary-expr","locations":[{"start":{"line":111,"column":15},"end":{"line":111,"column":null}},{"start":{"line":112,"column":16},"end":{"line":115,"column":null}}],"line":111},"10":{"loc":{"start":{"line":130,"column":12},"end":{"line":141,"column":null}},"type":"binary-expr","locations":[{"start":{"line":130,"column":12},"end":{"line":132,"column":null}},{"start":{"line":133,"column":14},"end":{"line":141,"column":null}}],"line":130},"11":{"loc":{"start":{"line":132,"column":14},"end":{"line":132,"column":46}},"type":"binary-expr","locations":[{"start":{"line":132,"column":14},"end":{"line":132,"column":41}},{"start":{"line":132,"column":41},"end":{"line":132,"column":46}}],"line":132},"12":{"loc":{"start":{"line":139,"column":34},"end":{"line":139,"column":62}},"type":"binary-expr","locations":[{"start":{"line":139,"column":34},"end":{"line":139,"column":61}},{"start":{"line":139,"column":61},"end":{"line":139,"column":62}}],"line":139},"13":{"loc":{"start":{"line":146,"column":11},"end":{"line":180,"column":null}},"type":"binary-expr","locations":[{"start":{"line":146,"column":11},"end":{"line":146,"column":null}},{"start":{"line":147,"column":13},"end":{"line":147,"column":null}},{"start":{"line":148,"column":14},"end":{"line":148,"column":null}},{"start":{"line":149,"column":14},"end":{"line":149,"column":null}},{"start":{"line":150,"column":14},"end":{"line":180,"column":null}}],"line":146},"14":{"loc":{"start":{"line":154,"column":17},"end":{"line":160,"column":null}},"type":"binary-expr","locations":[{"start":{"line":154,"column":17},"end":{"line":154,"column":null}},{"start":{"line":155,"column":18},"end":{"line":160,"column":null}}],"line":154},"15":{"loc":{"start":{"line":165,"column":21},"end":{"line":169,"column":null}},"type":"cond-expr","locations":[{"start":{"line":166,"column":24},"end":{"line":168,"column":null}},{"start":{"line":169,"column":24},"end":{"line":169,"column":null}}],"line":165},"16":{"loc":{"start":{"line":166,"column":24},"end":{"line":168,"column":null}},"type":"cond-expr","locations":[{"start":{"line":167,"column":26},"end":{"line":167,"column":null}},{"start":{"line":168,"column":26},"end":{"line":168,"column":null}}],"line":166},"17":{"loc":{"start":{"line":172,"column":17},"end":{"line":178,"column":null}},"type":"binary-expr","locations":[{"start":{"line":172,"column":17},"end":{"line":172,"column":null}},{"start":{"line":173,"column":18},"end":{"line":178,"column":null}}],"line":172}},"s":{"0":1,"1":27,"2":0,"3":27,"4":1,"5":22,"6":19,"7":2,"8":17,"9":34,"10":17,"11":1,"12":17},"f":{"0":27,"1":22,"2":19,"3":34,"4":1},"b":{"0":[0,27],"1":[2,17],"2":[19,18],"3":[11,6],"4":[11,6],"5":[11,6],"6":[11,6],"7":[19,0,17],"8":[17,17],"9":[17,17],"10":[19,17],"11":[19,0],"12":[17,0],"13":[19,6,1,1,5],"14":[5,5],"15":[5,0],"16":[5,0],"17":[5,5]},"meta":{"lastBranch":18,"lastFunction":5,"lastStatement":13,"seen":{"s:13:19:20:Infinity":0,"f:13:19:13:20":0,"b:14:2:14:Infinity:undefined:undefined:undefined:undefined":0,"s:14:2:14:Infinity":1,"s:14:16:14:Infinity":2,"s:15:2:19:Infinity":3,"s:22:23:27:Infinity":4,"f:22:23:22:24":1,"s:23:2:26:Infinity":5,"f:29:24:29:42":2,"b:35:2:35:Infinity:undefined:undefined:undefined:undefined":1,"s:35:2:35:Infinity":6,"b:35:6:35:17:35:17:35:28":2,"s:35:28:35:Infinity":7,"s:37:19:42:Infinity":8,"f:39:9:39:10":3,"s:39:16:39:20":9,"s:44:21:46:Infinity":10,"f:44:21:44:27":4,"s:45:4:45:Infinity":11,"s:48:2:195:Infinity":12,"b:86:14:86:Infinity:88:14:88:Infinity":3,"b:91:50:91:62:91:62:91:Infinity":4,"b:94:20:94:Infinity:95:20:95:Infinity":5,"b:98:42:98:53:98:53:98:Infinity":6,"b:103:12:103:30:103:30:103:Infinity:104:12:117:Infinity":7,"b:105:15:105:Infinity:106:16:109:Infinity":8,"b:111:15:111:Infinity:112:16:115:Infinity":9,"b:130:12:132:Infinity:133:14:141:Infinity":10,"b:132:14:132:41:132:41:132:46":11,"b:139:34:139:61:139:61:139:62":12,"b:146:11:146:Infinity:147:13:147:Infinity:148:14:148:Infinity:149:14:149:Infinity:150:14:180:Infinity":13,"b:154:17:154:Infinity:155:18:160:Infinity":14,"b:166:24:168:Infinity:169:24:169:Infinity":15,"b:167:26:167:Infinity:168:26:168:Infinity":16,"b:172:17:172:Infinity:173:18:178:Infinity":17}}}
,"C:\\Users\\dell\\Desktop\\PPORGAMACION\\proyectos de prueva\\Gastro Manager\\src\\react-app\\components\\ui\\badge.tsx": {"path":"C:\\Users\\dell\\Desktop\\PPORGAMACION\\proyectos de prueva\\Gastro Manager\\src\\react-app\\components\\ui\\badge.tsx","statementMap":{"0":{"start":{"line":7,"column":6},"end":{"line":24,"column":null}},"1":{"start":{"line":33,"column":15},"end":{"line":33,"column":null}},"2":{"start":{"line":35,"column":2},"end":{"line":41,"column":null}}},"fnMap":{"0":{"name":"Badge","decl":{"start":{"line":26,"column":9},"end":{"line":26,"column":15}},"loc":{"start":{"line":32,"column":62},"end":{"line":43,"column":null}},"line":32}},"branchMap":{"0":{"loc":{"start":{"line":28,"column":2},"end":{"line":28,"column":null}},"type":"default-arg","locations":[{"start":{"line":28,"column":12},"end":{"line":28,"column":null}}],"line":28},"1":{"loc":{"start":{"line":29,"column":2},"end":{"line":29,"column":null}},"type":"default-arg","locations":[{"start":{"line":29,"column":12},"end":{"line":29,"column":null}}],"line":29},"2":{"loc":{"start":{"line":33,"column":15},"end":{"line":33,"column":null}},"type":"cond-expr","locations":[{"start":{"line":33,"column":25},"end":{"line":33,"column":37}},{"start":{"line":33,"column":37},"end":{"line":33,"column":null}}],"line":33}},"s":{"0":3,"1":1261,"2":1261},"f":{"0":1261},"b":{"0":[1261],"1":[1261],"2":[0,1261]},"meta":{"lastBranch":3,"lastFunction":1,"lastStatement":3,"seen":{"s:7:6:24:Infinity":0,"f:26:9:26:15":0,"b:28:12:28:Infinity":0,"b:29:12:29:Infinity":1,"s:33:15:33:Infinity":1,"b:33:25:33:37:33:37:33:Infinity":2,"s:35:2:41:Infinity":2}}}
,"C:\\Users\\dell\\Desktop\\PPORGAMACION\\proyectos de prueva\\Gastro Manager\\src\\react-app\\components\\ui\\button.tsx": {"path":"C:\\Users\\dell\\Desktop\\PPORGAMACION\\proyectos de prueva\\Gastro Manager\\src\\react-app\\components\\ui\\button.tsx","statementMap":{"0":{"start":{"line":7,"column":6},"end":{"line":35,"column":null}},"1":{"start":{"line":47,"column":15},"end":{"line":47,"column":null}},"2":{"start":{"line":49,"column":2},"end":{"line":56,"column":null}}},"fnMap":{"0":{"name":"Button","decl":{"start":{"line":37,"column":9},"end":{"line":37,"column":16}},"loc":{"start":{"line":46,"column":5},"end":{"line":58,"column":null}},"line":46}},"branchMap":{"0":{"loc":{"start":{"line":39,"column":2},"end":{"line":39,"column":null}},"type":"default-arg","locations":[{"start":{"line":39,"column":12},"end":{"line":39,"column":null}}],"line":39},"1":{"loc":{"start":{"line":40,"column":2},"end":{"line":40,"column":null}},"type":"default-arg","locations":[{"start":{"line":40,"column":9},"end":{"line":40,"column":null}}],"line":40},"2":{"loc":{"start":{"line":41,"column":2},"end":{"line":41,"column":null}},"type":"default-arg","locations":[{"start":{"line":41,"column":12},"end":{"line":41,"column":null}}],"line":41},"3":{"loc":{"start":{"line":47,"column":15},"end":{"line":47,"column":null}},"type":"cond-expr","locations":[{"start":{"line":47,"column":25},"end":{"line":47,"column":37}},{"start":{"line":47,"column":37},"end":{"line":47,"column":null}}],"line":47}},"s":{"0":6,"1":337,"2":337},"f":{"0":337},"b":{"0":[337],"1":[337],"2":[337],"3":[0,337]},"meta":{"lastBranch":4,"lastFunction":1,"lastStatement":3,"seen":{"s:7:6:35:Infinity":0,"f:37:9:37:16":0,"b:39:12:39:Infinity":0,"b:40:9:40:Infinity":1,"b:41:12:41:Infinity":2,"s:47:15:47:Infinity":1,"b:47:25:47:37:47:37:47:Infinity":3,"s:49:2:56:Infinity":2}}}
,"C:\\Users\\dell\\Desktop\\PPORGAMACION\\proyectos de prueva\\Gastro Manager\\src\\react-app\\components\\ui\\card.tsx": {"path":"C:\\Users\\dell\\Desktop\\PPORGAMACION\\proyectos de prueva\\Gastro Manager\\src\\react-app\\components\\ui\\card.tsx","statementMap":{"0":{"start":{"line":10,"column":2},"end":{"line":16,"column":null}},"1":{"start":{"line":21,"column":2},"end":{"line":29,"column":null}},"2":{"start":{"line":34,"column":2},"end":{"line":39,"column":null}},"3":{"start":{"line":44,"column":2},"end":{"line":49,"column":null}},"4":{"start":{"line":54,"column":2},"end":{"line":59,"column":null}}},"fnMap":{"0":{"name":"Card","decl":{"start":{"line":5,"column":9},"end":{"line":5,"column":14}},"loc":{"start":{"line":9,"column":62},"end":{"line":18,"column":null}},"line":9},"1":{"name":"CardHeader","decl":{"start":{"line":20,"column":9},"end":{"line":20,"column":20}},"loc":{"start":{"line":20,"column":74},"end":{"line":31,"column":null}},"line":20},"2":{"name":"CardTitle","decl":{"start":{"line":33,"column":9},"end":{"line":33,"column":19}},"loc":{"start":{"line":33,"column":73},"end":{"line":41,"column":null}},"line":33},"3":{"name":"CardDescription","decl":{"start":{"line":43,"column":9},"end":{"line":43,"column":25}},"loc":{"start":{"line":43,"column":79},"end":{"line":51,"column":null}},"line":43},"4":{"name":"CardContent","decl":{"start":{"line":53,"column":9},"end":{"line":53,"column":21}},"loc":{"start":{"line":53,"column":75},"end":{"line":61,"column":null}},"line":53}},"branchMap":{"0":{"loc":{"start":{"line":7,"column":2},"end":{"line":7,"column":null}},"type":"default-arg","locations":[{"start":{"line":7,"column":9},"end":{"line":7,"column":null}}],"line":7}},"s":{"0":510,"1":480,"2":480,"3":365,"4":510},"f":{"0":510,"1":480,"2":480,"3":365,"4":510},"b":{"0":[510]},"meta":{"lastBranch":1,"lastFunction":5,"lastStatement":5,"seen":{"f:5:9:5:14":0,"b:7:9:7:Infinity":0,"s:10:2:16:Infinity":0,"f:20:9:20:20":1,"s:21:2:29:Infinity":1,"f:33:9:33:19":2,"s:34:2:39:Infinity":2,"f:43:9:43:25":3,"s:44:2:49:Infinity":3,"f:53:9:53:21":4,"s:54:2:59:Infinity":4}}}
,"C:\\Users\\dell\\Desktop\\PPORGAMACION\\proyectos de prueva\\Gastro Manager\\src\\react-app\\components\\ui\\input.tsx": {"path":"C:\\Users\\dell\\Desktop\\PPORGAMACION\\proyectos de prueva\\Gastro Manager\\src\\react-app\\components\\ui\\input.tsx","statementMap":{"0":{"start":{"line":6,"column":2},"end":{"line":15,"column":null}}},"fnMap":{"0":{"name":"Input","decl":{"start":{"line":5,"column":9},"end":{"line":5,"column":15}},"loc":{"start":{"line":5,"column":77},"end":{"line":17,"column":null}},"line":5}},"branchMap":{},"s":{"0":1048},"f":{"0":1048},"b":{},"meta":{"lastBranch":0,"lastFunction":1,"lastStatement":1,"seen":{"f:5:9:5:15":0,"s:6:2:15:Infinity":0}}}
,"C:\\Users\\dell\\Desktop\\PPORGAMACION\\proyectos de prueva\\Gastro Manager\\src\\react-app\\components\\ui\\label.tsx": {"path":"C:\\Users\\dell\\Desktop\\PPORGAMACION\\proyectos de prueva\\Gastro Manager\\src\\react-app\\components\\ui\\label.tsx","statementMap":{"0":{"start":{"line":10,"column":2},"end":{"line":18,"column":null}}},"fnMap":{"0":{"name":"Label","decl":{"start":{"line":6,"column":9},"end":{"line":6,"column":15}},"loc":{"start":{"line":9,"column":53},"end":{"line":20,"column":null}},"line":9}},"branchMap":{},"s":{"0":220},"f":{"0":220},"b":{},"meta":{"lastBranch":0,"lastFunction":1,"lastStatement":1,"seen":{"f:6:9:6:15":0,"s:10:2:18:Infinity":0}}}
,"C:\\Users\\dell\\Desktop\\PPORGAMACION\\proyectos de prueva\\Gastro Manager\\src\\react-app\\components\\ui\\table.tsx": {"path":"C:\\Users\\dell\\Desktop\\PPORGAMACION\\proyectos de prueva\\Gastro Manager\\src\\react-app\\components\\ui\\table.tsx","statementMap":{"0":{"start":{"line":6,"column":2},"end":{"line":13,"column":null}},"1":{"start":{"line":18,"column":2},"end":{"line":23,"column":null}},"2":{"start":{"line":28,"column":2},"end":{"line":33,"column":null}},"3":{"start":{"line":38,"column":2},"end":{"line":43,"column":null}},"4":{"start":{"line":48,"column":2},"end":{"line":53,"column":null}},"5":{"start":{"line":58,"column":2},"end":{"line":63,"column":null}}},"fnMap":{"0":{"name":"Table","decl":{"start":{"line":5,"column":9},"end":{"line":5,"column":15}},"loc":{"start":{"line":5,"column":71},"end":{"line":15,"column":null}},"line":5},"1":{"name":"TableHeader","decl":{"start":{"line":17,"column":9},"end":{"line":17,"column":21}},"loc":{"start":{"line":17,"column":77},"end":{"line":25,"column":null}},"line":17},"2":{"name":"TableBody","decl":{"start":{"line":27,"column":9},"end":{"line":27,"column":19}},"loc":{"start":{"line":27,"column":75},"end":{"line":35,"column":null}},"line":27},"3":{"name":"TableRow","decl":{"start":{"line":37,"column":9},"end":{"line":37,"column":18}},"loc":{"start":{"line":37,"column":71},"end":{"line":45,"column":null}},"line":37},"4":{"name":"TableHead","decl":{"start":{"line":47,"column":9},"end":{"line":47,"column":19}},"loc":{"start":{"line":47,"column":72},"end":{"line":55,"column":null}},"line":47},"5":{"name":"TableCell","decl":{"start":{"line":57,"column":9},"end":{"line":57,"column":19}},"loc":{"start":{"line":57,"column":72},"end":{"line":65,"column":null}},"line":57}},"branchMap":{},"s":{"0":45,"1":45,"2":45,"3":1247,"4":513,"5":14397},"f":{"0":45,"1":45,"2":45,"3":1247,"4":513,"5":14397},"b":{},"meta":{"lastBranch":0,"lastFunction":6,"lastStatement":6,"seen":{"f:5:9:5:15":0,"s:6:2:13:Infinity":0,"f:17:9:17:21":1,"s:18:2:23:Infinity":1,"f:27:9:27:19":2,"s:28:2:33:Infinity":2,"f:37:9:37:18":3,"s:38:2:43:Infinity":3,"f:47:9:47:19":4,"s:48:2:53:Infinity":4,"f:57:9:57:19":5,"s:58:2:63:Infinity":5}}}
,"C:\\Users\\dell\\Desktop\\PPORGAMACION\\proyectos de prueva\\Gastro Manager\\src\\react-app\\context\\UsageLimitModalContext.tsx": {"path":"C:\\Users\\dell\\Desktop\\PPORGAMACION\\proyectos de prueva\\Gastro Manager\\src\\react-app\\context\\UsageLimitModalContext.tsx","statementMap":{"0":{"start":{"line":21,"column":6},"end":{"line":21,"column":null}},"1":{"start":{"line":30,"column":2},"end":{"line":43,"column":null}},"2":{"start":{"line":31,"column":29},"end":{"line":31,"column":null}},"3":{"start":{"line":32,"column":4},"end":{"line":32,"column":null}},"4":{"start":{"line":34,"column":25},"end":{"line":36,"column":null}},"5":{"start":{"line":35,"column":6},"end":{"line":35,"column":null}},"6":{"start":{"line":35,"column":34},"end":{"line":35,"column":null}},"7":{"start":{"line":38,"column":4},"end":{"line":38,"column":null}},"8":{"start":{"line":39,"column":4},"end":{"line":42,"column":null}},"9":{"start":{"line":40,"column":6},"end":{"line":40,"column":null}},"10":{"start":{"line":41,"column":6},"end":{"line":41,"column":null}},"11":{"start":{"line":45,"column":2},"end":{"line":141,"column":null}},"12":{"start":{"line":129,"column":18},"end":{"line":129,"column":null}},"13":{"start":{"line":130,"column":18},"end":{"line":130,"column":null}},"14":{"start":{"line":146,"column":26},"end":{"line":146,"column":null}},"15":{"start":{"line":148,"column":8},"end":{"line":150,"column":null}},"16":{"start":{"line":149,"column":4},"end":{"line":149,"column":null}},"17":{"start":{"line":152,"column":8},"end":{"line":154,"column":null}},"18":{"start":{"line":153,"column":4},"end":{"line":153,"column":null}},"19":{"start":{"line":156,"column":2},"end":{"line":167,"column":null}},"20":{"start":{"line":157,"column":34},"end":{"line":161,"column":null}},"21":{"start":{"line":158,"column":26},"end":{"line":158,"column":null}},"22":{"start":{"line":159,"column":6},"end":{"line":159,"column":null}},"23":{"start":{"line":159,"column":31},"end":{"line":159,"column":null}},"24":{"start":{"line":160,"column":6},"end":{"line":160,"column":null}},"25":{"start":{"line":163,"column":4},"end":{"line":163,"column":null}},"26":{"start":{"line":164,"column":4},"end":{"line":166,"column":null}},"27":{"start":{"line":165,"column":6},"end":{"line":165,"column":null}},"28":{"start":{"line":169,"column":8},"end":{"line":175,"column":null}},"29":{"start":{"line":170,"column":11},"end":{"line":173,"column":null}},"30":{"start":{"line":177,"column":2},"end":{"line":181,"column":null}}},"fnMap":{"0":{"name":"UsageLimitUpgradeModal","decl":{"start":{"line":23,"column":9},"end":{"line":23,"column":32}},"loc":{"start":{"line":29,"column":3},"end":{"line":143,"column":null}},"line":29},"1":{"name":"(anonymous_1)","decl":{"start":{"line":30,"column":12},"end":{"line":30,"column":18}},"loc":{"start":{"line":30,"column":18},"end":{"line":43,"column":5}},"line":30},"2":{"name":"(anonymous_2)","decl":{"start":{"line":34,"column":25},"end":{"line":34,"column":26}},"loc":{"start":{"line":34,"column":51},"end":{"line":36,"column":null}},"line":34},"3":{"name":"(anonymous_3)","decl":{"start":{"line":39,"column":11},"end":{"line":39,"column":17}},"loc":{"start":{"line":39,"column":17},"end":{"line":42,"column":null}},"line":39},"4":{"name":"(anonymous_4)","decl":{"start":{"line":128,"column":25},"end":{"line":128,"column":31}},"loc":{"start":{"line":128,"column":31},"end":{"line":131,"column":null}},"line":128},"5":{"name":"UsageLimitModalProvider","decl":{"start":{"line":145,"column":16},"end":{"line":145,"column":40}},"loc":{"start":{"line":145,"column":79},"end":{"line":183,"column":null}},"line":145},"6":{"name":"(anonymous_6)","decl":{"start":{"line":148,"column":43},"end":{"line":148,"column":49}},"loc":{"start":{"line":148,"column":49},"end":{"line":150,"column":5}},"line":148},"7":{"name":"(anonymous_7)","decl":{"start":{"line":152,"column":42},"end":{"line":152,"column":43}},"loc":{"start":{"line":152,"column":81},"end":{"line":154,"column":5}},"line":152},"8":{"name":"(anonymous_8)","decl":{"start":{"line":156,"column":12},"end":{"line":156,"column":18}},"loc":{"start":{"line":156,"column":18},"end":{"line":167,"column":5}},"line":156},"9":{"name":"(anonymous_9)","decl":{"start":{"line":157,"column":34},"end":{"line":157,"column":35}},"loc":{"start":{"line":157,"column":52},"end":{"line":161,"column":null}},"line":157},"10":{"name":"(anonymous_10)","decl":{"start":{"line":164,"column":11},"end":{"line":164,"column":17}},"loc":{"start":{"line":164,"column":17},"end":{"line":166,"column":null}},"line":164},"11":{"name":"(anonymous_11)","decl":{"start":{"line":170,"column":4},"end":{"line":170,"column":11}},"loc":{"start":{"line":170,"column":11},"end":{"line":173,"column":null}},"line":170}},"branchMap":{"0":{"loc":{"start":{"line":35,"column":6},"end":{"line":35,"column":null}},"type":"if","locations":[{"start":{"line":35,"column":6},"end":{"line":35,"column":null}},{"start":{},"end":{}}],"line":35},"1":{"loc":{"start":{"line":109,"column":19},"end":{"line":111,"column":null}},"type":"cond-expr","locations":[{"start":{"line":110,"column":22},"end":{"line":110,"column":null}},{"start":{"line":111,"column":22},"end":{"line":111,"column":null}}],"line":109},"2":{"loc":{"start":{"line":159,"column":6},"end":{"line":159,"column":null}},"type":"if","locations":[{"start":{"line":159,"column":6},"end":{"line":159,"column":null}},{"start":{},"end":{}}],"line":159},"3":{"loc":{"start":{"line":180,"column":7},"end":{"line":180,"column":null}},"type":"cond-expr","locations":[{"start":{"line":180,"column":16},"end":{"line":180,"column":92}},{"start":{"line":180,"column":92},"end":{"line":180,"column":null}}],"line":180}},"s":{"0":1,"1":3,"2":3,"3":3,"4":3,"5":1,"6":1,"7":3,"8":3,"9":3,"10":3,"11":3,"12":0,"13":0,"14":8,"15":8,"16":2,"17":8,"18":3,"19":8,"20":3,"21":3,"22":3,"23":0,"24":3,"25":3,"26":3,"27":3,"28":8,"29":3,"30":8},"f":{"0":3,"1":3,"2":1,"3":3,"4":0,"5":8,"6":2,"7":3,"8":3,"9":3,"10":3,"11":3},"b":{"0":[1,0],"1":[2,1],"2":[0,3],"3":[3,5]},"meta":{"lastBranch":4,"lastFunction":12,"lastStatement":31,"seen":{"s:21:6:21:Infinity":0,"f:23:9:23:32":0,"s:30:2:43:Infinity":1,"f:30:12:30:18":1,"s:31:29:31:Infinity":2,"s:32:4:32:Infinity":3,"s:34:25:36:Infinity":4,"f:34:25:34:26":2,"b:35:6:35:Infinity:undefined:undefined:undefined:undefined":0,"s:35:6:35:Infinity":5,"s:35:34:35:Infinity":6,"s:38:4:38:Infinity":7,"s:39:4:42:Infinity":8,"f:39:11:39:17":3,"s:40:6:40:Infinity":9,"s:41:6:41:Infinity":10,"s:45:2:141:Infinity":11,"b:110:22:110:Infinity:111:22:111:Infinity":1,"f:128:25:128:31":4,"s:129:18:129:Infinity":12,"s:130:18:130:Infinity":13,"f:145:16:145:40":5,"s:146:26:146:Infinity":14,"s:148:8:150:Infinity":15,"f:148:43:148:49":6,"s:149:4:149:Infinity":16,"s:152:8:154:Infinity":17,"f:152:42:152:43":7,"s:153:4:153:Infinity":18,"s:156:2:167:Infinity":19,"f:156:12:156:18":8,"s:157:34:161:Infinity":20,"f:157:34:157:35":9,"s:158:26:158:Infinity":21,"b:159:6:159:Infinity:undefined:undefined:undefined:undefined":2,"s:159:6:159:Infinity":22,"s:159:31:159:Infinity":23,"s:160:6:160:Infinity":24,"s:163:4:163:Infinity":25,"s:164:4:166:Infinity":26,"f:164:11:164:17":10,"s:165:6:165:Infinity":27,"s:169:8:175:Infinity":28,"f:170:4:170:11":11,"s:170:11:173:Infinity":29,"s:177:2:181:Infinity":30,"b:180:16:180:92:180:92:180:Infinity":3}}}
,"C:\\Users\\dell\\Desktop\\PPORGAMACION\\proyectos de prueva\\Gastro Manager\\src\\react-app\\hooks\\useAdmin.ts": {"path":"C:\\Users\\dell\\Desktop\\PPORGAMACION\\proyectos de prueva\\Gastro Manager\\src\\react-app\\hooks\\useAdmin.ts","statementMap":{"0":{"start":{"line":80,"column":28},"end":{"line":80,"column":null}},"1":{"start":{"line":81,"column":28},"end":{"line":81,"column":null}},"2":{"start":{"line":82,"column":24},"end":{"line":82,"column":null}},"3":{"start":{"line":83,"column":26},"end":{"line":83,"column":null}},"4":{"start":{"line":84,"column":32},"end":{"line":84,"column":null}},"5":{"start":{"line":85,"column":26},"end":{"line":85,"column":null}},"6":{"start":{"line":86,"column":24},"end":{"line":86,"column":null}},"7":{"start":{"line":87,"column":40},"end":{"line":87,"column":null}},"8":{"start":{"line":89,"column":2},"end":{"line":91,"column":null}},"9":{"start":{"line":90,"column":4},"end":{"line":90,"column":null}},"10":{"start":{"line":93,"column":27},"end":{"line":105,"column":null}},"11":{"start":{"line":94,"column":4},"end":{"line":104,"column":null}},"12":{"start":{"line":95,"column":23},"end":{"line":95,"column":null}},"13":{"start":{"line":96,"column":19},"end":{"line":96,"column":null}},"14":{"start":{"line":97,"column":6},"end":{"line":99,"column":null}},"15":{"start":{"line":98,"column":8},"end":{"line":98,"column":null}},"16":{"start":{"line":101,"column":6},"end":{"line":101,"column":null}},"17":{"start":{"line":103,"column":6},"end":{"line":103,"column":null}},"18":{"start":{"line":107,"column":21},"end":{"line":117,"column":null}},"19":{"start":{"line":108,"column":4},"end":{"line":116,"column":null}},"20":{"start":{"line":109,"column":23},"end":{"line":109,"column":null}},"21":{"start":{"line":110,"column":19},"end":{"line":110,"column":null}},"22":{"start":{"line":111,"column":6},"end":{"line":113,"column":null}},"23":{"start":{"line":112,"column":8},"end":{"line":112,"column":null}},"24":{"start":{"line":115,"column":6},"end":{"line":115,"column":null}},"25":{"start":{"line":119,"column":22},"end":{"line":129,"column":null}},"26":{"start":{"line":120,"column":4},"end":{"line":128,"column":null}},"27":{"start":{"line":121,"column":23},"end":{"line":121,"column":null}},"28":{"start":{"line":122,"column":19},"end":{"line":122,"column":null}},"29":{"start":{"line":123,"column":6},"end":{"line":125,"column":null}},"30":{"start":{"line":124,"column":8},"end":{"line":124,"column":null}},"31":{"start":{"line":127,"column":6},"end":{"line":127,"column":null}},"32":{"start":{"line":131,"column":19},"end":{"line":148,"column":null}},"33":{"start":{"line":132,"column":4},"end":{"line":147,"column":null}},"34":{"start":{"line":133,"column":23},"end":{"line":137,"column":null}},"35":{"start":{"line":138,"column":19},"end":{"line":138,"column":null}},"36":{"start":{"line":139,"column":6},"end":{"line":142,"column":null}},"37":{"start":{"line":140,"column":8},"end":{"line":140,"column":null}},"38":{"start":{"line":141,"column":8},"end":{"line":141,"column":null}},"39":{"start":{"line":143,"column":6},"end":{"line":143,"column":null}},"40":{"start":{"line":145,"column":6},"end":{"line":145,"column":null}},"41":{"start":{"line":146,"column":6},"end":{"line":146,"column":null}},"42":{"start":{"line":150,"column":21},"end":{"line":156,"column":null}},"43":{"start":{"line":151,"column":4},"end":{"line":155,"column":null}},"44":{"start":{"line":152,"column":18},"end":{"line":152,"column":null}},"45":{"start":{"line":153,"column":19},"end":{"line":153,"column":null}},"46":{"start":{"line":154,"column":6},"end":{"line":154,"column":null}},"47":{"start":{"line":154,"column":24},"end":{"line":154,"column":null}},"48":{"start":{"line":158,"column":22},"end":{"line":164,"column":null}},"49":{"start":{"line":159,"column":4},"end":{"line":163,"column":null}},"50":{"start":{"line":160,"column":18},"end":{"line":160,"column":null}},"51":{"start":{"line":161,"column":19},"end":{"line":161,"column":null}},"52":{"start":{"line":162,"column":6},"end":{"line":162,"column":null}},"53":{"start":{"line":162,"column":24},"end":{"line":162,"column":null}},"54":{"start":{"line":166,"column":23},"end":{"line":179,"column":null}},"55":{"start":{"line":167,"column":4},"end":{"line":178,"column":null}},"56":{"start":{"line":168,"column":18},"end":{"line":172,"column":null}},"57":{"start":{"line":173,"column":19},"end":{"line":173,"column":null}},"58":{"start":{"line":174,"column":6},"end":{"line":174,"column":null}},"59":{"start":{"line":174,"column":26},"end":{"line":174,"column":47}},"60":{"start":{"line":174,"column":47},"end":{"line":174,"column":73}},"61":{"start":{"line":175,"column":6},"end":{"line":175,"column":null}},"62":{"start":{"line":177,"column":6},"end":{"line":177,"column":null}},"63":{"start":{"line":181,"column":21},"end":{"line":187,"column":null}},"64":{"start":{"line":182,"column":4},"end":{"line":186,"column":null}},"65":{"start":{"line":183,"column":18},"end":{"line":183,"column":null}},"66":{"start":{"line":184,"column":19},"end":{"line":184,"column":null}},"67":{"start":{"line":185,"column":6},"end":{"line":185,"column":null}},"68":{"start":{"line":185,"column":24},"end":{"line":185,"column":null}},"69":{"start":{"line":189,"column":22},"end":{"line":198,"column":null}},"70":{"start":{"line":190,"column":4},"end":{"line":197,"column":null}},"71":{"start":{"line":191,"column":18},"end":{"line":191,"column":null}},"72":{"start":{"line":192,"column":19},"end":{"line":192,"column":null}},"73":{"start":{"line":193,"column":6},"end":{"line":193,"column":null}},"74":{"start":{"line":193,"column":26},"end":{"line":193,"column":46}},"75":{"start":{"line":193,"column":46},"end":{"line":193,"column":72}},"76":{"start":{"line":194,"column":6},"end":{"line":194,"column":null}},"77":{"start":{"line":196,"column":6},"end":{"line":196,"column":null}},"78":{"start":{"line":200,"column":21},"end":{"line":209,"column":null}},"79":{"start":{"line":201,"column":4},"end":{"line":208,"column":null}},"80":{"start":{"line":202,"column":18},"end":{"line":202,"column":null}},"81":{"start":{"line":203,"column":19},"end":{"line":203,"column":null}},"82":{"start":{"line":204,"column":6},"end":{"line":204,"column":null}},"83":{"start":{"line":204,"column":26},"end":{"line":204,"column":46}},"84":{"start":{"line":204,"column":46},"end":{"line":204,"column":72}},"85":{"start":{"line":205,"column":6},"end":{"line":205,"column":null}},"86":{"start":{"line":207,"column":6},"end":{"line":207,"column":null}},"87":{"start":{"line":211,"column":22},"end":{"line":226,"column":null}},"88":{"start":{"line":212,"column":4},"end":{"line":225,"column":null}},"89":{"start":{"line":213,"column":23},"end":{"line":215,"column":null}},"90":{"start":{"line":216,"column":19},"end":{"line":216,"column":null}},"91":{"start":{"line":217,"column":6},"end":{"line":220,"column":null}},"92":{"start":{"line":218,"column":8},"end":{"line":218,"column":null}},"93":{"start":{"line":219,"column":8},"end":{"line":219,"column":null}},"94":{"start":{"line":221,"column":6},"end":{"line":221,"column":null}},"95":{"start":{"line":223,"column":6},"end":{"line":223,"column":null}},"96":{"start":{"line":224,"column":6},"end":{"line":224,"column":null}},"97":{"start":{"line":228,"column":29},"end":{"line":237,"column":null}},"98":{"start":{"line":229,"column":4},"end":{"line":236,"column":null}},"99":{"start":{"line":230,"column":18},"end":{"line":230,"column":null}},"100":{"start":{"line":231,"column":18},"end":{"line":231,"column":null}},"101":{"start":{"line":232,"column":19},"end":{"line":232,"column":null}},"102":{"start":{"line":233,"column":6},"end":{"line":233,"column":null}},"103":{"start":{"line":233,"column":24},"end":{"line":233,"column":null}},"104":{"start":{"line":235,"column":6},"end":{"line":235,"column":null}},"105":{"start":{"line":239,"column":28},"end":{"line":247,"column":null}},"106":{"start":{"line":240,"column":4},"end":{"line":246,"column":null}},"107":{"start":{"line":241,"column":18},"end":{"line":241,"column":null}},"108":{"start":{"line":242,"column":19},"end":{"line":242,"column":null}},"109":{"start":{"line":243,"column":6},"end":{"line":243,"column":null}},"110":{"start":{"line":245,"column":6},"end":{"line":245,"column":null}},"111":{"start":{"line":249,"column":2},"end":{"line":270,"column":null}}},"fnMap":{"0":{"name":"useAdmin","decl":{"start":{"line":79,"column":16},"end":{"line":79,"column":27}},"loc":{"start":{"line":79,"column":27},"end":{"line":271,"column":null}},"line":79},"1":{"name":"(anonymous_1)","decl":{"start":{"line":89,"column":12},"end":{"line":89,"column":18}},"loc":{"start":{"line":89,"column":18},"end":{"line":91,"column":5}},"line":89},"2":{"name":"(anonymous_2)","decl":{"start":{"line":93,"column":27},"end":{"line":93,"column":39}},"loc":{"start":{"line":93,"column":39},"end":{"line":105,"column":null}},"line":93},"3":{"name":"(anonymous_3)","decl":{"start":{"line":107,"column":21},"end":{"line":107,"column":33}},"loc":{"start":{"line":107,"column":33},"end":{"line":117,"column":null}},"line":107},"4":{"name":"(anonymous_4)","decl":{"start":{"line":119,"column":22},"end":{"line":119,"column":34}},"loc":{"start":{"line":119,"column":34},"end":{"line":129,"column":null}},"line":119},"5":{"name":"(anonymous_5)","decl":{"start":{"line":131,"column":19},"end":{"line":131,"column":26}},"loc":{"start":{"line":131,"column":44},"end":{"line":148,"column":null}},"line":131},"6":{"name":"(anonymous_6)","decl":{"start":{"line":150,"column":21},"end":{"line":150,"column":33}},"loc":{"start":{"line":150,"column":33},"end":{"line":156,"column":null}},"line":150},"7":{"name":"(anonymous_7)","decl":{"start":{"line":158,"column":22},"end":{"line":158,"column":34}},"loc":{"start":{"line":158,"column":34},"end":{"line":164,"column":null}},"line":158},"8":{"name":"(anonymous_8)","decl":{"start":{"line":166,"column":23},"end":{"line":166,"column":30}},"loc":{"start":{"line":166,"column":113},"end":{"line":179,"column":null}},"line":166},"9":{"name":"(anonymous_9)","decl":{"start":{"line":181,"column":21},"end":{"line":181,"column":33}},"loc":{"start":{"line":181,"column":33},"end":{"line":187,"column":null}},"line":181},"10":{"name":"(anonymous_10)","decl":{"start":{"line":189,"column":22},"end":{"line":189,"column":29}},"loc":{"start":{"line":189,"column":95},"end":{"line":198,"column":null}},"line":189},"11":{"name":"(anonymous_11)","decl":{"start":{"line":200,"column":21},"end":{"line":200,"column":28}},"loc":{"start":{"line":200,"column":94},"end":{"line":209,"column":null}},"line":200},"12":{"name":"(anonymous_12)","decl":{"start":{"line":211,"column":22},"end":{"line":211,"column":29}},"loc":{"start":{"line":211,"column":44},"end":{"line":226,"column":null}},"line":211},"13":{"name":"(anonymous_13)","decl":{"start":{"line":228,"column":29},"end":{"line":228,"column":36}},"loc":{"start":{"line":228,"column":56},"end":{"line":237,"column":null}},"line":228},"14":{"name":"(anonymous_14)","decl":{"start":{"line":239,"column":28},"end":{"line":239,"column":35}},"loc":{"start":{"line":239,"column":87},"end":{"line":247,"column":null}},"line":239}},"branchMap":{"0":{"loc":{"start":{"line":97,"column":6},"end":{"line":99,"column":null}},"type":"if","locations":[{"start":{"line":97,"column":6},"end":{"line":99,"column":null}},{"start":{},"end":{}}],"line":97},"1":{"loc":{"start":{"line":111,"column":6},"end":{"line":113,"column":null}},"type":"if","locations":[{"start":{"line":111,"column":6},"end":{"line":113,"column":null}},{"start":{},"end":{}}],"line":111},"2":{"loc":{"start":{"line":123,"column":6},"end":{"line":125,"column":null}},"type":"if","locations":[{"start":{"line":123,"column":6},"end":{"line":125,"column":null}},{"start":{},"end":{}}],"line":123},"3":{"loc":{"start":{"line":139,"column":6},"end":{"line":142,"column":null}},"type":"if","locations":[{"start":{"line":139,"column":6},"end":{"line":142,"column":null}},{"start":{},"end":{}}],"line":139},"4":{"loc":{"start":{"line":154,"column":6},"end":{"line":154,"column":null}},"type":"if","locations":[{"start":{"line":154,"column":6},"end":{"line":154,"column":null}},{"start":{},"end":{}}],"line":154},"5":{"loc":{"start":{"line":162,"column":6},"end":{"line":162,"column":null}},"type":"if","locations":[{"start":{"line":162,"column":6},"end":{"line":162,"column":null}},{"start":{},"end":{}}],"line":162},"6":{"loc":{"start":{"line":174,"column":6},"end":{"line":174,"column":null}},"type":"if","locations":[{"start":{"line":174,"column":6},"end":{"line":174,"column":null}},{"start":{},"end":{}}],"line":174},"7":{"loc":{"start":{"line":185,"column":6},"end":{"line":185,"column":null}},"type":"if","locations":[{"start":{"line":185,"column":6},"end":{"line":185,"column":null}},{"start":{},"end":{}}],"line":185},"8":{"loc":{"start":{"line":193,"column":6},"end":{"line":193,"column":null}},"type":"if","locations":[{"start":{"line":193,"column":6},"end":{"line":193,"column":null}},{"start":{},"end":{}}],"line":193},"9":{"loc":{"start":{"line":204,"column":6},"end":{"line":204,"column":null}},"type":"if","locations":[{"start":{"line":204,"column":6},"end":{"line":204,"column":null}},{"start":{},"end":{}}],"line":204},"10":{"loc":{"start":{"line":217,"column":6},"end":{"line":220,"column":null}},"type":"if","locations":[{"start":{"line":217,"column":6},"end":{"line":220,"column":null}},{"start":{},"end":{}}],"line":217},"11":{"loc":{"start":{"line":230,"column":18},"end":{"line":230,"column":null}},"type":"cond-expr","locations":[{"start":{"line":230,"column":27},"end":{"line":230,"column":73}},{"start":{"line":230,"column":73},"end":{"line":230,"column":null}}],"line":230},"12":{"loc":{"start":{"line":233,"column":6},"end":{"line":233,"column":null}},"type":"if","locations":[{"start":{"line":233,"column":6},"end":{"line":233,"column":null}},{"start":{},"end":{}}],"line":233},"13":{"loc":{"start":{"line":243,"column":13},"end":{"line":243,"column":null}},"type":"cond-expr","locations":[{"start":{"line":243,"column":28},"end":{"line":243,"column":40}},{"start":{"line":243,"column":40},"end":{"line":243,"column":null}}],"line":243}},"s":{"0":0,"1":0,"2":0,"3":0,"4":0,"5":0,"6":0,"7":0,"8":0,"9":0,"10":0,"11":0,"12":0,"13":0,"14":0,"15":0,"16":0,"17":0,"18":0,"19":0,"20":0,"21":0,"22":0,"23":0,"24":0,"25":0,"26":0,"27":0,"28":0,"29":0,"30":0,"31":0,"32":0,"33":0,"34":0,"35":0,"36":0,"37":0,"38":0,"39":0,"40":0,"41":0,"42":0,"43":0,"44":0,"45":0,"46":0,"47":0,"48":0,"49":0,"50":0,"51":0,"52":0,"53":0,"54":0,"55":0,"56":0,"57":0,"58":0,"59":0,"60":0,"61":0,"62":0,"63":0,"64":0,"65":0,"66":0,"67":0,"68":0,"69":0,"70":0,"71":0,"72":0,"73":0,"74":0,"75":0,"76":0,"77":0,"78":0,"79":0,"80":0,"81":0,"82":0,"83":0,"84":0,"85":0,"86":0,"87":0,"88":0,"89":0,"90":0,"91":0,"92":0,"93":0,"94":0,"95":0,"96":0,"97":0,"98":0,"99":0,"100":0,"101":0,"102":0,"103":0,"104":0,"105":0,"106":0,"107":0,"108":0,"109":0,"110":0,"111":0},"f":{"0":0,"1":0,"2":0,"3":0,"4":0,"5":0,"6":0,"7":0,"8":0,"9":0,"10":0,"11":0,"12":0,"13":0,"14":0},"b":{"0":[0,0],"1":[0,0],"2":[0,0],"3":[0,0],"4":[0,0],"5":[0,0],"6":[0,0],"7":[0,0],"8":[0,0],"9":[0,0],"10":[0,0],"11":[0,0],"12":[0,0],"13":[0,0]},"meta":{"lastBranch":14,"lastFunction":15,"lastStatement":112,"seen":{"f:79:16:79:27":0,"s:80:28:80:Infinity":0,"s:81:28:81:Infinity":1,"s:82:24:82:Infinity":2,"s:83:26:83:Infinity":3,"s:84:32:84:Infinity":4,"s:85:26:85:Infinity":5,"s:86:24:86:Infinity":6,"s:87:40:87:Infinity":7,"s:89:2:91:Infinity":8,"f:89:12:89:18":1,"s:90:4:90:Infinity":9,"s:93:27:105:Infinity":10,"f:93:27:93:39":2,"s:94:4:104:Infinity":11,"s:95:23:95:Infinity":12,"s:96:19:96:Infinity":13,"b:97:6:99:Infinity:undefined:undefined:undefined:undefined":0,"s:97:6:99:Infinity":14,"s:98:8:98:Infinity":15,"s:101:6:101:Infinity":16,"s:103:6:103:Infinity":17,"s:107:21:117:Infinity":18,"f:107:21:107:33":3,"s:108:4:116:Infinity":19,"s:109:23:109:Infinity":20,"s:110:19:110:Infinity":21,"b:111:6:113:Infinity:undefined:undefined:undefined:undefined":1,"s:111:6:113:Infinity":22,"s:112:8:112:Infinity":23,"s:115:6:115:Infinity":24,"s:119:22:129:Infinity":25,"f:119:22:119:34":4,"s:120:4:128:Infinity":26,"s:121:23:121:Infinity":27,"s:122:19:122:Infinity":28,"b:123:6:125:Infinity:undefined:undefined:undefined:undefined":2,"s:123:6:125:Infinity":29,"s:124:8:124:Infinity":30,"s:127:6:127:Infinity":31,"s:131:19:148:Infinity":32,"f:131:19:131:26":5,"s:132:4:147:Infinity":33,"s:133:23:137:Infinity":34,"s:138:19:138:Infinity":35,"b:139:6:142:Infinity:undefined:undefined:undefined:undefined":3,"s:139:6:142:Infinity":36,"s:140:8:140:Infinity":37,"s:141:8:141:Infinity":38,"s:143:6:143:Infinity":39,"s:145:6:145:Infinity":40,"s:146:6:146:Infinity":41,"s:150:21:156:Infinity":42,"f:150:21:150:33":6,"s:151:4:155:Infinity":43,"s:152:18:152:Infinity":44,"s:153:19:153:Infinity":45,"b:154:6:154:Infinity:undefined:undefined:undefined:undefined":4,"s:154:6:154:Infinity":46,"s:154:24:154:Infinity":47,"s:158:22:164:Infinity":48,"f:158:22:158:34":7,"s:159:4:163:Infinity":49,"s:160:18:160:Infinity":50,"s:161:19:161:Infinity":51,"b:162:6:162:Infinity:undefined:undefined:undefined:undefined":5,"s:162:6:162:Infinity":52,"s:162:24:162:Infinity":53,"s:166:23:179:Infinity":54,"f:166:23:166:30":8,"s:167:4:178:Infinity":55,"s:168:18:172:Infinity":56,"s:173:19:173:Infinity":57,"b:174:6:174:Infinity:undefined:undefined:undefined:undefined":6,"s:174:6:174:Infinity":58,"s:174:26:174:47":59,"s:174:47:174:73":60,"s:175:6:175:Infinity":61,"s:177:6:177:Infinity":62,"s:181:21:187:Infinity":63,"f:181:21:181:33":9,"s:182:4:186:Infinity":64,"s:183:18:183:Infinity":65,"s:184:19:184:Infinity":66,"b:185:6:185:Infinity:undefined:undefined:undefined:undefined":7,"s:185:6:185:Infinity":67,"s:185:24:185:Infinity":68,"s:189:22:198:Infinity":69,"f:189:22:189:29":10,"s:190:4:197:Infinity":70,"s:191:18:191:Infinity":71,"s:192:19:192:Infinity":72,"b:193:6:193:Infinity:undefined:undefined:undefined:undefined":8,"s:193:6:193:Infinity":73,"s:193:26:193:46":74,"s:193:46:193:72":75,"s:194:6:194:Infinity":76,"s:196:6:196:Infinit
[...]
finity":4,"s:71:6:77:Infinity":26,"s:72:8:72:Infinity":27,"s:73:8:73:Infinity":28,"s:75:8:75:Infinity":29,"s:76:8:76:Infinity":30,"s:79:6:79:Infinity":31,"b:79:41:79:55:79:55:79:82":5,"s:80:6:80:Infinity":32,"s:84:21:88:Infinity":33,"f:84:21:84:22":6,"s:85:4:85:Infinity":34,"s:86:4:86:Infinity":35,"s:87:4:87:Infinity":36,"s:90:21:93:Infinity":37,"f:90:21:90:22":7,"s:91:4:91:Infinity":38,"s:92:4:92:Infinity":39,"s:95:29:98:Infinity":40,"f:95:29:95:30":8,"s:96:4:96:Infinity":41,"s:97:4:97:Infinity":42,"s:100:29:119:Infinity":43,"f:100:29:100:36":9,"s:101:4:118:Infinity":44,"s:102:6:114:Infinity":45,"b:105:15:105:33:105:33:105:Infinity":6,"b:106:15:106:33:106:33:106:Infinity":7,"b:107:19:107:41:107:41:107:Infinity":8,"b:109:24:109:51:109:51:109:Infinity":9,"b:110:24:110:51:110:51:110:Infinity":10,"b:112:24:112:51:112:51:112:Infinity":11,"b:113:26:113:55:113:55:113:Infinity":12,"s:115:6:115:Infinity":46,"b:115:31:115:64:115:64:115:96":13,"s:117:6:117:Infinity":47,"b:117:41:117:55:117:55:117:83":14,"s:121:23:131:Infinity":48,"f:121:23:121:30":10,"s:122:4:130:Infinity":49,"s:123:6:123:Infinity":50,"s:124:6:124:Infinity":51,"s:126:6:126:Infinity":52,"b:126:41:126:55:126:55:126:83":15,"s:128:6:128:Infinity":53,"s:129:6:129:Infinity":54,"s:133:23:136:Infinity":55,"f:133:23:133:29":11,"s:134:4:134:Infinity":56,"s:135:4:135:Infinity":57,"b:138:2:144:Infinity:undefined:undefined:undefined:undefined":16,"s:138:2:144:Infinity":58,"s:139:4:142:Infinity":59,"b:146:2:154:Infinity:undefined:undefined:undefined:undefined":17,"s:146:2:154:Infinity":60,"s:147:4:152:Infinity":61,"f:151:25:151:31":12,"s:151:31:151:57":62,"s:156:2:449:Infinity":63,"f:171:21:171:27":13,"s:171:27:171:Infinity":64,"f:192:22:192:23":14,"s:192:29:192:Infinity":65,"b:198:40:198:54:198:54:198:Infinity":18,"f:200:21:200:27":15,"s:200:27:200:Infinity":66,"b:205:43:205:57:205:57:205:Infinity":19,"f:207:21:207:27":16,"s:207:27:207:Infinity":67,"b:212:45:212:59:212:59:212:Infinity":20,"f:214:21:214:27":17,"s:214:27:214:Infinity":68,"b:223:8:352:Infinity:353:10:374:Infinity":21,"f:224:33:224:34":18,"s:225:12:350:Infinity":69,"f:228:23:228:29":19,"s:228:29:228:Infinity":70,"f:237:31:237:32":20,"s:237:38:237:42":71,"f:253:31:253:32":21,"s:253:40:253:61":72,"s:253:61:253:125":73,"b:253:104:253:111:253:111:253:122":22,"b:259:21:259:Infinity:260:22:275:Infinity":23,"f:260:140:260:141":22,"s:260:147:260:Infinity":74,"f:262:35:262:41":23,"s:262:41:262:Infinity":75,"f:269:35:269:41":24,"s:269:41:269:Infinity":76,"b:281:19:281:Infinity:282:20:285:Infinity":24,"b:287:19:287:Infinity:288:20:291:Infinity":25,"f:296:105:296:106":25,"s:296:112:296:Infinity":77,"f:298:31:298:37":26,"s:298:37:298:Infinity":78,"b:301:28:301:Infinity:302:28:302:Infinity":26,"f:308:31:308:37":27,"s:308:37:308:Infinity":79,"b:311:28:311:Infinity:312:28:312:Infinity":27,"f:320:31:320:32":28,"s:320:40:320:61":80,"s:320:61:320:90":81,"b:324:58:324:93:324:93:324:Infinity":28,"b:324:24:324:49:324:49:324:54":29,"b:332:17:332:46:332:46:332:73:332:73:332:99:332:99:332:Infinity:333:18:347:Infinity":30,"b:334:21:334:Infinity:335:22:337:Infinity":31,"b:340:91:340:175:340:175:340:180":32,"b:340:122:340:168:340:168:340:170":33,"b:342:21:342:Infinity:343:22:345:Infinity":34,"b:354:8:368:Infinity:370:8:374:Infinity":35,"f:380:17:380:23":29,"s:381:10:381:Infinity":82,"s:382:10:382:Infinity":83,"f:386:23:386:29":30,"s:387:10:387:Infinity":84,"s:388:10:388:Infinity":85,"f:395:17:395:23":31,"s:396:10:396:Infinity":86,"b:397:10:399:Infinity:undefined:undefined:undefined:undefined":36,"s:397:10:399:Infinity":87,"s:398:12:398:Infinity":88,"b:404:7:404:Infinity:405:8:432:Infinity":37,"f:408:21:408:27":32,"s:408:27:408:Infinity":89,"f:418:25:418:31":33,"s:418:31:418:Infinity":90,"f:425:25:425:31":34,"s:425:31:425:Infinity":91,"f:438:17:438:23":35,"s:438:23:438:Infinity":92,"f:445:17:445:23":36,"s:445:23:445:Infinity":93}}}
,"C:\\Users\\dell\\Desktop\\PPORGAMACION\\proyectos de prueva\\Gastro Manager\\src\\worker\\rateLimitAuth.ts": {"path":"C:\\Users\\dell\\Desktop\\PPORGAMACION\\proyectos de prueva\\Gastro Manager\\src\\worker\\rateLimitAuth.ts","statementMap":{"0":{"start":{"line":8,"column":17},"end":{"line":10,"column":null}},"1":{"start":{"line":10,"column":17},"end":{"line":10,"column":99}},"2":{"start":{"line":10,"column":58},"end":{"line":10,"column":89}},"3":{"start":{"line":11,"column":22},"end":{"line":13,"column":null}},"4":{"start":{"line":14,"column":17},"end":{"line":22,"column":null}},"5":{"start":{"line":23,"column":2},"end":{"line":23,"column":null}}},"fnMap":{"0":{"name":"checkRateLimit","decl":{"start":{"line":1,"column":22},"end":{"line":1,"column":null}},"loc":{"start":{"line":7,"column":20},"end":{"line":24,"column":null}},"line":7},"1":{"name":"(anonymous_1)","decl":{"start":{"line":10,"column":10},"end":{"line":10,"column":11}},"loc":{"start":{"line":10,"column":17},"end":{"line":10,"column":99}},"line":10},"2":{"name":"(anonymous_2)","decl":{"start":{"line":10,"column":51},"end":{"line":10,"column":52}},"loc":{"start":{"line":10,"column":58},"end":{"line":10,"column":89}},"line":10}},"branchMap":{"0":{"loc":{"start":{"line":5,"column":2},"end":{"line":5,"column":null}},"type":"default-arg","locations":[{"start":{"line":5,"column":16},"end":{"line":5,"column":null}}],"line":5},"1":{"loc":{"start":{"line":6,"column":2},"end":{"line":6,"column":null}},"type":"default-arg","locations":[{"start":{"line":6,"column":18},"end":{"line":6,"column":null}}],"line":6},"2":{"loc":{"start":{"line":23,"column":10},"end":{"line":23,"column":33}},"type":"binary-expr","locations":[{"start":{"line":23,"column":10},"end":{"line":23,"column":27}},{"start":{"line":23,"column":27},"end":{"line":23,"column":33}}],"line":23}},"s":{"0":14,"1":14,"2":448,"3":14,"4":14,"5":14},"f":{"0":14,"1":14,"2":448},"b":{"0":[14],"1":[14],"2":[14,1]},"meta":{"lastBranch":3,"lastFunction":3,"lastStatement":6,"seen":{"f:1:22:1:Infinity":0,"b:5:16:5:Infinity":0,"b:6:18:6:Infinity":1,"s:8:17:10:Infinity":0,"f:10:10:10:11":1,"s:10:17:10:99":1,"f:10:51:10:52":2,"s:10:58:10:89":2,"s:11:22:13:Infinity":3,"s:14:17:22:Infinity":4,"s:23:2:23:Infinity":5,"b:23:10:23:27:23:27:23:33":2}}}
,"C:\\Users\\dell\\Desktop\\PPORGAMACION\\proyectos de prueva\\Gastro Manager\\src\\worker\\validation.ts": {"path":"C:\\Users\\dell\\Desktop\\PPORGAMACION\\proyectos de prueva\\Gastro Manager\\src\\worker\\validation.ts","statementMap":{"0":{"start":{"line":4,"column":25},"end":{"line":10,"column":null}},"1":{"start":{"line":5,"column":12},"end":{"line":5,"column":null}},"2":{"start":{"line":6,"column":14},"end":{"line":6,"column":null}},"3":{"start":{"line":7,"column":26},"end":{"line":7,"column":null}},"4":{"start":{"line":8,"column":24},"end":{"line":8,"column":null}},"5":{"start":{"line":9,"column":2},"end":{"line":9,"column":null}},"6":{"start":{"line":12,"column":20},"end":{"line":14,"column":null}},"7":{"start":{"line":13,"column":2},"end":{"line":13,"column":null}},"8":{"start":{"line":17,"column":36},"end":{"line":37,"column":null}},"9":{"start":{"line":24,"column":22},"end":{"line":24,"column":55}},"10":{"start":{"line":39,"column":36},"end":{"line":55,"column":null}},"11":{"start":{"line":46,"column":22},"end":{"line":46,"column":55}},"12":{"start":{"line":58,"column":35},"end":{"line":60,"column":null}},"13":{"start":{"line":63,"column":33},"end":{"line":75,"column":null}},"14":{"start":{"line":67,"column":22},"end":{"line":67,"column":55}},"15":{"start":{"line":72,"column":22},"end":{"line":72,"column":50}},"16":{"start":{"line":77,"column":33},"end":{"line":90,"column":null}},"17":{"start":{"line":82,"column":22},"end":{"line":82,"column":55}},"18":{"start":{"line":87,"column":22},"end":{"line":87,"column":50}},"19":{"start":{"line":93,"column":32},"end":{"line":95,"column":null}},"20":{"start":{"line":97,"column":32},"end":{"line":99,"column":null}},"21":{"start":{"line":102,"column":33},"end":{"line":120,"column":null}},"22":{"start":{"line":107,"column":22},"end":{"line":107,"column":46}},"23":{"start":{"line":110,"column":22},"end":{"line":110,"column":50}},"24":{"start":{"line":115,"column":22},"end":{"line":115,"column":50}},"25":{"start":{"line":122,"column":33},"end":{"line":141,"column":null}},"26":{"start":{"line":127,"column":22},"end":{"line":127,"column":55}},"27":{"start":{"line":131,"column":22},"end":{"line":131,"column":50}},"28":{"start":{"line":136,"column":22},"end":{"line":136,"column":50}},"29":{"start":{"line":144,"column":35},"end":{"line":153,"column":null}},"30":{"start":{"line":150,"column":22},"end":{"line":150,"column":55}},"31":{"start":{"line":156,"column":36},"end":{"line":161,"column":null}},"32":{"start":{"line":159,"column":22},"end":{"line":159,"column":55}},"33":{"start":{"line":164,"column":35},"end":{"line":166,"column":null}},"34":{"start":{"line":170,"column":27},"end":{"line":173,"column":null}},"35":{"start":{"line":175,"column":34},"end":{"line":184,"column":null}},"36":{"start":{"line":176,"column":37},"end":{"line":176,"column":61}},"37":{"start":{"line":186,"column":34},"end":{"line":186,"column":null}},"38":{"start":{"line":189,"column":35},"end":{"line":198,"column":null}},"39":{"start":{"line":200,"column":35},"end":{"line":200,"column":null}},"40":{"start":{"line":203,"column":37},"end":{"line":206,"column":null}},"41":{"start":{"line":208,"column":38},"end":{"line":208,"column":null}},"42":{"start":{"line":216,"column":2},"end":{"line":228,"column":null}},"43":{"start":{"line":217,"column":19},"end":{"line":217,"column":null}},"44":{"start":{"line":218,"column":4},"end":{"line":218,"column":null}},"45":{"start":{"line":220,"column":4},"end":{"line":226,"column":null}},"46":{"start":{"line":221,"column":25},"end":{"line":221,"column":null}},"47":{"start":{"line":222,"column":6},"end":{"line":225,"column":null}},"48":{"start":{"line":227,"column":4},"end":{"line":227,"column":null}}},"fnMap":{"0":{"name":"(anonymous_0)","decl":{"start":{"line":4,"column":25},"end":{"line":4,"column":26}},"loc":{"start":{"line":4,"column":52},"end":{"line":10,"column":null}},"line":4},"1":{"name":"(anonymous_1)","decl":{"start":{"line":12,"column":20},"end":{"line":12,"column":21}},"loc":{"start":{"line":12,"column":47},"end":{"line":14,"column":null}},"line":12},"2":{"name":"(anonymous_2)","decl":{"start":{"line":24,"column":12},"end":{"line":24,"column":13}},"loc":{"start":{"line":24,"column":22},"end":{"line":24,"column":55}},"line":24},"3":{"name":"(anonymous_3)","decl":{"start":{"line":46,"column":12},"end":{"line":46,"column":13}},"loc":{"start":{"line":46,"column":22},"end":{"line":46,"column":55}},"line":46},"4":{"name":"(anonymous_4)","decl":{"start":{"line":67,"column":12},"end":{"line":67,"column":13}},"loc":{"start":{"line":67,"column":22},"end":{"line":67,"column":55}},"line":67},"5":{"name":"(anonymous_5)","decl":{"start":{"line":72,"column":12},"end":{"line":72,"column":13}},"loc":{"start":{"line":72,"column":22},"end":{"line":72,"column":50}},"line":72},"6":{"name":"(anonymous_6)","decl":{"start":{"line":82,"column":12},"end":{"line":82,"column":13}},"loc":{"start":{"line":82,"column":22},"end":{"line":82,"column":55}},"line":82},"7":{"name":"(anonymous_7)","decl":{"start":{"line":87,"column":12},"end":{"line":87,"column":13}},"loc":{"start":{"line":87,"column":22},"end":{"line":87,"column":50}},"line":87},"8":{"name":"(anonymous_8)","decl":{"start":{"line":107,"column":12},"end":{"line":107,"column":13}},"loc":{"start":{"line":107,"column":22},"end":{"line":107,"column":46}},"line":107},"9":{"name":"(anonymous_9)","decl":{"start":{"line":110,"column":12},"end":{"line":110,"column":13}},"loc":{"start":{"line":110,"column":22},"end":{"line":110,"column":50}},"line":110},"10":{"name":"(anonymous_10)","decl":{"start":{"line":115,"column":12},"end":{"line":115,"column":13}},"loc":{"start":{"line":115,"column":22},"end":{"line":115,"column":50}},"line":115},"11":{"name":"(anonymous_11)","decl":{"start":{"line":127,"column":12},"end":{"line":127,"column":13}},"loc":{"start":{"line":127,"column":22},"end":{"line":127,"column":55}},"line":127},"12":{"name":"(anonymous_12)","decl":{"start":{"line":131,"column":12},"end":{"line":131,"column":13}},"loc":{"start":{"line":131,"column":22},"end":{"line":131,"column":50}},"line":131},"13":{"name":"(anonymous_13)","decl":{"start":{"line":136,"column":12},"end":{"line":136,"column":13}},"loc":{"start":{"line":136,"column":22},"end":{"line":136,"column":50}},"line":136},"14":{"name":"(anonymous_14)","decl":{"start":{"line":150,"column":12},"end":{"line":150,"column":13}},"loc":{"start":{"line":150,"column":22},"end":{"line":150,"column":55}},"line":150},"15":{"name":"(anonymous_15)","decl":{"start":{"line":159,"column":12},"end":{"line":159,"column":13}},"loc":{"start":{"line":159,"column":22},"end":{"line":159,"column":55}},"line":159},"16":{"name":"(anonymous_16)","decl":{"start":{"line":176,"column":27},"end":{"line":176,"column":28}},"loc":{"start":{"line":176,"column":37},"end":{"line":176,"column":61}},"line":176},"17":{"name":"validateData","decl":{"start":{"line":211,"column":16},"end":{"line":211,"column":32}},"loc":{"start":{"line":215,"column":2},"end":{"line":229,"column":null}},"line":215}},"branchMap":{"0":{"loc":{"start":{"line":9,"column":9},"end":{"line":9,"column":null}},"type":"binary-expr","locations":[{"start":{"line":9,"column":9},"end":{"line":9,"column":33}},{"start":{"line":9,"column":33},"end":{"line":9,"column":null}}],"line":9},"1":{"loc":{"start":{"line":24,"column":22},"end":{"line":24,"column":55}},"type":"binary-expr","locations":[{"start":{"line":24,"column":22},"end":{"line":24,"column":31}},{"start":{"line":24,"column":31},"end":{"line":24,"column":55}}],"line":24},"2":{"loc":{"start":{"line":46,"column":22},"end":{"line":46,"column":55}},"type":"binary-expr","locations":[{"start":{"line":46,"column":22},"end":{"line":46,"column":31}},{"start":{"line":46,"column":31},"end":{"line":46,"column":55}}],"line":46},"3":{"loc":{"start":{"line":67,"column":22},"end":{"line":67,"column":55}},"type":"binary-expr","locations":[{"start":{"line":67,"column":22},"end":{"line":67,"column":31}},{"start":{"line":67,"column":31},"end":{"line":67,"column":55}}],"line":67},"4":{"loc":{"start":{"line":72,"column":22},"end":{"line":72,"column":50}},"type":"binary-expr","locations":[{"start":{"line":72,"column":22},"end":{"line":72,"column":31}},{"start":{"line":72,"column":31},"end":{"line":72,"column":50}}],"line":72},"5":{"loc":{"start":{"line":82,"column":22},"end":{"line":82,"column":55}},"type":"binary-expr","locations":[{"start":{"line":82,"column":22},"end":{"line":82,"column":31}},{"start":{"line":82,"column":31},"end":{"line":82,"column":55}}],"line":82},"6":{"loc":{"start":{"line":87,"column":22},"end":{"line":87,"column":50}},"type":"binary-expr","locations":[{"start":{"line":87,"column":22},"end":{"line":87,"column":31}},{"start":{"line":87,"column":31},"end":{"line":87,"column":50}}],"line":87},"7":{"loc":{"start":{"line":110,"column":22},"end":{"line":110,"column":50}},"type":"binary-expr","locations":[{"start":{"line":110,"column":22},"end":{"line":110,"column":31}},{"start":{"line":110,"column":31},"end":{"line":110,"column":50}}],"line":110},"8":{"loc":{"start":{"line":115,"column":22},"end":{"line":115,"column":50}},"type":"binary-expr","locations":[{"start":{"line":115,"column":22},"end":{"line":115,"column":31}},{"start":{"line":115,"column":31},"end":{"line":115,"column":50}}],"line":115},"9":{"loc":{"start":{"line":127,"column":22},"end":{"line":127,"column":55}},"type":"binary-expr","locations":[{"start":{"line":127,"column":22},"end":{"line":127,"column":31}},{"start":{"line":127,"column":31},"end":{"line":127,"column":55}}],"line":127},"10":{"loc":{"start":{"line":131,"column":22},"end":{"line":131,"column":50}},"type":"binary-expr","locations":[{"start":{"line":131,"column":22},"end":{"line":131,"column":31}},{"start":{"line":131,"column":31},"end":{"line":131,"column":50}}],"line":131},"11":{"loc":{"start":{"line":136,"column":22},"end":{"line":136,"column":50}},"type":"binary-expr","locations":[{"start":{"line":136,"column":22},"end":{"line":136,"column":31}},{"start":{"line":136,"column":31},"end":{"line":136,"column":50}}],"line":136},"12":{"loc":{"start":{"line":150,"column":22},"end":{"line":150,"column":55}},"type":"binary-expr","locations":[{"start":{"line":150,"column":22},"end":{"line":150,"column":31}},{"start":{"line":150,"column":31},"end":{"line":150,"column":55}}],"line":150},"13":{"loc":{"start":{"line":159,"column":22},"end":{"line":159,"column":55}},"type":"binary-expr","locations":[{"start":{"line":159,"column":22},"end":{"line":159,"column":31}},{"start":{"line":159,"column":31},"end":{"line":159,"column":55}}],"line":159},"14":{"loc":{"start":{"line":220,"column":4},"end":{"line":226,"column":null}},"type":"if","locations":[{"start":{"line":220,"column":4},"end":{"line":226,"column":null}},{"start":{},"end":{}}],"line":220},"15":{"loc":{"start":{"line":224,"column":15},"end":{"line":224,"column":null}},"type":"binary-expr","locations":[{"start":{"line":224,"column":15},"end":{"line":224,"column":38}},{"start":{"line":224,"column":38},"end":{"line":224,"column":null}}],"line":224}},"s":{"0":1,"1":22,"2":22,"3":22,"4":22,"5":22,"6":1,"7":10,"8":1,"9":1,"10":1,"11":1,"12":1,"13":1,"14":2,"15":3,"16":1,"17":1,"18":1,"19":1,"20":1,"21":1,"22":6,"23":2,"24":2,"25":1,"26":1,"27":1,"28":1,"29":1,"30":2,"31":1,"32":2,"33":1,"34":1,"35":1,"36":6,"37":1,"38":1,"39":1,"40":1,"41":1,"42":4,"43":4,"44":4,"45":3,"46":2,"47":2,"48":1},"f":{"0":22,"1":10,"2":1,"3":1,"4":2,"5":3,"6":1,"7":1,"8":6,"9":2,"10":2,"11":1,"12":1,"13":1,"14":2,"15":2,"16":6,"17":4},"b":{"0":[22,18],"1":[1,1],"2":[1,1],"3":[2,2],"4":[3,3],"5":[1,1],"6":[1,1],"7":[2,2],"8":[2,2],"9":[1,1],"10":[1,1],"11":[1,1],"12":[2,2],"13":[2,2],"14":[2,1],"15":[2,1]},"meta":{"lastBranch":16,"lastFunction":18,"lastStatement":49,"seen":{"s:4:25:10:Infinity":0,"f:4:25:4:26":0,"s:5:12:5:Infinity":1,"s:6:14:6:Infinity":2,"s:7:26:7:Infinity":3,"s:8:24:8:Infinity":4,"s:9:2:9:Infinity":5,"b:9:9:9:33:9:33:9:Infinity":0,"s:12:20:14:Infinity":6,"f:12:20:12:21":1,"s:13:2:13:Infinity":7,"s:17:36:37:Infinity":8,"f:24:12:24:13":2,"s:24:22:24:55":9,"b:24:22:24:31:24:31:24:55":1,"s:39:36:55:Infinity":10,"f:46:12:46:13":3,"s:46:22:46:55":11,"b:46:22:46:31:46:31:46:55":2,"s:58:35:60:Infinity":12,"s:63:33:75:Infinity":13,"f:67:12:67:13":4,"s:67:22:67:55":14,"b:67:22:67:31:67:31:67:55":3,"f:72:12:72:13":5,"s:72:22:72:50":15,"b:72:22:72:31:72:31:72:50":4,"s:77:33:90:Infinity":16,"f:82:12:82:13":6,"s:82:22:82:55":17,"b:82:22:82:31:82:31:82:55":5,"f:87:12:87:13":7,"s:87:22:87:50":18,"b:87:22:87:31:87:31:87:50":6,"s:93:32:95:Infinity":19,"s:97:32:99:Infinity":20,"s:102:33:120:Infinity":21,"f:107:12:107:13":8,"s:107:22:107:46":22,"f:110:12:110:13":9,"s:110:22:110:50":23,"b:110:22:110:31:110:31:110:50":7,"f:115:12:115:13":10,"s:115:22:115:50":24,"b:115:22:115:31:115:31:115:50":8,"s:122:33:141:Infinity":25,"f:127:12:127:13":11,"s:127:22:127:55":26,"b:127:22:127:31:127:31:127:55":9,"f:131:12:131:13":12,"s:131:22:131:50":27,"b:131:22:131:31:131:31:131:50":10,"f:136:12:136:13":13,"s:136:22:136:50":28,"b:136:22:136:31:136:31:136:50":11,"s:144:35:153:Infinity":29,"f:150:12:150:13":14,"s:150:22:150:55":30,"b:150:22:150:31:150:31:150:55":12,"s:156:36:161:Infinity":31,"f:159:12:159:13":15,"s:159:22:159:55":32,"b:159:22:159:31:159:31:159:55":13,"s:164:35:166:Infinity":33,"s:170:27:173:Infinity":34,"s:175:34:184:Infinity":35,"f:176:27:176:28":16,"s:176:37:176:61":36,"s:186:34:186:Infinity":37,"s:189:35:198:Infinity":38,"s:200:35:200:Infinity":39,"s:203:37:206:Infinity":40,"s:208:38:208:Infinity":41,"f:211:16:211:32":17,"s:216:2:228:Infinity":42,"s:217:19:217:Infinity":43,"s:218:4:218:Infinity":44,"b:220:4:226:Infinity:undefined:undefined:undefined:undefined":14,"s:220:4:226:Infinity":45,"s:221:25:221:Infinity":46,"s:222:6:225:Infinity":47,"b:224:15:224:38:224:38:224:Infinity":15,"s:227:4:227:Infinity":48}}}
}
